<?xml version="1.0" encoding="UTF-8"?>
<testsuite name="com.example.demo.service.JavaMailSenderTest" tests="5" skipped="1" failures="0" errors="0" timestamp="2020-07-10T00:16:51" hostname="matsushitashunnoMacBook-Pro.local" time="0.116">
  <properties/>
  <testcase name="testSendAndReceive()" classname="com.example.demo.service.JavaMailSenderTest" time="0.0">
    <skipped/>
  </testcase>
  <testcase name="exceptionTest()" classname="com.example.demo.service.JavaMailSenderTest" time="0.061"/>
  <testcase name="exvenTrue(int)[1]" classname="com.example.demo.service.JavaMailSenderTest" time="0.018"/>
  <testcase name="exvenTrue(int)[2]" classname="com.example.demo.service.JavaMailSenderTest" time="0.005"/>
  <testcase name="exvenTrue(int)[3]" classname="com.example.demo.service.JavaMailSenderTest" time="0.005"/>
  <system-out><![CDATA[2020-07-10 09:16:50.587  INFO 23769 --- [    Test worker] .b.t.c.SpringBootTestContextBootstrapper : Neither @ContextConfiguration nor @ContextHierarchy found for test class [com.example.demo.service.JavaMailSenderTest], using SpringBootContextLoader
2020-07-10 09:16:50.588  INFO 23769 --- [    Test worker] o.s.t.c.support.AbstractContextLoader    : Could not detect default resource locations for test class [com.example.demo.service.JavaMailSenderTest]: no resource found for suffixes {-context.xml, Context.groovy}.
2020-07-10 09:16:50.588  INFO 23769 --- [    Test worker] t.c.s.AnnotationConfigContextLoaderUtils : Could not detect default configuration classes for test class [com.example.demo.service.JavaMailSenderTest]: JavaMailSenderTest does not declare any static, non-private, non-final, nested classes annotated with @Configuration.
2020-07-10 09:16:50.593  INFO 23769 --- [    Test worker] .b.t.c.SpringBootTestContextBootstrapper : Found @SpringBootConfiguration com.example.demo.TaskManagementAppApplication for test class com.example.demo.service.JavaMailSenderTest
2020-07-10 09:16:50.594  INFO 23769 --- [    Test worker] .b.t.c.SpringBootTestContextBootstrapper : Loaded default TestExecutionListener class names from location [META-INF/spring.factories]: [org.springframework.security.test.context.support.WithSecurityContextTestExecutionListener, org.springframework.security.test.context.support.ReactorContextTestExecutionListener, org.springframework.boot.test.autoconfigure.restdocs.RestDocsTestExecutionListener, org.springframework.boot.test.autoconfigure.web.client.MockRestServiceServerResetTestExecutionListener, org.springframework.boot.test.autoconfigure.web.servlet.MockMvcPrintOnlyOnFailureTestExecutionListener, org.springframework.boot.test.autoconfigure.web.servlet.WebDriverTestExecutionListener, org.springframework.boot.test.mock.mockito.MockitoTestExecutionListener, org.springframework.boot.test.mock.mockito.ResetMocksTestExecutionListener, org.springframework.test.context.web.ServletTestExecutionListener, org.springframework.test.context.support.DirtiesContextBeforeModesTestExecutionListener, org.springframework.test.context.support.DependencyInjectionTestExecutionListener, org.springframework.test.context.support.DirtiesContextTestExecutionListener, org.springframework.test.context.transaction.TransactionalTestExecutionListener, org.springframework.test.context.jdbc.SqlScriptsTestExecutionListener, org.springframework.test.context.event.EventPublishingTestExecutionListener]
2020-07-10 09:16:50.595  INFO 23769 --- [    Test worker] .b.t.c.SpringBootTestContextBootstrapper : Using TestExecutionListeners: [org.springframework.test.context.web.ServletTestExecutionListener@61fe530a, org.springframework.test.context.support.DirtiesContextBeforeModesTestExecutionListener@7e1c765, org.springframework.boot.test.mock.mockito.MockitoTestExecutionListener@15e70967, org.springframework.boot.test.autoconfigure.SpringBootDependencyInjectionTestExecutionListener@370c9f7a, org.springframework.test.context.support.DirtiesContextTestExecutionListener@24f9fc92, org.springframework.test.context.transaction.TransactionalTestExecutionListener@2d2add87, org.springframework.test.context.jdbc.SqlScriptsTestExecutionListener@ab5574, org.springframework.security.test.context.support.WithSecurityContextTestExecutionListener@530ffd54, org.springframework.test.context.event.EventPublishingTestExecutionListener@387996cb, org.springframework.security.test.context.support.ReactorContextTestExecutionListener@4344a2a6, org.springframework.boot.test.autoconfigure.restdocs.RestDocsTestExecutionListener@199e5f4f, org.springframework.boot.test.autoconfigure.web.client.MockRestServiceServerResetTestExecutionListener@35d7f475, org.springframework.boot.test.autoconfigure.web.servlet.MockMvcPrintOnlyOnFailureTestExecutionListener@416cf3ca, org.springframework.boot.test.autoconfigure.web.servlet.WebDriverTestExecutionListener@275b38d3, org.springframework.boot.test.mock.mockito.ResetMocksTestExecutionListener@4c547f50]

  .   ____          _            __ _ _
 /\\ / ___'_ __ _ _(_)_ __  __ _ \ \ \ \
( ( )\___ | '_ | '_| | '_ \/ _` | \ \ \ \
 \\/  ___)| |_)| | | | | || (_| |  ) ) ) )
  '  |____| .__|_| |_|_| |_\__, | / / / /
 =========|_|==============|___/=/_/_/_/
 :: Spring Boot ::        (v2.2.6.RELEASE)

2020-07-10 09:16:50.611  INFO 23769 --- [    Test worker] c.e.demo.service.JavaMailSenderTest      : Starting JavaMailSenderTest on matsushitashunnoMacBook-Pro.local with PID 23769 (started by matsushitashun in /Users/matsushitashun/git/TaskManagement/TaskManagementApp)
2020-07-10 09:16:50.612  INFO 23769 --- [    Test worker] c.e.demo.service.JavaMailSenderTest      : No active profile set, falling back to default profiles: default
2020-07-10 09:16:50.859  INFO 23769 --- [    Test worker] com.zaxxer.hikari.HikariDataSource       : HikariPool-15 - Starting...
2020-07-10 09:16:50.860  INFO 23769 --- [    Test worker] com.zaxxer.hikari.HikariDataSource       : HikariPool-15 - Start completed.
2020-07-10 09:16:50.975  INFO 23769 --- [    Test worker] o.s.s.concurrent.ThreadPoolTaskExecutor  : Initializing ExecutorService 'taskExecutor'
2020-07-10 09:16:51.113  INFO 23769 --- [    Test worker] o.s.b.a.w.s.WelcomePageHandlerMapping    : Adding welcome page template: index
2020-07-10 09:16:51.227  INFO 23769 --- [    Test worker] o.s.s.web.DefaultSecurityFilterChain     : Creating filter chain: Ant [pattern='/js/**'], []
2020-07-10 09:16:51.228  INFO 23769 --- [    Test worker] o.s.s.web.DefaultSecurityFilterChain     : Creating filter chain: Ant [pattern='/css/**'], []
2020-07-10 09:16:51.228  INFO 23769 --- [    Test worker] o.s.s.web.DefaultSecurityFilterChain     : Creating filter chain: Ant [pattern='/static/**'], []
2020-07-10 09:16:51.289  INFO 23769 --- [    Test worker] o.s.s.web.DefaultSecurityFilterChain     : Creating filter chain: any request, [org.springframework.security.web.context.request.async.WebAsyncManagerIntegrationFilter@232b174e, org.springframework.security.web.context.SecurityContextPersistenceFilter@1e58c034, org.springframework.security.web.header.HeaderWriterFilter@3154df78, org.springframework.security.web.csrf.CsrfFilter@627a65b4, org.springframework.security.web.authentication.logout.LogoutFilter@54073068, org.springframework.security.web.authentication.UsernamePasswordAuthenticationFilter@79018899, org.springframework.security.web.session.ConcurrentSessionFilter@27744d7a, org.springframework.security.web.savedrequest.RequestCacheAwareFilter@9606398, org.springframework.security.web.servletapi.SecurityContextHolderAwareRequestFilter@99c9b68, org.springframework.security.web.authentication.rememberme.RememberMeAuthenticationFilter@52cda4e7, org.springframework.security.web.authentication.AnonymousAuthenticationFilter@579cbaa5, org.springframework.security.web.session.SessionManagementFilter@1692cdd9, org.springframework.security.web.access.ExceptionTranslationFilter@3e70fcbc, org.springframework.security.web.access.intercept.FilterSecurityInterceptor@76905a74]
2020-07-10 09:16:51.349  INFO 23769 --- [    Test worker] s.a.ScheduledAnnotationBeanPostProcessor : No TaskScheduler/ScheduledExecutorService bean found for scheduled processing
2020-07-10 09:16:51.350  INFO 23769 --- [    Test worker] c.e.demo.service.JavaMailSenderTest      : Started JavaMailSenderTest in 0.753 seconds (JVM running for 488.031)
2020-07-10 09:16:51.356  INFO 23769 --- [    Test worker] o.s.t.c.transaction.TransactionContext   : Began transaction (1) for test context [DefaultTestContext@750541df testClass = JavaMailSenderTest, testInstance = com.example.demo.service.JavaMailSenderTest@6028de85, testMethod = exceptionTest@JavaMailSenderTest, testException = [null], mergedContextConfiguration = [WebMergedContextConfiguration@2d78d12d testClass = JavaMailSenderTest, locations = '{}', classes = '{class com.example.demo.TaskManagementAppApplication}', contextInitializerClasses = '[]', activeProfiles = '{}', propertySourceLocations = '{classpath:/test.properties}', propertySourceProperties = '{org.springframework.boot.test.context.SpringBootTestContextBootstrapper=true}', contextCustomizers = set[org.springframework.boot.test.autoconfigure.properties.PropertyMappingContextCustomizer@0, org.springframework.boot.test.autoconfigure.web.servlet.WebDriverContextCustomizerFactory$Customizer@2dfc507e, org.springframework.boot.test.context.filter.ExcludeFilterContextCustomizer@2be5f77a, org.springframework.boot.test.json.DuplicateJsonObjectContextCustomizerFactory$DuplicateJsonObjectContextCustomizer@6a7ba9b3, org.springframework.boot.test.mock.mockito.MockitoContextCustomizer@0, org.springframework.boot.test.web.client.TestRestTemplateContextCustomizer@1150b04d], resourceBasePath = 'src/main/webapp', contextLoader = 'org.springframework.boot.test.context.SpringBootContextLoader', parent = [null]], attributes = map['org.springframework.test.context.web.ServletTestExecutionListener.activateListener' -> true, 'org.springframework.test.context.web.ServletTestExecutionListener.populatedRequestContextHolder' -> true, 'org.springframework.test.context.web.ServletTestExecutionListener.resetRequestContextHolder' -> true]]; transaction manager [org.springframework.jdbc.datasource.DataSourceTransactionManager@567221cc]; rollback [true]
2020-07-10 09:16:51.416  INFO 23769 --- [    Test worker] o.s.t.c.transaction.TransactionContext   : Rolled back transaction for test: [DefaultTestContext@750541df testClass = JavaMailSenderTest, testInstance = com.example.demo.service.JavaMailSenderTest@6028de85, testMethod = exceptionTest@JavaMailSenderTest, testException = [null], mergedContextConfiguration = [WebMergedContextConfiguration@2d78d12d testClass = JavaMailSenderTest, locations = '{}', classes = '{class com.example.demo.TaskManagementAppApplication}', contextInitializerClasses = '[]', activeProfiles = '{}', propertySourceLocations = '{classpath:/test.properties}', propertySourceProperties = '{org.springframework.boot.test.context.SpringBootTestContextBootstrapper=true}', contextCustomizers = set[org.springframework.boot.test.autoconfigure.properties.PropertyMappingContextCustomizer@0, org.springframework.boot.test.autoconfigure.web.servlet.WebDriverContextCustomizerFactory$Customizer@2dfc507e, org.springframework.boot.test.context.filter.ExcludeFilterContextCustomizer@2be5f77a, org.springframework.boot.test.json.DuplicateJsonObjectContextCustomizerFactory$DuplicateJsonObjectContextCustomizer@6a7ba9b3, org.springframework.boot.test.mock.mockito.MockitoContextCustomizer@0, org.springframework.boot.test.web.client.TestRestTemplateContextCustomizer@1150b04d], resourceBasePath = 'src/main/webapp', contextLoader = 'org.springframework.boot.test.context.SpringBootContextLoader', parent = [null]], attributes = map['org.springframework.test.context.web.ServletTestExecutionListener.activateListener' -> true, 'org.springframework.test.context.web.ServletTestExecutionListener.populatedRequestContextHolder' -> true, 'org.springframework.test.context.web.ServletTestExecutionListener.resetRequestContextHolder' -> true]]
2020-07-10 09:16:51.437  INFO 23769 --- [    Test worker] o.s.t.c.transaction.TransactionContext   : Began transaction (1) for test context [DefaultTestContext@750541df testClass = JavaMailSenderTest, testInstance = com.example.demo.service.JavaMailSenderTest@3887bd58, testMethod = exvenTrue@JavaMailSenderTest, testException = [null], mergedContextConfiguration = [WebMergedContextConfiguration@2d78d12d testClass = JavaMailSenderTest, locations = '{}', classes = '{class com.example.demo.TaskManagementAppApplication}', contextInitializerClasses = '[]', activeProfiles = '{}', propertySourceLocations = '{classpath:/test.properties}', propertySourceProperties = '{org.springframework.boot.test.context.SpringBootTestContextBootstrapper=true}', contextCustomizers = set[org.springframework.boot.test.autoconfigure.properties.PropertyMappingContextCustomizer@0, org.springframework.boot.test.autoconfigure.web.servlet.WebDriverContextCustomizerFactory$Customizer@2dfc507e, org.springframework.boot.test.context.filter.ExcludeFilterContextCustomizer@2be5f77a, org.springframework.boot.test.json.DuplicateJsonObjectContextCustomizerFactory$DuplicateJsonObjectContextCustomizer@6a7ba9b3, org.springframework.boot.test.mock.mockito.MockitoContextCustomizer@0, org.springframework.boot.test.web.client.TestRestTemplateContextCustomizer@1150b04d], resourceBasePath = 'src/main/webapp', contextLoader = 'org.springframework.boot.test.context.SpringBootContextLoader', parent = [null]], attributes = map['org.springframework.test.context.web.ServletTestExecutionListener.activateListener' -> true, 'org.springframework.test.context.web.ServletTestExecutionListener.populatedRequestContextHolder' -> true, 'org.springframework.test.context.web.ServletTestExecutionListener.resetRequestContextHolder' -> true]]; transaction manager [org.springframework.jdbc.datasource.DataSourceTransactionManager@567221cc]; rollback [true]
2020-07-10 09:16:51.454  INFO 23769 --- [    Test worker] o.s.t.c.transaction.TransactionContext   : Rolled back transaction for test: [DefaultTestContext@750541df testClass = JavaMailSenderTest, testInstance = com.example.demo.service.JavaMailSenderTest@3887bd58, testMethod = exvenTrue@JavaMailSenderTest, testException = [null], mergedContextConfiguration = [WebMergedContextConfiguration@2d78d12d testClass = JavaMailSenderTest, locations = '{}', classes = '{class com.example.demo.TaskManagementAppApplication}', contextInitializerClasses = '[]', activeProfiles = '{}', propertySourceLocations = '{classpath:/test.properties}', propertySourceProperties = '{org.springframework.boot.test.context.SpringBootTestContextBootstrapper=true}', contextCustomizers = set[org.springframework.boot.test.autoconfigure.properties.PropertyMappingContextCustomizer@0, org.springframework.boot.test.autoconfigure.web.servlet.WebDriverContextCustomizerFactory$Customizer@2dfc507e, org.springframework.boot.test.context.filter.ExcludeFilterContextCustomizer@2be5f77a, org.springframework.boot.test.json.DuplicateJsonObjectContextCustomizerFactory$DuplicateJsonObjectContextCustomizer@6a7ba9b3, org.springframework.boot.test.mock.mockito.MockitoContextCustomizer@0, org.springframework.boot.test.web.client.TestRestTemplateContextCustomizer@1150b04d], resourceBasePath = 'src/main/webapp', contextLoader = 'org.springframework.boot.test.context.SpringBootContextLoader', parent = [null]], attributes = map['org.springframework.test.context.web.ServletTestExecutionListener.activateListener' -> true, 'org.springframework.test.context.web.ServletTestExecutionListener.populatedRequestContextHolder' -> true, 'org.springframework.test.context.web.ServletTestExecutionListener.resetRequestContextHolder' -> true]]
2020-07-10 09:16:51.460  INFO 23769 --- [    Test worker] o.s.t.c.transaction.TransactionContext   : Began transaction (1) for test context [DefaultTestContext@750541df testClass = JavaMailSenderTest, testInstance = com.example.demo.service.JavaMailSenderTest@40c556e1, testMethod = exvenTrue@JavaMailSenderTest, testException = [null], mergedContextConfiguration = [WebMergedContextConfiguration@2d78d12d testClass = JavaMailSenderTest, locations = '{}', classes = '{class com.example.demo.TaskManagementAppApplication}', contextInitializerClasses = '[]', activeProfiles = '{}', propertySourceLocations = '{classpath:/test.properties}', propertySourceProperties = '{org.springframework.boot.test.context.SpringBootTestContextBootstrapper=true}', contextCustomizers = set[org.springframework.boot.test.autoconfigure.properties.PropertyMappingContextCustomizer@0, org.springframework.boot.test.autoconfigure.web.servlet.WebDriverContextCustomizerFactory$Customizer@2dfc507e, org.springframework.boot.test.context.filter.ExcludeFilterContextCustomizer@2be5f77a, org.springframework.boot.test.json.DuplicateJsonObjectContextCustomizerFactory$DuplicateJsonObjectContextCustomizer@6a7ba9b3, org.springframework.boot.test.mock.mockito.MockitoContextCustomizer@0, org.springframework.boot.test.web.client.TestRestTemplateContextCustomizer@1150b04d], resourceBasePath = 'src/main/webapp', contextLoader = 'org.springframework.boot.test.context.SpringBootContextLoader', parent = [null]], attributes = map['org.springframework.test.context.web.ServletTestExecutionListener.activateListener' -> true, 'org.springframework.test.context.web.ServletTestExecutionListener.populatedRequestContextHolder' -> true, 'org.springframework.test.context.web.ServletTestExecutionListener.resetRequestContextHolder' -> true]]; transaction manager [org.springframework.jdbc.datasource.DataSourceTransactionManager@567221cc]; rollback [true]
2020-07-10 09:16:51.463  INFO 23769 --- [    Test worker] o.s.t.c.transaction.TransactionContext   : Rolled back transaction for test: [DefaultTestContext@750541df testClass = JavaMailSenderTest, testInstance = com.example.demo.service.JavaMailSenderTest@40c556e1, testMethod = exvenTrue@JavaMailSenderTest, testException = [null], mergedContextConfiguration = [WebMergedContextConfiguration@2d78d12d testClass = JavaMailSenderTest, locations = '{}', classes = '{class com.example.demo.TaskManagementAppApplication}', contextInitializerClasses = '[]', activeProfiles = '{}', propertySourceLocations = '{classpath:/test.properties}', propertySourceProperties = '{org.springframework.boot.test.context.SpringBootTestContextBootstrapper=true}', contextCustomizers = set[org.springframework.boot.test.autoconfigure.properties.PropertyMappingContextCustomizer@0, org.springframework.boot.test.autoconfigure.web.servlet.WebDriverContextCustomizerFactory$Customizer@2dfc507e, org.springframework.boot.test.context.filter.ExcludeFilterContextCustomizer@2be5f77a, org.springframework.boot.test.json.DuplicateJsonObjectContextCustomizerFactory$DuplicateJsonObjectContextCustomizer@6a7ba9b3, org.springframework.boot.test.mock.mockito.MockitoContextCustomizer@0, org.springframework.boot.test.web.client.TestRestTemplateContextCustomizer@1150b04d], resourceBasePath = 'src/main/webapp', contextLoader = 'org.springframework.boot.test.context.SpringBootContextLoader', parent = [null]], attributes = map['org.springframework.test.context.web.ServletTestExecutionListener.activateListener' -> true, 'org.springframework.test.context.web.ServletTestExecutionListener.populatedRequestContextHolder' -> true, 'org.springframework.test.context.web.ServletTestExecutionListener.resetRequestContextHolder' -> true]]
2020-07-10 09:16:51.466  INFO 23769 --- [    Test worker] o.s.t.c.transaction.TransactionContext   : Began transaction (1) for test context [DefaultTestContext@750541df testClass = JavaMailSenderTest, testInstance = com.example.demo.service.JavaMailSenderTest@5b271890, testMethod = exvenTrue@JavaMailSenderTest, testException = [null], mergedContextConfiguration = [WebMergedContextConfiguration@2d78d12d testClass = JavaMailSenderTest, locations = '{}', classes = '{class com.example.demo.TaskManagementAppApplication}', contextInitializerClasses = '[]', activeProfiles = '{}', propertySourceLocations = '{classpath:/test.properties}', propertySourceProperties = '{org.springframework.boot.test.context.SpringBootTestContextBootstrapper=true}', contextCustomizers = set[org.springframework.boot.test.autoconfigure.properties.PropertyMappingContextCustomizer@0, org.springframework.boot.test.autoconfigure.web.servlet.WebDriverContextCustomizerFactory$Customizer@2dfc507e, org.springframework.boot.test.context.filter.ExcludeFilterContextCustomizer@2be5f77a, org.springframework.boot.test.json.DuplicateJsonObjectContextCustomizerFactory$DuplicateJsonObjectContextCustomizer@6a7ba9b3, org.springframework.boot.test.mock.mockito.MockitoContextCustomizer@0, org.springframework.boot.test.web.client.TestRestTemplateContextCustomizer@1150b04d], resourceBasePath = 'src/main/webapp', contextLoader = 'org.springframework.boot.test.context.SpringBootContextLoader', parent = [null]], attributes = map['org.springframework.test.context.web.ServletTestExecutionListener.activateListener' -> true, 'org.springframework.test.context.web.ServletTestExecutionListener.populatedRequestContextHolder' -> true, 'org.springframework.test.context.web.ServletTestExecutionListener.resetRequestContextHolder' -> true]]; transaction manager [org.springframework.jdbc.datasource.DataSourceTransactionManager@567221cc]; rollback [true]
2020-07-10 09:16:51.469  INFO 23769 --- [    Test worker] o.s.t.c.transaction.TransactionContext   : Rolled back transaction for test: [DefaultTestContext@750541df testClass = JavaMailSenderTest, testInstance = com.example.demo.service.JavaMailSenderTest@5b271890, testMethod = exvenTrue@JavaMailSenderTest, testException = [null], mergedContextConfiguration = [WebMergedContextConfiguration@2d78d12d testClass = JavaMailSenderTest, locations = '{}', classes = '{class com.example.demo.TaskManagementAppApplication}', contextInitializerClasses = '[]', activeProfiles = '{}', propertySourceLocations = '{classpath:/test.properties}', propertySourceProperties = '{org.springframework.boot.test.context.SpringBootTestContextBootstrapper=true}', contextCustomizers = set[org.springframework.boot.test.autoconfigure.properties.PropertyMappingContextCustomizer@0, org.springframework.boot.test.autoconfigure.web.servlet.WebDriverContextCustomizerFactory$Customizer@2dfc507e, org.springframework.boot.test.context.filter.ExcludeFilterContextCustomizer@2be5f77a, org.springframework.boot.test.json.DuplicateJsonObjectContextCustomizerFactory$DuplicateJsonObjectContextCustomizer@6a7ba9b3, org.springframework.boot.test.mock.mockito.MockitoContextCustomizer@0, org.springframework.boot.test.web.client.TestRestTemplateContextCustomizer@1150b04d], resourceBasePath = 'src/main/webapp', contextLoader = 'org.springframework.boot.test.context.SpringBootContextLoader', parent = [null]], attributes = map['org.springframework.test.context.web.ServletTestExecutionListener.activateListener' -> true, 'org.springframework.test.context.web.ServletTestExecutionListener.populatedRequestContextHolder' -> true, 'org.springframework.test.context.web.ServletTestExecutionListener.resetRequestContextHolder' -> true]]
]]></system-out>
  <system-err><![CDATA[]]></system-err>
</testsuite>
