<?xml version="1.0" encoding="UTF-8"?>
<testsuite name="com.example.demo.controller.LoginAndLogoutControllerTest" tests="4" skipped="0" failures="0" errors="0" timestamp="2020-07-27T13:53:41" hostname="matsushitashunnoMacBook-Pro.local" time="0.26">
  <properties/>
  <testcase name="DBに存在しないユーザー情報でログインするとログインページへ戻される()" classname="com.example.demo.controller.LoginAndLogoutControllerTest" time="0.162"/>
  <testcase name="ログアウト処理でログイン画面に遷移する()" classname="com.example.demo.controller.LoginAndLogoutControllerTest" time="0.008"/>
  <testcase name="ログイン成功後ホーム画面に遷移する()" classname="com.example.demo.controller.LoginAndLogoutControllerTest" time="0.078"/>
  <testcase name="ログイン無しにindexにgetアクセスするとログイン画面にリダイレクトする()" classname="com.example.demo.controller.LoginAndLogoutControllerTest" time="0.009"/>
  <system-out><![CDATA[2020-07-27 22:53:40.990  INFO 71156 --- [    Test worker] .b.t.c.SpringBootTestContextBootstrapper : Neither @ContextConfiguration nor @ContextHierarchy found for test class [com.example.demo.controller.LoginAndLogoutControllerTest], using SpringBootContextLoader
2020-07-27 22:53:40.990  INFO 71156 --- [    Test worker] o.s.t.c.support.AbstractContextLoader    : Could not detect default resource locations for test class [com.example.demo.controller.LoginAndLogoutControllerTest]: no resource found for suffixes {-context.xml, Context.groovy}.
2020-07-27 22:53:40.990  INFO 71156 --- [    Test worker] t.c.s.AnnotationConfigContextLoaderUtils : Could not detect default configuration classes for test class [com.example.demo.controller.LoginAndLogoutControllerTest]: LoginAndLogoutControllerTest does not declare any static, non-private, non-final, nested classes annotated with @Configuration.
2020-07-27 22:53:40.992  INFO 71156 --- [    Test worker] .b.t.c.SpringBootTestContextBootstrapper : Found @SpringBootConfiguration com.example.demo.TaskManagementAppApplication for test class com.example.demo.controller.LoginAndLogoutControllerTest
2020-07-27 22:53:40.992  INFO 71156 --- [    Test worker] .b.t.c.SpringBootTestContextBootstrapper : Loaded default TestExecutionListener class names from location [META-INF/spring.factories]: [org.springframework.security.test.context.support.WithSecurityContextTestExecutionListener, org.springframework.security.test.context.support.ReactorContextTestExecutionListener, org.springframework.boot.test.autoconfigure.restdocs.RestDocsTestExecutionListener, org.springframework.boot.test.autoconfigure.web.client.MockRestServiceServerResetTestExecutionListener, org.springframework.boot.test.autoconfigure.web.servlet.MockMvcPrintOnlyOnFailureTestExecutionListener, org.springframework.boot.test.autoconfigure.web.servlet.WebDriverTestExecutionListener, org.springframework.boot.test.mock.mockito.MockitoTestExecutionListener, org.springframework.boot.test.mock.mockito.ResetMocksTestExecutionListener, org.springframework.test.context.web.ServletTestExecutionListener, org.springframework.test.context.support.DirtiesContextBeforeModesTestExecutionListener, org.springframework.test.context.support.DependencyInjectionTestExecutionListener, org.springframework.test.context.support.DirtiesContextTestExecutionListener, org.springframework.test.context.transaction.TransactionalTestExecutionListener, org.springframework.test.context.jdbc.SqlScriptsTestExecutionListener, org.springframework.test.context.event.EventPublishingTestExecutionListener]
2020-07-27 22:53:40.993  INFO 71156 --- [    Test worker] .b.t.c.SpringBootTestContextBootstrapper : Using TestExecutionListeners: [org.springframework.test.context.web.ServletTestExecutionListener@3afb42d, org.springframework.test.context.support.DirtiesContextBeforeModesTestExecutionListener@14e3b04b, org.springframework.boot.test.mock.mockito.MockitoTestExecutionListener@731df6d2, org.springframework.boot.test.autoconfigure.SpringBootDependencyInjectionTestExecutionListener@1a6cc13b, org.springframework.test.context.support.DirtiesContextTestExecutionListener@649c0087, org.springframework.test.context.transaction.TransactionalTestExecutionListener@6df485b7, org.springframework.test.context.jdbc.SqlScriptsTestExecutionListener@714345bd, org.springframework.security.test.context.support.WithSecurityContextTestExecutionListener@dda37b7, org.springframework.test.context.event.EventPublishingTestExecutionListener@9c686b3, org.springframework.security.test.context.support.ReactorContextTestExecutionListener@40d66301, org.springframework.boot.test.autoconfigure.restdocs.RestDocsTestExecutionListener@2bd3b80b, org.springframework.boot.test.autoconfigure.web.client.MockRestServiceServerResetTestExecutionListener@77e84549, org.springframework.boot.test.autoconfigure.web.servlet.MockMvcPrintOnlyOnFailureTestExecutionListener@4a26b619, org.springframework.boot.test.autoconfigure.web.servlet.WebDriverTestExecutionListener@399b0a37, org.springframework.boot.test.mock.mockito.ResetMocksTestExecutionListener@fbeeeef]

  .   ____          _            __ _ _
 /\\ / ___'_ __ _ _(_)_ __  __ _ \ \ \ \
( ( )\___ | '_ | '_| | '_ \/ _` | \ \ \ \
 \\/  ___)| |_)| | | | | || (_| |  ) ) ) )
  '  |____| .__|_| |_|_| |_\__, | / / / /
 =========|_|==============|___/=/_/_/_/
 :: Spring Boot ::        (v2.2.6.RELEASE)

2020-07-27 22:53:41.004  INFO 71156 --- [    Test worker] c.e.d.c.LoginAndLogoutControllerTest     : Starting LoginAndLogoutControllerTest on matsushitashunnoMacBook-Pro.local with PID 71156 (started by matsushitashun in /Users/matsushitashun/git/TaskManagement/TaskManagementApp)
2020-07-27 22:53:41.004  INFO 71156 --- [    Test worker] c.e.d.c.LoginAndLogoutControllerTest     : No active profile set, falling back to default profiles: default
2020-07-27 22:53:41.233  INFO 71156 --- [    Test worker] o.s.b.w.embedded.tomcat.TomcatWebServer  : Tomcat initialized with port(s): 0 (http)
2020-07-27 22:53:41.233  INFO 71156 --- [    Test worker] o.apache.catalina.core.StandardService   : Starting service [Tomcat]
2020-07-27 22:53:41.234  INFO 71156 --- [    Test worker] org.apache.catalina.core.StandardEngine  : Starting Servlet engine: [Apache Tomcat/9.0.33]
2020-07-27 22:53:41.249  INFO 71156 --- [    Test worker] o.a.c.c.C.[Tomcat-1].[localhost].[/]     : Initializing Spring embedded WebApplicationContext
2020-07-27 22:53:41.250  INFO 71156 --- [    Test worker] o.s.web.context.ContextLoader            : Root WebApplicationContext: initialization completed in 244 ms
2020-07-27 22:53:41.298  INFO 71156 --- [    Test worker] com.zaxxer.hikari.HikariDataSource       : HikariPool-5 - Starting...
2020-07-27 22:53:41.299  INFO 71156 --- [    Test worker] com.zaxxer.hikari.HikariDataSource       : HikariPool-5 - Start completed.
2020-07-27 22:53:41.462  INFO 71156 --- [    Test worker] o.s.s.concurrent.ThreadPoolTaskExecutor  : Initializing ExecutorService 'taskExecutor'
2020-07-27 22:53:41.557  INFO 71156 --- [    Test worker] o.s.b.a.w.s.WelcomePageHandlerMapping    : Adding welcome page template: index
2020-07-27 22:53:41.656  INFO 71156 --- [    Test worker] o.s.s.web.DefaultSecurityFilterChain     : Creating filter chain: Ant [pattern='/js/**'], []
2020-07-27 22:53:41.656  INFO 71156 --- [    Test worker] o.s.s.web.DefaultSecurityFilterChain     : Creating filter chain: Ant [pattern='/css/**'], []
2020-07-27 22:53:41.656  INFO 71156 --- [    Test worker] o.s.s.web.DefaultSecurityFilterChain     : Creating filter chain: Ant [pattern='/static/**'], []
2020-07-27 22:53:41.713  INFO 71156 --- [    Test worker] o.s.s.web.DefaultSecurityFilterChain     : Creating filter chain: any request, [org.springframework.security.web.context.request.async.WebAsyncManagerIntegrationFilter@47e88d6b, org.springframework.security.web.context.SecurityContextPersistenceFilter@61ac54fd, org.springframework.security.web.header.HeaderWriterFilter@5a6b378d, org.springframework.security.web.csrf.CsrfFilter@8463725, org.springframework.security.web.authentication.logout.LogoutFilter@6fcc6931, org.springframework.security.web.authentication.UsernamePasswordAuthenticationFilter@678d4af9, org.springframework.security.web.session.ConcurrentSessionFilter@4c4f0795, org.springframework.security.web.savedrequest.RequestCacheAwareFilter@62f8c01a, org.springframework.security.web.servletapi.SecurityContextHolderAwareRequestFilter@588314d2, org.springframework.security.web.authentication.rememberme.RememberMeAuthenticationFilter@46eb13e6, org.springframework.security.web.authentication.AnonymousAuthenticationFilter@4b7b703a, org.springframework.security.web.session.SessionManagementFilter@7509e90e, org.springframework.security.web.access.ExceptionTranslationFilter@40adac65, org.springframework.security.web.access.intercept.FilterSecurityInterceptor@42c9cad6]
2020-07-27 22:53:41.746  INFO 71156 --- [    Test worker] s.a.ScheduledAnnotationBeanPostProcessor : No TaskScheduler/ScheduledExecutorService bean found for scheduled processing
2020-07-27 22:53:41.748  INFO 71156 --- [    Test worker] o.s.b.w.embedded.tomcat.TomcatWebServer  : Tomcat started on port(s): 55553 (http) with context path ''
2020-07-27 22:53:41.749  INFO 71156 --- [    Test worker] c.e.d.c.LoginAndLogoutControllerTest     : Started LoginAndLogoutControllerTest in 0.754 seconds (JVM running for 58.31)
2020-07-27 22:53:41.752  INFO 71156 --- [    Test worker] o.s.t.c.transaction.TransactionContext   : Began transaction (1) for test context [DefaultTestContext@c7b4ee8 testClass = LoginAndLogoutControllerTest, testInstance = com.example.demo.controller.LoginAndLogoutControllerTest@6018300b, testMethod = DBに存在しないユーザー情報でログインするとログインページへ戻される@LoginAndLogoutControllerTest, testException = [null], mergedContextConfiguration = [WebMergedContextConfiguration@6fef2a2a testClass = LoginAndLogoutControllerTest, locations = '{}', classes = '{class com.example.demo.TaskManagementAppApplication}', contextInitializerClasses = '[]', activeProfiles = '{}', propertySourceLocations = '{classpath:test.properties}', propertySourceProperties = '{org.springframework.boot.test.context.SpringBootTestContextBootstrapper=true, server.port=0}', contextCustomizers = set[org.springframework.boot.test.autoconfigure.properties.PropertyMappingContextCustomizer@0, org.springframework.boot.test.autoconfigure.web.servlet.WebDriverContextCustomizerFactory$Customizer@5f9d495e, org.springframework.boot.test.context.filter.ExcludeFilterContextCustomizer@e106332, org.springframework.boot.test.json.DuplicateJsonObjectContextCustomizerFactory$DuplicateJsonObjectContextCustomizer@5c6c0079, org.springframework.boot.test.mock.mockito.MockitoContextCustomizer@0, org.springframework.boot.test.web.client.TestRestTemplateContextCustomizer@3caf51c9], resourceBasePath = 'src/main/webapp', contextLoader = 'org.springframework.boot.test.context.SpringBootContextLoader', parent = [null]], attributes = map['org.springframework.test.context.web.ServletTestExecutionListener.activateListener' -> false]]; transaction manager [org.springframework.jdbc.datasource.DataSourceTransactionManager@23bbeb48]; rollback [true]
2020-07-27 22:53:41.755  INFO 71156 --- [    Test worker] o.a.c.c.C.[Tomcat-1].[localhost].[/]     : Initializing Spring TestDispatcherServlet ''
2020-07-27 22:53:41.755  INFO 71156 --- [    Test worker] o.s.t.web.servlet.TestDispatcherServlet  : Initializing Servlet ''
2020-07-27 22:53:41.760  INFO 71156 --- [    Test worker] o.s.t.web.servlet.TestDispatcherServlet  : Completed initialization in 5 ms
2020-07-27 22:53:41.914  INFO 71156 --- [    Test worker] o.s.t.c.transaction.TransactionContext   : Rolled back transaction for test: [DefaultTestContext@c7b4ee8 testClass = LoginAndLogoutControllerTest, testInstance = com.example.demo.controller.LoginAndLogoutControllerTest@6018300b, testMethod = DBに存在しないユーザー情報でログインするとログインページへ戻される@LoginAndLogoutControllerTest, testException = [null], mergedContextConfiguration = [WebMergedContextConfiguration@6fef2a2a testClass = LoginAndLogoutControllerTest, locations = '{}', classes = '{class com.example.demo.TaskManagementAppApplication}', contextInitializerClasses = '[]', activeProfiles = '{}', propertySourceLocations = '{classpath:test.properties}', propertySourceProperties = '{org.springframework.boot.test.context.SpringBootTestContextBootstrapper=true, server.port=0}', contextCustomizers = set[org.springframework.boot.test.autoconfigure.properties.PropertyMappingContextCustomizer@0, org.springframework.boot.test.autoconfigure.web.servlet.WebDriverContextCustomizerFactory$Customizer@5f9d495e, org.springframework.boot.test.context.filter.ExcludeFilterContextCustomizer@e106332, org.springframework.boot.test.json.DuplicateJsonObjectContextCustomizerFactory$DuplicateJsonObjectContextCustomizer@5c6c0079, org.springframework.boot.test.mock.mockito.MockitoContextCustomizer@0, org.springframework.boot.test.web.client.TestRestTemplateContextCustomizer@3caf51c9], resourceBasePath = 'src/main/webapp', contextLoader = 'org.springframework.boot.test.context.SpringBootContextLoader', parent = [null]], attributes = map['org.springframework.test.context.web.ServletTestExecutionListener.activateListener' -> false]]
2020-07-27 22:53:41.915  INFO 71156 --- [    Test worker] o.s.t.c.transaction.TransactionContext   : Began transaction (1) for test context [DefaultTestContext@c7b4ee8 testClass = LoginAndLogoutControllerTest, testInstance = com.example.demo.controller.LoginAndLogoutControllerTest@34de341c, testMethod = ログアウト処理でログイン画面に遷移する@LoginAndLogoutControllerTest, testException = [null], mergedContextConfiguration = [WebMergedContextConfiguration@6fef2a2a testClass = LoginAndLogoutControllerTest, locations = '{}', classes = '{class com.example.demo.TaskManagementAppApplication}', contextInitializerClasses = '[]', activeProfiles = '{}', propertySourceLocations = '{classpath:test.properties}', propertySourceProperties = '{org.springframework.boot.test.context.SpringBootTestContextBootstrapper=true, server.port=0}', contextCustomizers = set[org.springframework.boot.test.autoconfigure.properties.PropertyMappingContextCustomizer@0, org.springframework.boot.test.autoconfigure.web.servlet.WebDriverContextCustomizerFactory$Customizer@5f9d495e, org.springframework.boot.test.context.filter.ExcludeFilterContextCustomizer@e106332, org.springframework.boot.test.json.DuplicateJsonObjectContextCustomizerFactory$DuplicateJsonObjectContextCustomizer@5c6c0079, org.springframework.boot.test.mock.mockito.MockitoContextCustomizer@0, org.springframework.boot.test.web.client.TestRestTemplateContextCustomizer@3caf51c9], resourceBasePath = 'src/main/webapp', contextLoader = 'org.springframework.boot.test.context.SpringBootContextLoader', parent = [null]], attributes = map['org.springframework.test.context.web.ServletTestExecutionListener.activateListener' -> false]]; transaction manager [org.springframework.jdbc.datasource.DataSourceTransactionManager@23bbeb48]; rollback [true]
2020-07-27 22:53:41.919  INFO 71156 --- [    Test worker] o.a.c.c.C.[Tomcat-1].[localhost].[/]     : Initializing Spring TestDispatcherServlet ''
2020-07-27 22:53:41.919  INFO 71156 --- [    Test worker] o.s.t.web.servlet.TestDispatcherServlet  : Initializing Servlet ''
2020-07-27 22:53:41.920  INFO 71156 --- [    Test worker] o.s.t.web.servlet.TestDispatcherServlet  : Completed initialization in 1 ms
2020-07-27 22:53:41.923  INFO 71156 --- [    Test worker] o.s.t.c.transaction.TransactionContext   : Rolled back transaction for test: [DefaultTestContext@c7b4ee8 testClass = LoginAndLogoutControllerTest, testInstance = com.example.demo.controller.LoginAndLogoutControllerTest@34de341c, testMethod = ログアウト処理でログイン画面に遷移する@LoginAndLogoutControllerTest, testException = [null], mergedContextConfiguration = [WebMergedContextConfiguration@6fef2a2a testClass = LoginAndLogoutControllerTest, locations = '{}', classes = '{class com.example.demo.TaskManagementAppApplication}', contextInitializerClasses = '[]', activeProfiles = '{}', propertySourceLocations = '{classpath:test.properties}', propertySourceProperties = '{org.springframework.boot.test.context.SpringBootTestContextBootstrapper=true, server.port=0}', contextCustomizers = set[org.springframework.boot.test.autoconfigure.properties.PropertyMappingContextCustomizer@0, org.springframework.boot.test.autoconfigure.web.servlet.WebDriverContextCustomizerFactory$Customizer@5f9d495e, org.springframework.boot.test.context.filter.ExcludeFilterContextCustomizer@e106332, org.springframework.boot.test.json.DuplicateJsonObjectContextCustomizerFactory$DuplicateJsonObjectContextCustomizer@5c6c0079, org.springframework.boot.test.mock.mockito.MockitoContextCustomizer@0, org.springframework.boot.test.web.client.TestRestTemplateContextCustomizer@3caf51c9], resourceBasePath = 'src/main/webapp', contextLoader = 'org.springframework.boot.test.context.SpringBootContextLoader', parent = [null]], attributes = map['org.springframework.test.context.web.ServletTestExecutionListener.activateListener' -> false]]
2020-07-27 22:53:41.924  INFO 71156 --- [    Test worker] o.s.t.c.transaction.TransactionContext   : Began transaction (1) for test context [DefaultTestContext@c7b4ee8 testClass = LoginAndLogoutControllerTest, testInstance = com.example.demo.controller.LoginAndLogoutControllerTest@6b198359, testMethod = ログイン成功後ホーム画面に遷移する@LoginAndLogoutControllerTest, testException = [null], mergedContextConfiguration = [WebMergedContextConfiguration@6fef2a2a testClass = LoginAndLogoutControllerTest, locations = '{}', classes = '{class com.example.demo.TaskManagementAppApplication}', contextInitializerClasses = '[]', activeProfiles = '{}', propertySourceLocations = '{classpath:test.properties}', propertySourceProperties = '{org.springframework.boot.test.context.SpringBootTestContextBootstrapper=true, server.port=0}', contextCustomizers = set[org.springframework.boot.test.autoconfigure.properties.PropertyMappingContextCustomizer@0, org.springframework.boot.test.autoconfigure.web.servlet.WebDriverContextCustomizerFactory$Customizer@5f9d495e, org.springframework.boot.test.context.filter.ExcludeFilterContextCustomizer@e106332, org.springframework.boot.test.json.DuplicateJsonObjectContextCustomizerFactory$DuplicateJsonObjectContextCustomizer@5c6c0079, org.springframework.boot.test.mock.mockito.MockitoContextCustomizer@0, org.springframework.boot.test.web.client.TestRestTemplateContextCustomizer@3caf51c9], resourceBasePath = 'src/main/webapp', contextLoader = 'org.springframework.boot.test.context.SpringBootContextLoader', parent = [null]], attributes = map['org.springframework.test.context.web.ServletTestExecutionListener.activateListener' -> false]]; transaction manager [org.springframework.jdbc.datasource.DataSourceTransactionManager@23bbeb48]; rollback [true]
2020-07-27 22:53:41.926  INFO 71156 --- [    Test worker] o.a.c.c.C.[Tomcat-1].[localhost].[/]     : Initializing Spring TestDispatcherServlet ''
2020-07-27 22:53:41.926  INFO 71156 --- [    Test worker] o.s.t.web.servlet.TestDispatcherServlet  : Initializing Servlet ''
2020-07-27 22:53:41.928  INFO 71156 --- [    Test worker] o.s.t.web.servlet.TestDispatcherServlet  : Completed initialization in 2 ms
2020-07-27 22:53:42.001  INFO 71156 --- [    Test worker] o.s.t.c.transaction.TransactionContext   : Rolled back transaction for test: [DefaultTestContext@c7b4ee8 testClass = LoginAndLogoutControllerTest, testInstance = com.example.demo.controller.LoginAndLogoutControllerTest@6b198359, testMethod = ログイン成功後ホーム画面に遷移する@LoginAndLogoutControllerTest, testException = [null], mergedContextConfiguration = [WebMergedContextConfiguration@6fef2a2a testClass = LoginAndLogoutControllerTest, locations = '{}', classes = '{class com.example.demo.TaskManagementAppApplication}', contextInitializerClasses = '[]', activeProfiles = '{}', propertySourceLocations = '{classpath:test.properties}', propertySourceProperties = '{org.springframework.boot.test.context.SpringBootTestContextBootstrapper=true, server.port=0}', contextCustomizers = set[org.springframework.boot.test.autoconfigure.properties.PropertyMappingContextCustomizer@0, org.springframework.boot.test.autoconfigure.web.servlet.WebDriverContextCustomizerFactory$Customizer@5f9d495e, org.springframework.boot.test.context.filter.ExcludeFilterContextCustomizer@e106332, org.springframework.boot.test.json.DuplicateJsonObjectContextCustomizerFactory$DuplicateJsonObjectContextCustomizer@5c6c0079, org.springframework.boot.test.mock.mockito.MockitoContextCustomizer@0, org.springframework.boot.test.web.client.TestRestTemplateContextCustomizer@3caf51c9], resourceBasePath = 'src/main/webapp', contextLoader = 'org.springframework.boot.test.context.SpringBootContextLoader', parent = [null]], attributes = map['org.springframework.test.context.web.ServletTestExecutionListener.activateListener' -> false]]
2020-07-27 22:53:42.003  INFO 71156 --- [    Test worker] o.s.t.c.transaction.TransactionContext   : Began transaction (1) for test context [DefaultTestContext@c7b4ee8 testClass = LoginAndLogoutControllerTest, testInstance = com.example.demo.controller.LoginAndLogoutControllerTest@762e433c, testMethod = ログイン無しにindexにgetアクセスするとログイン画面にリダイレクトする@LoginAndLogoutControllerTest, testException = [null], mergedContextConfiguration = [WebMergedContextConfiguration@6fef2a2a testClass = LoginAndLogoutControllerTest, locations = '{}', classes = '{class com.example.demo.TaskManagementAppApplication}', contextInitializerClasses = '[]', activeProfiles = '{}', propertySourceLocations = '{classpath:test.properties}', propertySourceProperties = '{org.springframework.boot.test.context.SpringBootTestContextBootstrapper=true, server.port=0}', contextCustomizers = set[org.springframework.boot.test.autoconfigure.properties.PropertyMappingContextCustomizer@0, org.springframework.boot.test.autoconfigure.web.servlet.WebDriverContextCustomizerFactory$Customizer@5f9d495e, org.springframework.boot.test.context.filter.ExcludeFilterContextCustomizer@e106332, org.springframework.boot.test.json.DuplicateJsonObjectContextCustomizerFactory$DuplicateJsonObjectContextCustomizer@5c6c0079, org.springframework.boot.test.mock.mockito.MockitoContextCustomizer@0, org.springframework.boot.test.web.client.TestRestTemplateContextCustomizer@3caf51c9], resourceBasePath = 'src/main/webapp', contextLoader = 'org.springframework.boot.test.context.SpringBootContextLoader', parent = [null]], attributes = map['org.springframework.test.context.web.ServletTestExecutionListener.activateListener' -> false]]; transaction manager [org.springframework.jdbc.datasource.DataSourceTransactionManager@23bbeb48]; rollback [true]
2020-07-27 22:53:42.005  INFO 71156 --- [    Test worker] o.a.c.c.C.[Tomcat-1].[localhost].[/]     : Initializing Spring TestDispatcherServlet ''
2020-07-27 22:53:42.005  INFO 71156 --- [    Test worker] o.s.t.web.servlet.TestDispatcherServlet  : Initializing Servlet ''
2020-07-27 22:53:42.006  INFO 71156 --- [    Test worker] o.s.t.web.servlet.TestDispatcherServlet  : Completed initialization in 1 ms
2020-07-27 22:53:42.011  INFO 71156 --- [    Test worker] o.s.t.c.transaction.TransactionContext   : Rolled back transaction for test: [DefaultTestContext@c7b4ee8 testClass = LoginAndLogoutControllerTest, testInstance = com.example.demo.controller.LoginAndLogoutControllerTest@762e433c, testMethod = ログイン無しにindexにgetアクセスするとログイン画面にリダイレクトする@LoginAndLogoutControllerTest, testException = [null], mergedContextConfiguration = [WebMergedContextConfiguration@6fef2a2a testClass = LoginAndLogoutControllerTest, locations = '{}', classes = '{class com.example.demo.TaskManagementAppApplication}', contextInitializerClasses = '[]', activeProfiles = '{}', propertySourceLocations = '{classpath:test.properties}', propertySourceProperties = '{org.springframework.boot.test.context.SpringBootTestContextBootstrapper=true, server.port=0}', contextCustomizers = set[org.springframework.boot.test.autoconfigure.properties.PropertyMappingContextCustomizer@0, org.springframework.boot.test.autoconfigure.web.servlet.WebDriverContextCustomizerFactory$Customizer@5f9d495e, org.springframework.boot.test.context.filter.ExcludeFilterContextCustomizer@e106332, org.springframework.boot.test.json.DuplicateJsonObjectContextCustomizerFactory$DuplicateJsonObjectContextCustomizer@5c6c0079, org.springframework.boot.test.mock.mockito.MockitoContextCustomizer@0, org.springframework.boot.test.web.client.TestRestTemplateContextCustomizer@3caf51c9], resourceBasePath = 'src/main/webapp', contextLoader = 'org.springframework.boot.test.context.SpringBootContextLoader', parent = [null]], attributes = map['org.springframework.test.context.web.ServletTestExecutionListener.activateListener' -> false]]
]]></system-out>
  <system-err><![CDATA[]]></system-err>
</testsuite>
