<?xml version="1.0" encoding="UTF-8"?>
<testsuite name="com.example.demo.controller.Task" tests="2" skipped="0" failures="0" errors="0" timestamp="2020-06-24T12:37:43" hostname="matsushitashunnoMacBook-Pro.local" time="0.52">
  <properties/>
  <testcase name="readReceivedTaskのget()" classname="com.example.demo.controller.Task" time="0.487"/>
  <testcase name="editのget()" classname="com.example.demo.controller.Task" time="0.032"/>
  <system-out><![CDATA[2020-06-24 21:37:42.614  INFO 87655 --- [    Test worker] .b.t.a.w.s.WebMvcTestContextBootstrapper : Neither @ContextConfiguration nor @ContextHierarchy found for test class [com.example.demo.controller.Task], using SpringBootContextLoader
2020-06-24 21:37:42.614  INFO 87655 --- [    Test worker] o.s.t.c.support.AbstractContextLoader    : Could not detect default resource locations for test class [com.example.demo.controller.Task]: no resource found for suffixes {-context.xml, Context.groovy}.
2020-06-24 21:37:42.614  INFO 87655 --- [    Test worker] t.c.s.AnnotationConfigContextLoaderUtils : Could not detect default configuration classes for test class [com.example.demo.controller.Task]: Task does not declare any static, non-private, non-final, nested classes annotated with @Configuration.
2020-06-24 21:37:42.617  INFO 87655 --- [    Test worker] .b.t.c.SpringBootTestContextBootstrapper : Found @SpringBootConfiguration com.example.demo.TaskManagementAppApplication for test class com.example.demo.controller.Task
2020-06-24 21:37:42.618  INFO 87655 --- [    Test worker] .b.t.a.w.s.WebMvcTestContextBootstrapper : Loaded default TestExecutionListener class names from location [META-INF/spring.factories]: [org.springframework.security.test.context.support.WithSecurityContextTestExecutionListener, org.springframework.security.test.context.support.ReactorContextTestExecutionListener, org.springframework.boot.test.autoconfigure.restdocs.RestDocsTestExecutionListener, org.springframework.boot.test.autoconfigure.web.client.MockRestServiceServerResetTestExecutionListener, org.springframework.boot.test.autoconfigure.web.servlet.MockMvcPrintOnlyOnFailureTestExecutionListener, org.springframework.boot.test.autoconfigure.web.servlet.WebDriverTestExecutionListener, org.springframework.boot.test.mock.mockito.MockitoTestExecutionListener, org.springframework.boot.test.mock.mockito.ResetMocksTestExecutionListener, org.springframework.test.context.web.ServletTestExecutionListener, org.springframework.test.context.support.DirtiesContextBeforeModesTestExecutionListener, org.springframework.test.context.support.DependencyInjectionTestExecutionListener, org.springframework.test.context.support.DirtiesContextTestExecutionListener, org.springframework.test.context.transaction.TransactionalTestExecutionListener, org.springframework.test.context.jdbc.SqlScriptsTestExecutionListener, org.springframework.test.context.event.EventPublishingTestExecutionListener]
2020-06-24 21:37:42.618  INFO 87655 --- [    Test worker] .b.t.a.w.s.WebMvcTestContextBootstrapper : Using TestExecutionListeners: [org.springframework.test.context.web.ServletTestExecutionListener@26124936, org.springframework.test.context.support.DirtiesContextBeforeModesTestExecutionListener@291adf3c, org.springframework.boot.test.mock.mockito.MockitoTestExecutionListener@4996224b, org.springframework.boot.test.autoconfigure.SpringBootDependencyInjectionTestExecutionListener@6a0c21c7, org.springframework.test.context.support.DirtiesContextTestExecutionListener@5e639e49, org.springframework.test.context.transaction.TransactionalTestExecutionListener@21ff5986, org.springframework.test.context.jdbc.SqlScriptsTestExecutionListener@5983b388, org.springframework.security.test.context.support.WithSecurityContextTestExecutionListener@520aa366, org.springframework.test.context.event.EventPublishingTestExecutionListener@1059feb8, org.springframework.security.test.context.support.ReactorContextTestExecutionListener@4b31a65c, org.springframework.boot.test.autoconfigure.restdocs.RestDocsTestExecutionListener@f6a4341, org.springframework.boot.test.autoconfigure.web.client.MockRestServiceServerResetTestExecutionListener@8fcc059, org.springframework.boot.test.autoconfigure.web.servlet.MockMvcPrintOnlyOnFailureTestExecutionListener@578f43c0, org.springframework.boot.test.autoconfigure.web.servlet.WebDriverTestExecutionListener@114a0c2b, org.springframework.boot.test.mock.mockito.ResetMocksTestExecutionListener@4c672508]

  .   ____          _            __ _ _
 /\\ / ___'_ __ _ _(_)_ __  __ _ \ \ \ \
( ( )\___ | '_ | '_| | '_ \/ _` | \ \ \ \
 \\/  ___)| |_)| | | | | || (_| |  ) ) ) )
  '  |____| .__|_| |_|_| |_\__, | / / / /
 =========|_|==============|___/=/_/_/_/
 :: Spring Boot ::        (v2.2.6.RELEASE)

2020-06-24 21:37:42.671  INFO 87655 --- [    Test worker] com.example.demo.controller.Task         : Starting Task on matsushitashunnoMacBook-Pro.local with PID 87655 (started by matsushitashun in /Users/matsushitashun/git/TaskManagement/TaskManagementApp)
2020-06-24 21:37:42.672  INFO 87655 --- [    Test worker] com.example.demo.controller.Task         : No active profile set, falling back to default profiles: default
2020-06-24 21:37:42.883  INFO 87655 --- [    Test worker] o.s.s.concurrent.ThreadPoolTaskExecutor  : Initializing ExecutorService 'applicationTaskExecutor'
2020-06-24 21:37:42.901  INFO 87655 --- [    Test worker] o.s.b.a.w.s.WelcomePageHandlerMapping    : Adding welcome page template: index
2020-06-24 21:37:42.972  INFO 87655 --- [    Test worker] o.s.s.web.DefaultSecurityFilterChain     : Creating filter chain: Ant [pattern='/js/**'], []
2020-06-24 21:37:42.973  INFO 87655 --- [    Test worker] o.s.s.web.DefaultSecurityFilterChain     : Creating filter chain: Ant [pattern='/css/**'], []
2020-06-24 21:37:42.973  INFO 87655 --- [    Test worker] o.s.s.web.DefaultSecurityFilterChain     : Creating filter chain: Ant [pattern='/static/**'], []
2020-06-24 21:37:43.022  INFO 87655 --- [    Test worker] o.s.s.web.DefaultSecurityFilterChain     : Creating filter chain: any request, [org.springframework.security.web.context.request.async.WebAsyncManagerIntegrationFilter@699c612b, org.springframework.security.web.context.SecurityContextPersistenceFilter@26d41f9c, org.springframework.security.web.header.HeaderWriterFilter@101fb30a, org.springframework.security.web.csrf.CsrfFilter@ec9f624, org.springframework.security.web.authentication.logout.LogoutFilter@4157c0eb, org.springframework.security.web.authentication.UsernamePasswordAuthenticationFilter@479b8e61, org.springframework.security.web.session.ConcurrentSessionFilter@44bc3f39, org.springframework.security.web.savedrequest.RequestCacheAwareFilter@4b3e6faf, org.springframework.security.web.servletapi.SecurityContextHolderAwareRequestFilter@6219a1ea, org.springframework.security.web.authentication.rememberme.RememberMeAuthenticationFilter@50d22f9b, org.springframework.security.web.authentication.AnonymousAuthenticationFilter@2322f74, org.springframework.security.web.session.SessionManagementFilter@585817b, org.springframework.security.web.access.ExceptionTranslationFilter@339a3200, org.springframework.security.web.access.intercept.FilterSecurityInterceptor@59f6566a]
2020-06-24 21:37:43.032  INFO 87655 --- [    Test worker] o.s.b.t.m.w.SpringBootMockServletContext : Initializing Spring TestDispatcherServlet ''
2020-06-24 21:37:43.032  INFO 87655 --- [    Test worker] o.s.t.web.servlet.TestDispatcherServlet  : Initializing Servlet ''
2020-06-24 21:37:43.036  INFO 87655 --- [    Test worker] o.s.t.web.servlet.TestDispatcherServlet  : Completed initialization in 3 ms
2020-06-24 21:37:43.043  INFO 87655 --- [    Test worker] com.example.demo.controller.Task         : Started Task in 0.384 seconds (JVM running for 478.392)
]]></system-out>
  <system-err><![CDATA[]]></system-err>
</testsuite>
