<?xml version="1.0" encoding="UTF-8"?>
<testsuite name="com.example.demo.service.JavaMailSenderTest" tests="5" skipped="1" failures="0" errors="0" timestamp="2020-07-11T15:11:32" hostname="matsushitashunnoMacBook-Pro.local" time="0.073">
  <properties/>
  <testcase name="testSendAndReceive()" classname="com.example.demo.service.JavaMailSenderTest" time="0.0">
    <skipped/>
  </testcase>
  <testcase name="exceptionTest()" classname="com.example.demo.service.JavaMailSenderTest" time="0.055"/>
  <testcase name="exvenTrue(int)[1]" classname="com.example.demo.service.JavaMailSenderTest" time="0.004"/>
  <testcase name="exvenTrue(int)[2]" classname="com.example.demo.service.JavaMailSenderTest" time="0.005"/>
  <testcase name="exvenTrue(int)[3]" classname="com.example.demo.service.JavaMailSenderTest" time="0.005"/>
  <system-out><![CDATA[2020-07-12 00:11:32.569  INFO 28734 --- [    Test worker] .b.t.c.SpringBootTestContextBootstrapper : Neither @ContextConfiguration nor @ContextHierarchy found for test class [com.example.demo.service.JavaMailSenderTest], using SpringBootContextLoader
2020-07-12 00:11:32.570  INFO 28734 --- [    Test worker] o.s.t.c.support.AbstractContextLoader    : Could not detect default resource locations for test class [com.example.demo.service.JavaMailSenderTest]: no resource found for suffixes {-context.xml, Context.groovy}.
2020-07-12 00:11:32.570  INFO 28734 --- [    Test worker] t.c.s.AnnotationConfigContextLoaderUtils : Could not detect default configuration classes for test class [com.example.demo.service.JavaMailSenderTest]: JavaMailSenderTest does not declare any static, non-private, non-final, nested classes annotated with @Configuration.
2020-07-12 00:11:32.572  INFO 28734 --- [    Test worker] .b.t.c.SpringBootTestContextBootstrapper : Found @SpringBootConfiguration com.example.demo.TaskManagementAppApplication for test class com.example.demo.service.JavaMailSenderTest
2020-07-12 00:11:32.573  INFO 28734 --- [    Test worker] .b.t.c.SpringBootTestContextBootstrapper : Loaded default TestExecutionListener class names from location [META-INF/spring.factories]: [org.springframework.security.test.context.support.WithSecurityContextTestExecutionListener, org.springframework.security.test.context.support.ReactorContextTestExecutionListener, org.springframework.boot.test.autoconfigure.restdocs.RestDocsTestExecutionListener, org.springframework.boot.test.autoconfigure.web.client.MockRestServiceServerResetTestExecutionListener, org.springframework.boot.test.autoconfigure.web.servlet.MockMvcPrintOnlyOnFailureTestExecutionListener, org.springframework.boot.test.autoconfigure.web.servlet.WebDriverTestExecutionListener, org.springframework.boot.test.mock.mockito.MockitoTestExecutionListener, org.springframework.boot.test.mock.mockito.ResetMocksTestExecutionListener, org.springframework.test.context.web.ServletTestExecutionListener, org.springframework.test.context.support.DirtiesContextBeforeModesTestExecutionListener, org.springframework.test.context.support.DependencyInjectionTestExecutionListener, org.springframework.test.context.support.DirtiesContextTestExecutionListener, org.springframework.test.context.transaction.TransactionalTestExecutionListener, org.springframework.test.context.jdbc.SqlScriptsTestExecutionListener, org.springframework.test.context.event.EventPublishingTestExecutionListener]
2020-07-12 00:11:32.574  INFO 28734 --- [    Test worker] .b.t.c.SpringBootTestContextBootstrapper : Using TestExecutionListeners: [org.springframework.test.context.web.ServletTestExecutionListener@17442fd4, org.springframework.test.context.support.DirtiesContextBeforeModesTestExecutionListener@10ada8b6, org.springframework.boot.test.mock.mockito.MockitoTestExecutionListener@7a80a7ac, org.springframework.boot.test.autoconfigure.SpringBootDependencyInjectionTestExecutionListener@136fecb0, org.springframework.test.context.support.DirtiesContextTestExecutionListener@25635b86, org.springframework.test.context.transaction.TransactionalTestExecutionListener@5876af84, org.springframework.test.context.jdbc.SqlScriptsTestExecutionListener@27b4cee1, org.springframework.security.test.context.support.WithSecurityContextTestExecutionListener@4bd2bccb, org.springframework.test.context.event.EventPublishingTestExecutionListener@7452715c, org.springframework.security.test.context.support.ReactorContextTestExecutionListener@1935eadd, org.springframework.boot.test.autoconfigure.restdocs.RestDocsTestExecutionListener@18f7fcdc, org.springframework.boot.test.autoconfigure.web.client.MockRestServiceServerResetTestExecutionListener@469d3fed, org.springframework.boot.test.autoconfigure.web.servlet.MockMvcPrintOnlyOnFailureTestExecutionListener@21226ef3, org.springframework.boot.test.autoconfigure.web.servlet.WebDriverTestExecutionListener@17771b08, org.springframework.boot.test.mock.mockito.ResetMocksTestExecutionListener@30410426]
2020-07-12 00:11:32.578  INFO 28734 --- [    Test worker] o.s.t.c.transaction.TransactionContext   : Began transaction (1) for test context [DefaultTestContext@809e47a testClass = JavaMailSenderTest, testInstance = com.example.demo.service.JavaMailSenderTest@27ff543c, testMethod = exceptionTest@JavaMailSenderTest, testException = [null], mergedContextConfiguration = [WebMergedContextConfiguration@2a7c9ce3 testClass = JavaMailSenderTest, locations = '{}', classes = '{class com.example.demo.TaskManagementAppApplication}', contextInitializerClasses = '[]', activeProfiles = '{}', propertySourceLocations = '{classpath:/test.properties}', propertySourceProperties = '{org.springframework.boot.test.context.SpringBootTestContextBootstrapper=true}', contextCustomizers = set[org.springframework.boot.test.autoconfigure.properties.PropertyMappingContextCustomizer@0, org.springframework.boot.test.autoconfigure.web.servlet.WebDriverContextCustomizerFactory$Customizer@36bab863, org.springframework.boot.test.context.filter.ExcludeFilterContextCustomizer@5cdeb614, org.springframework.boot.test.json.DuplicateJsonObjectContextCustomizerFactory$DuplicateJsonObjectContextCustomizer@784fb4f6, org.springframework.boot.test.mock.mockito.MockitoContextCustomizer@0, org.springframework.boot.test.web.client.TestRestTemplateContextCustomizer@c8ecb71], resourceBasePath = 'src/main/webapp', contextLoader = 'org.springframework.boot.test.context.SpringBootContextLoader', parent = [null]], attributes = map['org.springframework.test.context.web.ServletTestExecutionListener.activateListener' -> true, 'org.springframework.test.context.web.ServletTestExecutionListener.populatedRequestContextHolder' -> true, 'org.springframework.test.context.web.ServletTestExecutionListener.resetRequestContextHolder' -> true]]; transaction manager [org.springframework.jdbc.datasource.DataSourceTransactionManager@61f482e]; rollback [true]
2020-07-12 00:11:32.633  INFO 28734 --- [    Test worker] o.s.t.c.transaction.TransactionContext   : Rolled back transaction for test: [DefaultTestContext@809e47a testClass = JavaMailSenderTest, testInstance = com.example.demo.service.JavaMailSenderTest@27ff543c, testMethod = exceptionTest@JavaMailSenderTest, testException = [null], mergedContextConfiguration = [WebMergedContextConfiguration@2a7c9ce3 testClass = JavaMailSenderTest, locations = '{}', classes = '{class com.example.demo.TaskManagementAppApplication}', contextInitializerClasses = '[]', activeProfiles = '{}', propertySourceLocations = '{classpath:/test.properties}', propertySourceProperties = '{org.springframework.boot.test.context.SpringBootTestContextBootstrapper=true}', contextCustomizers = set[org.springframework.boot.test.autoconfigure.properties.PropertyMappingContextCustomizer@0, org.springframework.boot.test.autoconfigure.web.servlet.WebDriverContextCustomizerFactory$Customizer@36bab863, org.springframework.boot.test.context.filter.ExcludeFilterContextCustomizer@5cdeb614, org.springframework.boot.test.json.DuplicateJsonObjectContextCustomizerFactory$DuplicateJsonObjectContextCustomizer@784fb4f6, org.springframework.boot.test.mock.mockito.MockitoContextCustomizer@0, org.springframework.boot.test.web.client.TestRestTemplateContextCustomizer@c8ecb71], resourceBasePath = 'src/main/webapp', contextLoader = 'org.springframework.boot.test.context.SpringBootContextLoader', parent = [null]], attributes = map['org.springframework.test.context.web.ServletTestExecutionListener.activateListener' -> true, 'org.springframework.test.context.web.ServletTestExecutionListener.populatedRequestContextHolder' -> true, 'org.springframework.test.context.web.ServletTestExecutionListener.resetRequestContextHolder' -> true]]
2020-07-12 00:11:32.636  INFO 28734 --- [    Test worker] o.s.t.c.transaction.TransactionContext   : Began transaction (1) for test context [DefaultTestContext@809e47a testClass = JavaMailSenderTest, testInstance = com.example.demo.service.JavaMailSenderTest@72b7c799, testMethod = exvenTrue@JavaMailSenderTest, testException = [null], mergedContextConfiguration = [WebMergedContextConfiguration@2a7c9ce3 testClass = JavaMailSenderTest, locations = '{}', classes = '{class com.example.demo.TaskManagementAppApplication}', contextInitializerClasses = '[]', activeProfiles = '{}', propertySourceLocations = '{classpath:/test.properties}', propertySourceProperties = '{org.springframework.boot.test.context.SpringBootTestContextBootstrapper=true}', contextCustomizers = set[org.springframework.boot.test.autoconfigure.properties.PropertyMappingContextCustomizer@0, org.springframework.boot.test.autoconfigure.web.servlet.WebDriverContextCustomizerFactory$Customizer@36bab863, org.springframework.boot.test.context.filter.ExcludeFilterContextCustomizer@5cdeb614, org.springframework.boot.test.json.DuplicateJsonObjectContextCustomizerFactory$DuplicateJsonObjectContextCustomizer@784fb4f6, org.springframework.boot.test.mock.mockito.MockitoContextCustomizer@0, org.springframework.boot.test.web.client.TestRestTemplateContextCustomizer@c8ecb71], resourceBasePath = 'src/main/webapp', contextLoader = 'org.springframework.boot.test.context.SpringBootContextLoader', parent = [null]], attributes = map['org.springframework.test.context.web.ServletTestExecutionListener.activateListener' -> true, 'org.springframework.test.context.web.ServletTestExecutionListener.populatedRequestContextHolder' -> true, 'org.springframework.test.context.web.ServletTestExecutionListener.resetRequestContextHolder' -> true]]; transaction manager [org.springframework.jdbc.datasource.DataSourceTransactionManager@61f482e]; rollback [true]
2020-07-12 00:11:32.639  INFO 28734 --- [    Test worker] o.s.t.c.transaction.TransactionContext   : Rolled back transaction for test: [DefaultTestContext@809e47a testClass = JavaMailSenderTest, testInstance = com.example.demo.service.JavaMailSenderTest@72b7c799, testMethod = exvenTrue@JavaMailSenderTest, testException = [null], mergedContextConfiguration = [WebMergedContextConfiguration@2a7c9ce3 testClass = JavaMailSenderTest, locations = '{}', classes = '{class com.example.demo.TaskManagementAppApplication}', contextInitializerClasses = '[]', activeProfiles = '{}', propertySourceLocations = '{classpath:/test.properties}', propertySourceProperties = '{org.springframework.boot.test.context.SpringBootTestContextBootstrapper=true}', contextCustomizers = set[org.springframework.boot.test.autoconfigure.properties.PropertyMappingContextCustomizer@0, org.springframework.boot.test.autoconfigure.web.servlet.WebDriverContextCustomizerFactory$Customizer@36bab863, org.springframework.boot.test.context.filter.ExcludeFilterContextCustomizer@5cdeb614, org.springframework.boot.test.json.DuplicateJsonObjectContextCustomizerFactory$DuplicateJsonObjectContextCustomizer@784fb4f6, org.springframework.boot.test.mock.mockito.MockitoContextCustomizer@0, org.springframework.boot.test.web.client.TestRestTemplateContextCustomizer@c8ecb71], resourceBasePath = 'src/main/webapp', contextLoader = 'org.springframework.boot.test.context.SpringBootContextLoader', parent = [null]], attributes = map['org.springframework.test.context.web.ServletTestExecutionListener.activateListener' -> true, 'org.springframework.test.context.web.ServletTestExecutionListener.populatedRequestContextHolder' -> true, 'org.springframework.test.context.web.ServletTestExecutionListener.resetRequestContextHolder' -> true]]
2020-07-12 00:11:32.641  INFO 28734 --- [    Test worker] o.s.t.c.transaction.TransactionContext   : Began transaction (1) for test context [DefaultTestContext@809e47a testClass = JavaMailSenderTest, testInstance = com.example.demo.service.JavaMailSenderTest@383cc068, testMethod = exvenTrue@JavaMailSenderTest, testException = [null], mergedContextConfiguration = [WebMergedContextConfiguration@2a7c9ce3 testClass = JavaMailSenderTest, locations = '{}', classes = '{class com.example.demo.TaskManagementAppApplication}', contextInitializerClasses = '[]', activeProfiles = '{}', propertySourceLocations = '{classpath:/test.properties}', propertySourceProperties = '{org.springframework.boot.test.context.SpringBootTestContextBootstrapper=true}', contextCustomizers = set[org.springframework.boot.test.autoconfigure.properties.PropertyMappingContextCustomizer@0, org.springframework.boot.test.autoconfigure.web.servlet.WebDriverContextCustomizerFactory$Customizer@36bab863, org.springframework.boot.test.context.filter.ExcludeFilterContextCustomizer@5cdeb614, org.springframework.boot.test.json.DuplicateJsonObjectContextCustomizerFactory$DuplicateJsonObjectContextCustomizer@784fb4f6, org.springframework.boot.test.mock.mockito.MockitoContextCustomizer@0, org.springframework.boot.test.web.client.TestRestTemplateContextCustomizer@c8ecb71], resourceBasePath = 'src/main/webapp', contextLoader = 'org.springframework.boot.test.context.SpringBootContextLoader', parent = [null]], attributes = map['org.springframework.test.context.web.ServletTestExecutionListener.activateListener' -> true, 'org.springframework.test.context.web.ServletTestExecutionListener.populatedRequestContextHolder' -> true, 'org.springframework.test.context.web.ServletTestExecutionListener.resetRequestContextHolder' -> true]]; transaction manager [org.springframework.jdbc.datasource.DataSourceTransactionManager@61f482e]; rollback [true]
2020-07-12 00:11:32.644  INFO 28734 --- [    Test worker] o.s.t.c.transaction.TransactionContext   : Rolled back transaction for test: [DefaultTestContext@809e47a testClass = JavaMailSenderTest, testInstance = com.example.demo.service.JavaMailSenderTest@383cc068, testMethod = exvenTrue@JavaMailSenderTest, testException = [null], mergedContextConfiguration = [WebMergedContextConfiguration@2a7c9ce3 testClass = JavaMailSenderTest, locations = '{}', classes = '{class com.example.demo.TaskManagementAppApplication}', contextInitializerClasses = '[]', activeProfiles = '{}', propertySourceLocations = '{classpath:/test.properties}', propertySourceProperties = '{org.springframework.boot.test.context.SpringBootTestContextBootstrapper=true}', contextCustomizers = set[org.springframework.boot.test.autoconfigure.properties.PropertyMappingContextCustomizer@0, org.springframework.boot.test.autoconfigure.web.servlet.WebDriverContextCustomizerFactory$Customizer@36bab863, org.springframework.boot.test.context.filter.ExcludeFilterContextCustomizer@5cdeb614, org.springframework.boot.test.json.DuplicateJsonObjectContextCustomizerFactory$DuplicateJsonObjectContextCustomizer@784fb4f6, org.springframework.boot.test.mock.mockito.MockitoContextCustomizer@0, org.springframework.boot.test.web.client.TestRestTemplateContextCustomizer@c8ecb71], resourceBasePath = 'src/main/webapp', contextLoader = 'org.springframework.boot.test.context.SpringBootContextLoader', parent = [null]], attributes = map['org.springframework.test.context.web.ServletTestExecutionListener.activateListener' -> true, 'org.springframework.test.context.web.ServletTestExecutionListener.populatedRequestContextHolder' -> true, 'org.springframework.test.context.web.ServletTestExecutionListener.resetRequestContextHolder' -> true]]
2020-07-12 00:11:32.646  INFO 28734 --- [    Test worker] o.s.t.c.transaction.TransactionContext   : Began transaction (1) for test context [DefaultTestContext@809e47a testClass = JavaMailSenderTest, testInstance = com.example.demo.service.JavaMailSenderTest@3b85d9b6, testMethod = exvenTrue@JavaMailSenderTest, testException = [null], mergedContextConfiguration = [WebMergedContextConfiguration@2a7c9ce3 testClass = JavaMailSenderTest, locations = '{}', classes = '{class com.example.demo.TaskManagementAppApplication}', contextInitializerClasses = '[]', activeProfiles = '{}', propertySourceLocations = '{classpath:/test.properties}', propertySourceProperties = '{org.springframework.boot.test.context.SpringBootTestContextBootstrapper=true}', contextCustomizers = set[org.springframework.boot.test.autoconfigure.properties.PropertyMappingContextCustomizer@0, org.springframework.boot.test.autoconfigure.web.servlet.WebDriverContextCustomizerFactory$Customizer@36bab863, org.springframework.boot.test.context.filter.ExcludeFilterContextCustomizer@5cdeb614, org.springframework.boot.test.json.DuplicateJsonObjectContextCustomizerFactory$DuplicateJsonObjectContextCustomizer@784fb4f6, org.springframework.boot.test.mock.mockito.MockitoContextCustomizer@0, org.springframework.boot.test.web.client.TestRestTemplateContextCustomizer@c8ecb71], resourceBasePath = 'src/main/webapp', contextLoader = 'org.springframework.boot.test.context.SpringBootContextLoader', parent = [null]], attributes = map['org.springframework.test.context.web.ServletTestExecutionListener.activateListener' -> true, 'org.springframework.test.context.web.ServletTestExecutionListener.populatedRequestContextHolder' -> true, 'org.springframework.test.context.web.ServletTestExecutionListener.resetRequestContextHolder' -> true]]; transaction manager [org.springframework.jdbc.datasource.DataSourceTransactionManager@61f482e]; rollback [true]
2020-07-12 00:11:32.649  INFO 28734 --- [    Test worker] o.s.t.c.transaction.TransactionContext   : Rolled back transaction for test: [DefaultTestContext@809e47a testClass = JavaMailSenderTest, testInstance = com.example.demo.service.JavaMailSenderTest@3b85d9b6, testMethod = exvenTrue@JavaMailSenderTest, testException = [null], mergedContextConfiguration = [WebMergedContextConfiguration@2a7c9ce3 testClass = JavaMailSenderTest, locations = '{}', classes = '{class com.example.demo.TaskManagementAppApplication}', contextInitializerClasses = '[]', activeProfiles = '{}', propertySourceLocations = '{classpath:/test.properties}', propertySourceProperties = '{org.springframework.boot.test.context.SpringBootTestContextBootstrapper=true}', contextCustomizers = set[org.springframework.boot.test.autoconfigure.properties.PropertyMappingContextCustomizer@0, org.springframework.boot.test.autoconfigure.web.servlet.WebDriverContextCustomizerFactory$Customizer@36bab863, org.springframework.boot.test.context.filter.ExcludeFilterContextCustomizer@5cdeb614, org.springframework.boot.test.json.DuplicateJsonObjectContextCustomizerFactory$DuplicateJsonObjectContextCustomizer@784fb4f6, org.springframework.boot.test.mock.mockito.MockitoContextCustomizer@0, org.springframework.boot.test.web.client.TestRestTemplateContextCustomizer@c8ecb71], resourceBasePath = 'src/main/webapp', contextLoader = 'org.springframework.boot.test.context.SpringBootContextLoader', parent = [null]], attributes = map['org.springframework.test.context.web.ServletTestExecutionListener.activateListener' -> true, 'org.springframework.test.context.web.ServletTestExecutionListener.populatedRequestContextHolder' -> true, 'org.springframework.test.context.web.ServletTestExecutionListener.resetRequestContextHolder' -> true]]
]]></system-out>
  <system-err><![CDATA[]]></system-err>
</testsuite>
