<?xml version="1.0" encoding="UTF-8"?>
<testsuite name="com.example.demo.TaskManagementAppApplicationTests" tests="1" skipped="0" failures="0" errors="0" timestamp="2020-06-25T05:58:02" hostname="matsushitashunnoMacBook-Pro.local" time="0.469">
  <properties/>
  <testcase name="contextLoads()" classname="com.example.demo.TaskManagementAppApplicationTests" time="0.469"/>
  <system-out><![CDATA[14:57:58.027 [Test worker] DEBUG org.springframework.test.context.BootstrapUtils - Instantiating CacheAwareContextLoaderDelegate from class [org.springframework.test.context.cache.DefaultCacheAwareContextLoaderDelegate]
14:57:58.051 [Test worker] DEBUG org.springframework.test.context.BootstrapUtils - Instantiating BootstrapContext using constructor [public org.springframework.test.context.support.DefaultBootstrapContext(java.lang.Class,org.springframework.test.context.CacheAwareContextLoaderDelegate)]
14:57:58.095 [Test worker] DEBUG org.springframework.test.context.BootstrapUtils - Instantiating TestContextBootstrapper for test class [com.example.demo.TaskManagementAppApplicationTests] from class [org.springframework.boot.test.context.SpringBootTestContextBootstrapper]
14:57:58.119 [Test worker] INFO org.springframework.boot.test.context.SpringBootTestContextBootstrapper - Neither @ContextConfiguration nor @ContextHierarchy found for test class [com.example.demo.TaskManagementAppApplicationTests], using SpringBootContextLoader
14:57:58.126 [Test worker] DEBUG org.springframework.test.context.support.AbstractContextLoader - Did not detect default resource location for test class [com.example.demo.TaskManagementAppApplicationTests]: class path resource [com/example/demo/TaskManagementAppApplicationTests-context.xml] does not exist
14:57:58.127 [Test worker] DEBUG org.springframework.test.context.support.AbstractContextLoader - Did not detect default resource location for test class [com.example.demo.TaskManagementAppApplicationTests]: class path resource [com/example/demo/TaskManagementAppApplicationTestsContext.groovy] does not exist
14:57:58.127 [Test worker] INFO org.springframework.test.context.support.AbstractContextLoader - Could not detect default resource locations for test class [com.example.demo.TaskManagementAppApplicationTests]: no resource found for suffixes {-context.xml, Context.groovy}.
14:57:58.128 [Test worker] INFO org.springframework.test.context.support.AnnotationConfigContextLoaderUtils - Could not detect default configuration classes for test class [com.example.demo.TaskManagementAppApplicationTests]: TaskManagementAppApplicationTests does not declare any static, non-private, non-final, nested classes annotated with @Configuration.
14:57:58.182 [Test worker] DEBUG org.springframework.test.context.support.ActiveProfilesUtils - Could not find an 'annotation declaring class' for annotation type [org.springframework.test.context.ActiveProfiles] and class [com.example.demo.TaskManagementAppApplicationTests]
14:57:58.272 [Test worker] DEBUG org.springframework.context.annotation.ClassPathScanningCandidateComponentProvider - Identified candidate component class: file [/Users/matsushitashun/git/TaskManagement/TaskManagementApp/build/classes/java/main/com/example/demo/TaskManagementAppApplication.class]
14:57:58.273 [Test worker] INFO org.springframework.boot.test.context.SpringBootTestContextBootstrapper - Found @SpringBootConfiguration com.example.demo.TaskManagementAppApplication for test class com.example.demo.TaskManagementAppApplicationTests
14:57:58.390 [Test worker] DEBUG org.springframework.boot.test.context.SpringBootTestContextBootstrapper - @TestExecutionListeners is not present for class [com.example.demo.TaskManagementAppApplicationTests]: using defaults.
14:57:58.391 [Test worker] INFO org.springframework.boot.test.context.SpringBootTestContextBootstrapper - Loaded default TestExecutionListener class names from location [META-INF/spring.factories]: [org.springframework.security.test.context.support.WithSecurityContextTestExecutionListener, org.springframework.security.test.context.support.ReactorContextTestExecutionListener, org.springframework.boot.test.autoconfigure.restdocs.RestDocsTestExecutionListener, org.springframework.boot.test.autoconfigure.web.client.MockRestServiceServerResetTestExecutionListener, org.springframework.boot.test.autoconfigure.web.servlet.MockMvcPrintOnlyOnFailureTestExecutionListener, org.springframework.boot.test.autoconfigure.web.servlet.WebDriverTestExecutionListener, org.springframework.boot.test.mock.mockito.MockitoTestExecutionListener, org.springframework.boot.test.mock.mockito.ResetMocksTestExecutionListener, org.springframework.test.context.web.ServletTestExecutionListener, org.springframework.test.context.support.DirtiesContextBeforeModesTestExecutionListener, org.springframework.test.context.support.DependencyInjectionTestExecutionListener, org.springframework.test.context.support.DirtiesContextTestExecutionListener, org.springframework.test.context.transaction.TransactionalTestExecutionListener, org.springframework.test.context.jdbc.SqlScriptsTestExecutionListener, org.springframework.test.context.event.EventPublishingTestExecutionListener]
14:57:58.416 [Test worker] INFO org.springframework.boot.test.context.SpringBootTestContextBootstrapper - Using TestExecutionListeners: [org.springframework.test.context.web.ServletTestExecutionListener@577f1d23, org.springframework.test.context.support.DirtiesContextBeforeModesTestExecutionListener@d03fbe4, org.springframework.boot.test.mock.mockito.MockitoTestExecutionListener@3b6f04fe, org.springframework.boot.test.autoconfigure.SpringBootDependencyInjectionTestExecutionListener@2fbda3f0, org.springframework.test.context.support.DirtiesContextTestExecutionListener@43521, org.springframework.test.context.transaction.TransactionalTestExecutionListener@124a321e, org.springframework.test.context.jdbc.SqlScriptsTestExecutionListener@51c19c5d, org.springframework.security.test.context.support.WithSecurityContextTestExecutionListener@13a117b6, org.springframework.test.context.event.EventPublishingTestExecutionListener@322d95de, org.springframework.security.test.context.support.ReactorContextTestExecutionListener@71349b47, org.springframework.boot.test.autoconfigure.restdocs.RestDocsTestExecutionListener@2c4ac248, org.springframework.boot.test.autoconfigure.web.client.MockRestServiceServerResetTestExecutionListener@37cd7cd0, org.springframework.boot.test.autoconfigure.web.servlet.MockMvcPrintOnlyOnFailureTestExecutionListener@69908c92, org.springframework.boot.test.autoconfigure.web.servlet.WebDriverTestExecutionListener@3cabcc44, org.springframework.boot.test.mock.mockito.ResetMocksTestExecutionListener@4689011b]
14:57:58.420 [Test worker] DEBUG org.springframework.test.context.support.AbstractDirtiesContextTestExecutionListener - Before test class: context [DefaultTestContext@225d8a2e testClass = TaskManagementAppApplicationTests, testInstance = [null], testMethod = [null], testException = [null], mergedContextConfiguration = [WebMergedContextConfiguration@388c2376 testClass = TaskManagementAppApplicationTests, locations = '{}', classes = '{class com.example.demo.TaskManagementAppApplication}', contextInitializerClasses = '[]', activeProfiles = '{}', propertySourceLocations = '{}', propertySourceProperties = '{org.springframework.boot.test.context.SpringBootTestContextBootstrapper=true}', contextCustomizers = set[org.springframework.boot.test.autoconfigure.properties.PropertyMappingContextCustomizer@0, org.springframework.boot.test.autoconfigure.web.servlet.WebDriverContextCustomizerFactory$Customizer@7d3b16d2, org.springframework.boot.test.context.filter.ExcludeFilterContextCustomizer@6ca36b0d, org.springframework.boot.test.json.DuplicateJsonObjectContextCustomizerFactory$DuplicateJsonObjectContextCustomizer@7f1b8706, org.springframework.boot.test.mock.mockito.MockitoContextCustomizer@0, org.springframework.boot.test.web.client.TestRestTemplateContextCustomizer@40949ecf], resourceBasePath = 'src/main/webapp', contextLoader = 'org.springframework.boot.test.context.SpringBootContextLoader', parent = [null]], attributes = map['org.springframework.test.context.web.ServletTestExecutionListener.activateListener' -> true]], class annotated with @DirtiesContext [false] with mode [null].
14:57:58.453 [Test worker] DEBUG org.springframework.test.context.support.TestPropertySourceUtils - Adding inlined properties to environment: {spring.jmx.enabled=false, org.springframework.boot.test.context.SpringBootTestContextBootstrapper=true, server.port=-1}

  .   ____          _            __ _ _
 /\\ / ___'_ __ _ _(_)_ __  __ _ \ \ \ \
( ( )\___ | '_ | '_| | '_ \/ _` | \ \ \ \
 \\/  ___)| |_)| | | | | || (_| |  ) ) ) )
  '  |____| .__|_| |_|_| |_\__, | / / / /
 =========|_|==============|___/=/_/_/_/
 :: Spring Boot ::        (v2.2.6.RELEASE)

2020-06-25 14:57:58.757  INFO 90728 --- [    Test worker] c.e.d.TaskManagementAppApplicationTests  : Starting TaskManagementAppApplicationTests on matsushitashunnoMacBook-Pro.local with PID 90728 (started by matsushitashun in /Users/matsushitashun/git/TaskManagement/TaskManagementApp)
2020-06-25 14:57:58.758  INFO 90728 --- [    Test worker] c.e.d.TaskManagementAppApplicationTests  : No active profile set, falling back to default profiles: default
2020-06-25 14:58:00.225  INFO 90728 --- [    Test worker] com.zaxxer.hikari.HikariDataSource       : HikariPool-1 - Starting...
2020-06-25 14:58:00.515  INFO 90728 --- [    Test worker] com.zaxxer.hikari.HikariDataSource       : HikariPool-1 - Start completed.
2020-06-25 14:58:01.084  INFO 90728 --- [    Test worker] o.s.s.concurrent.ThreadPoolTaskExecutor  : Initializing ExecutorService 'taskExecutor'
2020-06-25 14:58:01.619  INFO 90728 --- [    Test worker] o.s.b.a.w.s.WelcomePageHandlerMapping    : Adding welcome page template: index
2020-06-25 14:58:01.985  INFO 90728 --- [    Test worker] o.s.s.web.DefaultSecurityFilterChain     : Creating filter chain: Ant [pattern='/js/**'], []
2020-06-25 14:58:01.985  INFO 90728 --- [    Test worker] o.s.s.web.DefaultSecurityFilterChain     : Creating filter chain: Ant [pattern='/css/**'], []
2020-06-25 14:58:01.985  INFO 90728 --- [    Test worker] o.s.s.web.DefaultSecurityFilterChain     : Creating filter chain: Ant [pattern='/static/**'], []
2020-06-25 14:58:02.109  INFO 90728 --- [    Test worker] o.s.s.web.DefaultSecurityFilterChain     : Creating filter chain: any request, [org.springframework.security.web.context.request.async.WebAsyncManagerIntegrationFilter@11885589, org.springframework.security.web.context.SecurityContextPersistenceFilter@2199f60d, org.springframework.security.web.header.HeaderWriterFilter@62053ede, org.springframework.security.web.csrf.CsrfFilter@3221fb57, org.springframework.security.web.authentication.logout.LogoutFilter@6b342821, org.springframework.security.web.authentication.UsernamePasswordAuthenticationFilter@6b34daa8, org.springframework.security.web.session.ConcurrentSessionFilter@6951a6b6, org.springframework.security.web.savedrequest.RequestCacheAwareFilter@57e8b81, org.springframework.security.web.servletapi.SecurityContextHolderAwareRequestFilter@666dad6d, org.springframework.security.web.authentication.rememberme.RememberMeAuthenticationFilter@27bf9bb3, org.springframework.security.web.authentication.AnonymousAuthenticationFilter@5c4851b8, org.springframework.security.web.session.SessionManagementFilter@aea4bae, org.springframework.security.web.access.ExceptionTranslationFilter@7759e72d, org.springframework.security.web.access.intercept.FilterSecurityInterceptor@65d61350]
2020-06-25 14:58:02.267  INFO 90728 --- [    Test worker] s.a.ScheduledAnnotationBeanPostProcessor : No TaskScheduler/ScheduledExecutorService bean found for scheduled processing
2020-06-25 14:58:02.279  INFO 90728 --- [    Test worker] c.e.d.TaskManagementAppApplicationTests  : Started TaskManagementAppApplicationTests in 3.812 seconds (JVM running for 10.725)
]]></system-out>
  <system-err><![CDATA[]]></system-err>
</testsuite>
