<?xml version="1.0" encoding="UTF-8"?>
<testsuite name="com.example.demo.controller.Task" tests="2" skipped="0" failures="0" errors="0" timestamp="2020-06-29T06:39:17" hostname="matsushitashunnoMacBook-Pro.local" time="0.563">
  <properties/>
  <testcase name="readReceivedTaskのget()" classname="com.example.demo.controller.Task" time="0.53"/>
  <testcase name="editのget()" classname="com.example.demo.controller.Task" time="0.032"/>
  <system-out><![CDATA[2020-06-29 15:39:11.708  INFO 98328 --- [    Test worker] .b.t.a.w.s.WebMvcTestContextBootstrapper : Neither @ContextConfiguration nor @ContextHierarchy found for test class [com.example.demo.controller.Task], using SpringBootContextLoader
2020-06-29 15:39:11.709  INFO 98328 --- [    Test worker] o.s.t.c.support.AbstractContextLoader    : Could not detect default resource locations for test class [com.example.demo.controller.Task]: no resource found for suffixes {-context.xml, Context.groovy}.
2020-06-29 15:39:11.709  INFO 98328 --- [    Test worker] t.c.s.AnnotationConfigContextLoaderUtils : Could not detect default configuration classes for test class [com.example.demo.controller.Task]: Task does not declare any static, non-private, non-final, nested classes annotated with @Configuration.
2020-06-29 15:39:11.712  INFO 98328 --- [    Test worker] .b.t.c.SpringBootTestContextBootstrapper : Found @SpringBootConfiguration com.example.demo.TaskManagementAppApplication for test class com.example.demo.controller.Task
2020-06-29 15:39:11.712  INFO 98328 --- [    Test worker] .b.t.a.w.s.WebMvcTestContextBootstrapper : Loaded default TestExecutionListener class names from location [META-INF/spring.factories]: [org.springframework.security.test.context.support.WithSecurityContextTestExecutionListener, org.springframework.security.test.context.support.ReactorContextTestExecutionListener, org.springframework.boot.test.autoconfigure.restdocs.RestDocsTestExecutionListener, org.springframework.boot.test.autoconfigure.web.client.MockRestServiceServerResetTestExecutionListener, org.springframework.boot.test.autoconfigure.web.servlet.MockMvcPrintOnlyOnFailureTestExecutionListener, org.springframework.boot.test.autoconfigure.web.servlet.WebDriverTestExecutionListener, org.springframework.boot.test.mock.mockito.MockitoTestExecutionListener, org.springframework.boot.test.mock.mockito.ResetMocksTestExecutionListener, org.springframework.test.context.web.ServletTestExecutionListener, org.springframework.test.context.support.DirtiesContextBeforeModesTestExecutionListener, org.springframework.test.context.support.DependencyInjectionTestExecutionListener, org.springframework.test.context.support.DirtiesContextTestExecutionListener, org.springframework.test.context.transaction.TransactionalTestExecutionListener, org.springframework.test.context.jdbc.SqlScriptsTestExecutionListener, org.springframework.test.context.event.EventPublishingTestExecutionListener]
2020-06-29 15:39:11.713  INFO 98328 --- [    Test worker] .b.t.a.w.s.WebMvcTestContextBootstrapper : Using TestExecutionListeners: [org.springframework.test.context.web.ServletTestExecutionListener@68a71d43, org.springframework.test.context.support.DirtiesContextBeforeModesTestExecutionListener@2ba5004c, org.springframework.boot.test.mock.mockito.MockitoTestExecutionListener@79eb173f, org.springframework.boot.test.autoconfigure.SpringBootDependencyInjectionTestExecutionListener@55b3fc7a, org.springframework.test.context.support.DirtiesContextTestExecutionListener@5aeae8a, org.springframework.test.context.transaction.TransactionalTestExecutionListener@60a7913, org.springframework.test.context.jdbc.SqlScriptsTestExecutionListener@2779d402, org.springframework.security.test.context.support.WithSecurityContextTestExecutionListener@6d63bcbb, org.springframework.test.context.event.EventPublishingTestExecutionListener@1d498563, org.springframework.security.test.context.support.ReactorContextTestExecutionListener@485ea538, org.springframework.boot.test.autoconfigure.restdocs.RestDocsTestExecutionListener@21eea1f5, org.springframework.boot.test.autoconfigure.web.client.MockRestServiceServerResetTestExecutionListener@51985717, org.springframework.boot.test.autoconfigure.web.servlet.MockMvcPrintOnlyOnFailureTestExecutionListener@aba2da, org.springframework.boot.test.autoconfigure.web.servlet.WebDriverTestExecutionListener@3de1b092, org.springframework.boot.test.mock.mockito.ResetMocksTestExecutionListener@69d45fd2]

  .   ____          _            __ _ _
 /\\ / ___'_ __ _ _(_)_ __  __ _ \ \ \ \
( ( )\___ | '_ | '_| | '_ \/ _` | \ \ \ \
 \\/  ___)| |_)| | | | | || (_| |  ) ) ) )
  '  |____| .__|_| |_|_| |_\__, | / / / /
 =========|_|==============|___/=/_/_/_/
 :: Spring Boot ::        (v2.2.6.RELEASE)

2020-06-29 15:39:16.794  INFO 98328 --- [    Test worker] com.example.demo.controller.Task         : Starting Task on matsushitashunnoMacBook-Pro.local with PID 98328 (started by matsushitashun in /Users/matsushitashun/git/TaskManagement/TaskManagementApp)
2020-06-29 15:39:16.795  INFO 98328 --- [    Test worker] com.example.demo.controller.Task         : No active profile set, falling back to default profiles: default
2020-06-29 15:39:17.059  INFO 98328 --- [    Test worker] o.s.s.concurrent.ThreadPoolTaskExecutor  : Initializing ExecutorService 'applicationTaskExecutor'
2020-06-29 15:39:17.079  INFO 98328 --- [    Test worker] o.s.b.a.w.s.WelcomePageHandlerMapping    : Adding welcome page template: index
2020-06-29 15:39:17.159  INFO 98328 --- [    Test worker] o.s.s.web.DefaultSecurityFilterChain     : Creating filter chain: Ant [pattern='/js/**'], []
2020-06-29 15:39:17.159  INFO 98328 --- [    Test worker] o.s.s.web.DefaultSecurityFilterChain     : Creating filter chain: Ant [pattern='/css/**'], []
2020-06-29 15:39:17.159  INFO 98328 --- [    Test worker] o.s.s.web.DefaultSecurityFilterChain     : Creating filter chain: Ant [pattern='/static/**'], []
2020-06-29 15:39:17.207  INFO 98328 --- [    Test worker] o.s.s.web.DefaultSecurityFilterChain     : Creating filter chain: any request, [org.springframework.security.web.context.request.async.WebAsyncManagerIntegrationFilter@43327602, org.springframework.security.web.context.SecurityContextPersistenceFilter@182f14ab, org.springframework.security.web.header.HeaderWriterFilter@5b56a0ba, org.springframework.security.web.csrf.CsrfFilter@54007133, org.springframework.security.web.authentication.logout.LogoutFilter@328db9ea, org.springframework.security.web.authentication.UsernamePasswordAuthenticationFilter@263a9a7d, org.springframework.security.web.session.ConcurrentSessionFilter@5e760e87, org.springframework.security.web.savedrequest.RequestCacheAwareFilter@76122464, org.springframework.security.web.servletapi.SecurityContextHolderAwareRequestFilter@3c0b5661, org.springframework.security.web.authentication.rememberme.RememberMeAuthenticationFilter@6b30263f, org.springframework.security.web.authentication.AnonymousAuthenticationFilter@10448bd1, org.springframework.security.web.session.SessionManagementFilter@9287f78, org.springframework.security.web.access.ExceptionTranslationFilter@21ecee6c, org.springframework.security.web.access.intercept.FilterSecurityInterceptor@44e2e8f5]
2020-06-29 15:39:17.220  INFO 98328 --- [    Test worker] o.s.b.t.m.w.SpringBootMockServletContext : Initializing Spring TestDispatcherServlet ''
2020-06-29 15:39:17.220  INFO 98328 --- [    Test worker] o.s.t.web.servlet.TestDispatcherServlet  : Initializing Servlet ''
2020-06-29 15:39:17.224  INFO 98328 --- [    Test worker] o.s.t.web.servlet.TestDispatcherServlet  : Completed initialization in 4 ms
2020-06-29 15:39:17.233  INFO 98328 --- [    Test worker] com.example.demo.controller.Task         : Started Task in 5.457 seconds (JVM running for 1594.963)
]]></system-out>
  <system-err><![CDATA[]]></system-err>
</testsuite>
