<?xml version="1.0" encoding="UTF-8"?>
<testsuite name="com.example.demo.domain.TaskFormTest" tests="10" skipped="0" failures="0" errors="0" timestamp="2020-06-25T05:58:13" hostname="matsushitashunnoMacBook-Pro.local" time="0.044">
  <properties/>
  <testcase name="titleの空文字(String)[1]" classname="com.example.demo.domain.TaskFormTest" time="0.013"/>
  <testcase name="titleの空文字(String)[2]" classname="com.example.demo.domain.TaskFormTest" time="0.003"/>
  <testcase name="titleのバリデーション通過(String)[1]" classname="com.example.demo.domain.TaskFormTest" time="0.002"/>
  <testcase name="titleのバリデーション通過(String)[2]" classname="com.example.demo.domain.TaskFormTest" time="0.002"/>
  <testcase name="userAddresseeIdのバリデーション通過(int)[1]" classname="com.example.demo.domain.TaskFormTest" time="0.002"/>
  <testcase name="userAddresseeIdのバリデーション通過(int)[2]" classname="com.example.demo.domain.TaskFormTest" time="0.002"/>
  <testcase name="userAddresseeIdのバリデーション通過(int)[3]" classname="com.example.demo.domain.TaskFormTest" time="0.002"/>
  <testcase name="userAddresseeIdに0の不正値を入力(int)[1]" classname="com.example.demo.domain.TaskFormTest" time="0.002"/>
  <testcase name="userAddresseeIdに0の不正値を入力(int)[2]" classname="com.example.demo.domain.TaskFormTest" time="0.002"/>
  <testcase name="titleの文字超過(String)[1]" classname="com.example.demo.domain.TaskFormTest" time="0.002"/>
  <system-out><![CDATA[2020-06-25 14:58:13.352  INFO 90728 --- [    Test worker] .b.t.c.SpringBootTestContextBootstrapper : Neither @ContextConfiguration nor @ContextHierarchy found for test class [com.example.demo.domain.TaskFormTest], using SpringBootContextLoader
2020-06-25 14:58:13.353  INFO 90728 --- [    Test worker] o.s.t.c.support.AbstractContextLoader    : Could not detect default resource locations for test class [com.example.demo.domain.TaskFormTest]: no resource found for suffixes {-context.xml, Context.groovy}.
2020-06-25 14:58:13.353  INFO 90728 --- [    Test worker] t.c.s.AnnotationConfigContextLoaderUtils : Could not detect default configuration classes for test class [com.example.demo.domain.TaskFormTest]: TaskFormTest does not declare any static, non-private, non-final, nested classes annotated with @Configuration.
2020-06-25 14:58:13.356  INFO 90728 --- [    Test worker] .b.t.c.SpringBootTestContextBootstrapper : Found @SpringBootConfiguration com.example.demo.TaskManagementAppApplication for test class com.example.demo.domain.TaskFormTest
2020-06-25 14:58:13.357  INFO 90728 --- [    Test worker] .b.t.c.SpringBootTestContextBootstrapper : Loaded default TestExecutionListener class names from location [META-INF/spring.factories]: [org.springframework.security.test.context.support.WithSecurityContextTestExecutionListener, org.springframework.security.test.context.support.ReactorContextTestExecutionListener, org.springframework.boot.test.autoconfigure.restdocs.RestDocsTestExecutionListener, org.springframework.boot.test.autoconfigure.web.client.MockRestServiceServerResetTestExecutionListener, org.springframework.boot.test.autoconfigure.web.servlet.MockMvcPrintOnlyOnFailureTestExecutionListener, org.springframework.boot.test.autoconfigure.web.servlet.WebDriverTestExecutionListener, org.springframework.boot.test.mock.mockito.MockitoTestExecutionListener, org.springframework.boot.test.mock.mockito.ResetMocksTestExecutionListener, org.springframework.test.context.web.ServletTestExecutionListener, org.springframework.test.context.support.DirtiesContextBeforeModesTestExecutionListener, org.springframework.test.context.support.DependencyInjectionTestExecutionListener, org.springframework.test.context.support.DirtiesContextTestExecutionListener, org.springframework.test.context.transaction.TransactionalTestExecutionListener, org.springframework.test.context.jdbc.SqlScriptsTestExecutionListener, org.springframework.test.context.event.EventPublishingTestExecutionListener]
2020-06-25 14:58:13.357  INFO 90728 --- [    Test worker] .b.t.c.SpringBootTestContextBootstrapper : Using TestExecutionListeners: [org.springframework.test.context.web.ServletTestExecutionListener@d40d822, org.springframework.test.context.support.DirtiesContextBeforeModesTestExecutionListener@7c832a9d, org.springframework.boot.test.mock.mockito.MockitoTestExecutionListener@2aaf7040, org.springframework.boot.test.autoconfigure.SpringBootDependencyInjectionTestExecutionListener@1404f9bc, org.springframework.test.context.support.DirtiesContextTestExecutionListener@1f8ea2d6, org.springframework.test.context.transaction.TransactionalTestExecutionListener@7abca478, org.springframework.test.context.jdbc.SqlScriptsTestExecutionListener@2b40f61f, org.springframework.security.test.context.support.WithSecurityContextTestExecutionListener@183a33d2, org.springframework.test.context.event.EventPublishingTestExecutionListener@7248ba11, org.springframework.security.test.context.support.ReactorContextTestExecutionListener@6d485f44, org.springframework.boot.test.autoconfigure.restdocs.RestDocsTestExecutionListener@4114acfc, org.springframework.boot.test.autoconfigure.web.client.MockRestServiceServerResetTestExecutionListener@879b3af, org.springframework.boot.test.autoconfigure.web.servlet.MockMvcPrintOnlyOnFailureTestExecutionListener@3f561883, org.springframework.boot.test.autoconfigure.web.servlet.WebDriverTestExecutionListener@10cbc252, org.springframework.boot.test.mock.mockito.ResetMocksTestExecutionListener@74dceffb]
]]></system-out>
  <system-err><![CDATA[]]></system-err>
</testsuite>
