<?xml version="1.0" encoding="UTF-8"?>
<testsuite name="com.example.demo.controller.Task" tests="2" skipped="0" failures="0" errors="0" timestamp="2020-06-14T02:00:39" hostname="matsushitashunnoMacBook-Pro.local" time="0.529">
  <properties/>
  <testcase name="readReceivedTaskのget()" classname="com.example.demo.controller.Task" time="0.496"/>
  <testcase name="editのget()" classname="com.example.demo.controller.Task" time="0.032"/>
  <system-out><![CDATA[2020-06-14 11:00:38.553  INFO 70016 --- [    Test worker] .b.t.a.w.s.WebMvcTestContextBootstrapper : Neither @ContextConfiguration nor @ContextHierarchy found for test class [com.example.demo.controller.Task], using SpringBootContextLoader
2020-06-14 11:00:38.554  INFO 70016 --- [    Test worker] o.s.t.c.support.AbstractContextLoader    : Could not detect default resource locations for test class [com.example.demo.controller.Task]: no resource found for suffixes {-context.xml, Context.groovy}.
2020-06-14 11:00:38.554  INFO 70016 --- [    Test worker] t.c.s.AnnotationConfigContextLoaderUtils : Could not detect default configuration classes for test class [com.example.demo.controller.Task]: Task does not declare any static, non-private, non-final, nested classes annotated with @Configuration.
2020-06-14 11:00:38.556  INFO 70016 --- [    Test worker] .b.t.c.SpringBootTestContextBootstrapper : Found @SpringBootConfiguration com.example.demo.TaskManagementAppApplication for test class com.example.demo.controller.Task
2020-06-14 11:00:38.557  INFO 70016 --- [    Test worker] .b.t.a.w.s.WebMvcTestContextBootstrapper : Loaded default TestExecutionListener class names from location [META-INF/spring.factories]: [org.springframework.security.test.context.support.WithSecurityContextTestExecutionListener, org.springframework.security.test.context.support.ReactorContextTestExecutionListener, org.springframework.boot.test.autoconfigure.restdocs.RestDocsTestExecutionListener, org.springframework.boot.test.autoconfigure.web.client.MockRestServiceServerResetTestExecutionListener, org.springframework.boot.test.autoconfigure.web.servlet.MockMvcPrintOnlyOnFailureTestExecutionListener, org.springframework.boot.test.autoconfigure.web.servlet.WebDriverTestExecutionListener, org.springframework.boot.test.mock.mockito.MockitoTestExecutionListener, org.springframework.boot.test.mock.mockito.ResetMocksTestExecutionListener, org.springframework.test.context.web.ServletTestExecutionListener, org.springframework.test.context.support.DirtiesContextBeforeModesTestExecutionListener, org.springframework.test.context.support.DependencyInjectionTestExecutionListener, org.springframework.test.context.support.DirtiesContextTestExecutionListener, org.springframework.test.context.transaction.TransactionalTestExecutionListener, org.springframework.test.context.jdbc.SqlScriptsTestExecutionListener, org.springframework.test.context.event.EventPublishingTestExecutionListener]
2020-06-14 11:00:38.557  INFO 70016 --- [    Test worker] .b.t.a.w.s.WebMvcTestContextBootstrapper : Using TestExecutionListeners: [org.springframework.test.context.web.ServletTestExecutionListener@422837f0, org.springframework.test.context.support.DirtiesContextBeforeModesTestExecutionListener@440c827e, org.springframework.boot.test.mock.mockito.MockitoTestExecutionListener@484cb156, org.springframework.boot.test.autoconfigure.SpringBootDependencyInjectionTestExecutionListener@1ee6904e, org.springframework.test.context.support.DirtiesContextTestExecutionListener@1d72a3d5, org.springframework.test.context.transaction.TransactionalTestExecutionListener@3d4ddd77, org.springframework.test.context.jdbc.SqlScriptsTestExecutionListener@10260d89, org.springframework.security.test.context.support.WithSecurityContextTestExecutionListener@3ae88b23, org.springframework.test.context.event.EventPublishingTestExecutionListener@328cfba0, org.springframework.security.test.context.support.ReactorContextTestExecutionListener@61f92ee3, org.springframework.boot.test.autoconfigure.restdocs.RestDocsTestExecutionListener@41932d10, org.springframework.boot.test.autoconfigure.web.client.MockRestServiceServerResetTestExecutionListener@3fdc0792, org.springframework.boot.test.autoconfigure.web.servlet.MockMvcPrintOnlyOnFailureTestExecutionListener@6a58ba32, org.springframework.boot.test.autoconfigure.web.servlet.WebDriverTestExecutionListener@427e0fac, org.springframework.boot.test.mock.mockito.ResetMocksTestExecutionListener@1a5d415e]

  .   ____          _            __ _ _
 /\\ / ___'_ __ _ _(_)_ __  __ _ \ \ \ \
( ( )\___ | '_ | '_| | '_ \/ _` | \ \ \ \
 \\/  ___)| |_)| | | | | || (_| |  ) ) ) )
  '  |____| .__|_| |_|_| |_\__, | / / / /
 =========|_|==============|___/=/_/_/_/
 :: Spring Boot ::        (v2.2.6.RELEASE)

2020-06-14 11:00:38.612  INFO 70016 --- [    Test worker] com.example.demo.controller.Task         : Starting Task on matsushitashunnoMacBook-Pro.local with PID 70016 (started by matsushitashun in /Users/matsushitashun/git/TaskManagement/TaskManagementApp)
2020-06-14 11:00:38.612  INFO 70016 --- [    Test worker] com.example.demo.controller.Task         : No active profile set, falling back to default profiles: default
2020-06-14 11:00:38.830  INFO 70016 --- [    Test worker] o.s.s.concurrent.ThreadPoolTaskExecutor  : Initializing ExecutorService 'applicationTaskExecutor'
2020-06-14 11:00:38.850  INFO 70016 --- [    Test worker] o.s.b.a.w.s.WelcomePageHandlerMapping    : Adding welcome page template: index
2020-06-14 11:00:38.927  INFO 70016 --- [    Test worker] o.s.s.web.DefaultSecurityFilterChain     : Creating filter chain: Ant [pattern='/js/**'], []
2020-06-14 11:00:38.927  INFO 70016 --- [    Test worker] o.s.s.web.DefaultSecurityFilterChain     : Creating filter chain: Ant [pattern='/css/**'], []
2020-06-14 11:00:38.927  INFO 70016 --- [    Test worker] o.s.s.web.DefaultSecurityFilterChain     : Creating filter chain: Ant [pattern='/static/**'], []
2020-06-14 11:00:38.976  INFO 70016 --- [    Test worker] o.s.s.web.DefaultSecurityFilterChain     : Creating filter chain: any request, [org.springframework.security.web.context.request.async.WebAsyncManagerIntegrationFilter@313bd935, org.springframework.security.web.context.SecurityContextPersistenceFilter@6f04c57a, org.springframework.security.web.header.HeaderWriterFilter@649d83f0, org.springframework.security.web.csrf.CsrfFilter@45009efb, org.springframework.security.web.authentication.logout.LogoutFilter@5ab536c8, org.springframework.security.web.authentication.UsernamePasswordAuthenticationFilter@4301e6b3, org.springframework.security.web.session.ConcurrentSessionFilter@531954a6, org.springframework.security.web.savedrequest.RequestCacheAwareFilter@678e4969, org.springframework.security.web.servletapi.SecurityContextHolderAwareRequestFilter@a76d751, org.springframework.security.web.authentication.rememberme.RememberMeAuthenticationFilter@2557f8d7, org.springframework.security.web.authentication.AnonymousAuthenticationFilter@60b1c82a, org.springframework.security.web.session.SessionManagementFilter@12aff74e, org.springframework.security.web.access.ExceptionTranslationFilter@10b58295, org.springframework.security.web.access.intercept.FilterSecurityInterceptor@1638ec74]
2020-06-14 11:00:38.987  INFO 70016 --- [    Test worker] o.s.b.t.m.w.SpringBootMockServletContext : Initializing Spring TestDispatcherServlet ''
2020-06-14 11:00:38.987  INFO 70016 --- [    Test worker] o.s.t.web.servlet.TestDispatcherServlet  : Initializing Servlet ''
2020-06-14 11:00:38.991  INFO 70016 --- [    Test worker] o.s.t.web.servlet.TestDispatcherServlet  : Completed initialization in 3 ms
2020-06-14 11:00:39.000  INFO 70016 --- [    Test worker] com.example.demo.controller.Task         : Started Task in 0.4 seconds (JVM running for 50.057)
]]></system-out>
  <system-err><![CDATA[]]></system-err>
</testsuite>
