<?xml version="1.0" encoding="UTF-8"?>
<testsuite name="com.example.demo.service.JavaMailSenderTest" tests="5" skipped="1" failures="0" errors="0" timestamp="2020-07-11T16:04:34" hostname="matsushitashunnoMacBook-Pro.local" time="0.074">
  <properties/>
  <testcase name="testSendAndReceive()" classname="com.example.demo.service.JavaMailSenderTest" time="0.001">
    <skipped/>
  </testcase>
  <testcase name="exceptionTest()" classname="com.example.demo.service.JavaMailSenderTest" time="0.056"/>
  <testcase name="exvenTrue(int)[1]" classname="com.example.demo.service.JavaMailSenderTest" time="0.004"/>
  <testcase name="exvenTrue(int)[2]" classname="com.example.demo.service.JavaMailSenderTest" time="0.005"/>
  <testcase name="exvenTrue(int)[3]" classname="com.example.demo.service.JavaMailSenderTest" time="0.004"/>
  <system-out><![CDATA[2020-07-12 01:04:34.347  INFO 29039 --- [    Test worker] .b.t.c.SpringBootTestContextBootstrapper : Neither @ContextConfiguration nor @ContextHierarchy found for test class [com.example.demo.service.JavaMailSenderTest], using SpringBootContextLoader
2020-07-12 01:04:34.348  INFO 29039 --- [    Test worker] o.s.t.c.support.AbstractContextLoader    : Could not detect default resource locations for test class [com.example.demo.service.JavaMailSenderTest]: no resource found for suffixes {-context.xml, Context.groovy}.
2020-07-12 01:04:34.348  INFO 29039 --- [    Test worker] t.c.s.AnnotationConfigContextLoaderUtils : Could not detect default configuration classes for test class [com.example.demo.service.JavaMailSenderTest]: JavaMailSenderTest does not declare any static, non-private, non-final, nested classes annotated with @Configuration.
2020-07-12 01:04:34.351  INFO 29039 --- [    Test worker] .b.t.c.SpringBootTestContextBootstrapper : Found @SpringBootConfiguration com.example.demo.TaskManagementAppApplication for test class com.example.demo.service.JavaMailSenderTest
2020-07-12 01:04:34.351  INFO 29039 --- [    Test worker] .b.t.c.SpringBootTestContextBootstrapper : Loaded default TestExecutionListener class names from location [META-INF/spring.factories]: [org.springframework.security.test.context.support.WithSecurityContextTestExecutionListener, org.springframework.security.test.context.support.ReactorContextTestExecutionListener, org.springframework.boot.test.autoconfigure.restdocs.RestDocsTestExecutionListener, org.springframework.boot.test.autoconfigure.web.client.MockRestServiceServerResetTestExecutionListener, org.springframework.boot.test.autoconfigure.web.servlet.MockMvcPrintOnlyOnFailureTestExecutionListener, org.springframework.boot.test.autoconfigure.web.servlet.WebDriverTestExecutionListener, org.springframework.boot.test.mock.mockito.MockitoTestExecutionListener, org.springframework.boot.test.mock.mockito.ResetMocksTestExecutionListener, org.springframework.test.context.web.ServletTestExecutionListener, org.springframework.test.context.support.DirtiesContextBeforeModesTestExecutionListener, org.springframework.test.context.support.DependencyInjectionTestExecutionListener, org.springframework.test.context.support.DirtiesContextTestExecutionListener, org.springframework.test.context.transaction.TransactionalTestExecutionListener, org.springframework.test.context.jdbc.SqlScriptsTestExecutionListener, org.springframework.test.context.event.EventPublishingTestExecutionListener]
2020-07-12 01:04:34.352  INFO 29039 --- [    Test worker] .b.t.c.SpringBootTestContextBootstrapper : Using TestExecutionListeners: [org.springframework.test.context.web.ServletTestExecutionListener@99e1a95, org.springframework.test.context.support.DirtiesContextBeforeModesTestExecutionListener@29d40525, org.springframework.boot.test.mock.mockito.MockitoTestExecutionListener@44026382, org.springframework.boot.test.autoconfigure.SpringBootDependencyInjectionTestExecutionListener@4ed6be9, org.springframework.test.context.support.DirtiesContextTestExecutionListener@7d5e8353, org.springframework.test.context.transaction.TransactionalTestExecutionListener@742a5cf0, org.springframework.test.context.jdbc.SqlScriptsTestExecutionListener@23e32f84, org.springframework.security.test.context.support.WithSecurityContextTestExecutionListener@4cbeba32, org.springframework.test.context.event.EventPublishingTestExecutionListener@4573fced, org.springframework.security.test.context.support.ReactorContextTestExecutionListener@6318e56f, org.springframework.boot.test.autoconfigure.restdocs.RestDocsTestExecutionListener@59bd6987, org.springframework.boot.test.autoconfigure.web.client.MockRestServiceServerResetTestExecutionListener@60eb37a8, org.springframework.boot.test.autoconfigure.web.servlet.MockMvcPrintOnlyOnFailureTestExecutionListener@3aa52bcc, org.springframework.boot.test.autoconfigure.web.servlet.WebDriverTestExecutionListener@1eb2826a, org.springframework.boot.test.mock.mockito.ResetMocksTestExecutionListener@2c71216a]
2020-07-12 01:04:34.357  INFO 29039 --- [    Test worker] o.s.t.c.transaction.TransactionContext   : Began transaction (1) for test context [DefaultTestContext@6a9aafb6 testClass = JavaMailSenderTest, testInstance = com.example.demo.service.JavaMailSenderTest@113b2c8d, testMethod = exceptionTest@JavaMailSenderTest, testException = [null], mergedContextConfiguration = [WebMergedContextConfiguration@27e6dd27 testClass = JavaMailSenderTest, locations = '{}', classes = '{class com.example.demo.TaskManagementAppApplication}', contextInitializerClasses = '[]', activeProfiles = '{}', propertySourceLocations = '{classpath:/test.properties}', propertySourceProperties = '{org.springframework.boot.test.context.SpringBootTestContextBootstrapper=true}', contextCustomizers = set[org.springframework.boot.test.autoconfigure.properties.PropertyMappingContextCustomizer@0, org.springframework.boot.test.autoconfigure.web.servlet.WebDriverContextCustomizerFactory$Customizer@5ee63aab, org.springframework.boot.test.context.filter.ExcludeFilterContextCustomizer@50d24748, org.springframework.boot.test.json.DuplicateJsonObjectContextCustomizerFactory$DuplicateJsonObjectContextCustomizer@7232a26e, org.springframework.boot.test.mock.mockito.MockitoContextCustomizer@0, org.springframework.boot.test.web.client.TestRestTemplateContextCustomizer@2acc0825], resourceBasePath = 'src/main/webapp', contextLoader = 'org.springframework.boot.test.context.SpringBootContextLoader', parent = [null]], attributes = map['org.springframework.test.context.web.ServletTestExecutionListener.activateListener' -> true, 'org.springframework.test.context.web.ServletTestExecutionListener.populatedRequestContextHolder' -> true, 'org.springframework.test.context.web.ServletTestExecutionListener.resetRequestContextHolder' -> true]]; transaction manager [org.springframework.jdbc.datasource.DataSourceTransactionManager@4dfe9a86]; rollback [true]
2020-07-12 01:04:34.412  INFO 29039 --- [    Test worker] o.s.t.c.transaction.TransactionContext   : Rolled back transaction for test: [DefaultTestContext@6a9aafb6 testClass = JavaMailSenderTest, testInstance = com.example.demo.service.JavaMailSenderTest@113b2c8d, testMethod = exceptionTest@JavaMailSenderTest, testException = [null], mergedContextConfiguration = [WebMergedContextConfiguration@27e6dd27 testClass = JavaMailSenderTest, locations = '{}', classes = '{class com.example.demo.TaskManagementAppApplication}', contextInitializerClasses = '[]', activeProfiles = '{}', propertySourceLocations = '{classpath:/test.properties}', propertySourceProperties = '{org.springframework.boot.test.context.SpringBootTestContextBootstrapper=true}', contextCustomizers = set[org.springframework.boot.test.autoconfigure.properties.PropertyMappingContextCustomizer@0, org.springframework.boot.test.autoconfigure.web.servlet.WebDriverContextCustomizerFactory$Customizer@5ee63aab, org.springframework.boot.test.context.filter.ExcludeFilterContextCustomizer@50d24748, org.springframework.boot.test.json.DuplicateJsonObjectContextCustomizerFactory$DuplicateJsonObjectContextCustomizer@7232a26e, org.springframework.boot.test.mock.mockito.MockitoContextCustomizer@0, org.springframework.boot.test.web.client.TestRestTemplateContextCustomizer@2acc0825], resourceBasePath = 'src/main/webapp', contextLoader = 'org.springframework.boot.test.context.SpringBootContextLoader', parent = [null]], attributes = map['org.springframework.test.context.web.ServletTestExecutionListener.activateListener' -> true, 'org.springframework.test.context.web.ServletTestExecutionListener.populatedRequestContextHolder' -> true, 'org.springframework.test.context.web.ServletTestExecutionListener.resetRequestContextHolder' -> true]]
2020-07-12 01:04:34.414  INFO 29039 --- [    Test worker] o.s.t.c.transaction.TransactionContext   : Began transaction (1) for test context [DefaultTestContext@6a9aafb6 testClass = JavaMailSenderTest, testInstance = com.example.demo.service.JavaMailSenderTest@20a926d7, testMethod = exvenTrue@JavaMailSenderTest, testException = [null], mergedContextConfiguration = [WebMergedContextConfiguration@27e6dd27 testClass = JavaMailSenderTest, locations = '{}', classes = '{class com.example.demo.TaskManagementAppApplication}', contextInitializerClasses = '[]', activeProfiles = '{}', propertySourceLocations = '{classpath:/test.properties}', propertySourceProperties = '{org.springframework.boot.test.context.SpringBootTestContextBootstrapper=true}', contextCustomizers = set[org.springframework.boot.test.autoconfigure.properties.PropertyMappingContextCustomizer@0, org.springframework.boot.test.autoconfigure.web.servlet.WebDriverContextCustomizerFactory$Customizer@5ee63aab, org.springframework.boot.test.context.filter.ExcludeFilterContextCustomizer@50d24748, org.springframework.boot.test.json.DuplicateJsonObjectContextCustomizerFactory$DuplicateJsonObjectContextCustomizer@7232a26e, org.springframework.boot.test.mock.mockito.MockitoContextCustomizer@0, org.springframework.boot.test.web.client.TestRestTemplateContextCustomizer@2acc0825], resourceBasePath = 'src/main/webapp', contextLoader = 'org.springframework.boot.test.context.SpringBootContextLoader', parent = [null]], attributes = map['org.springframework.test.context.web.ServletTestExecutionListener.activateListener' -> true, 'org.springframework.test.context.web.ServletTestExecutionListener.populatedRequestContextHolder' -> true, 'org.springframework.test.context.web.ServletTestExecutionListener.resetRequestContextHolder' -> true]]; transaction manager [org.springframework.jdbc.datasource.DataSourceTransactionManager@4dfe9a86]; rollback [true]
2020-07-12 01:04:34.418  INFO 29039 --- [    Test worker] o.s.t.c.transaction.TransactionContext   : Rolled back transaction for test: [DefaultTestContext@6a9aafb6 testClass = JavaMailSenderTest, testInstance = com.example.demo.service.JavaMailSenderTest@20a926d7, testMethod = exvenTrue@JavaMailSenderTest, testException = [null], mergedContextConfiguration = [WebMergedContextConfiguration@27e6dd27 testClass = JavaMailSenderTest, locations = '{}', classes = '{class com.example.demo.TaskManagementAppApplication}', contextInitializerClasses = '[]', activeProfiles = '{}', propertySourceLocations = '{classpath:/test.properties}', propertySourceProperties = '{org.springframework.boot.test.context.SpringBootTestContextBootstrapper=true}', contextCustomizers = set[org.springframework.boot.test.autoconfigure.properties.PropertyMappingContextCustomizer@0, org.springframework.boot.test.autoconfigure.web.servlet.WebDriverContextCustomizerFactory$Customizer@5ee63aab, org.springframework.boot.test.context.filter.ExcludeFilterContextCustomizer@50d24748, org.springframework.boot.test.json.DuplicateJsonObjectContextCustomizerFactory$DuplicateJsonObjectContextCustomizer@7232a26e, org.springframework.boot.test.mock.mockito.MockitoContextCustomizer@0, org.springframework.boot.test.web.client.TestRestTemplateContextCustomizer@2acc0825], resourceBasePath = 'src/main/webapp', contextLoader = 'org.springframework.boot.test.context.SpringBootContextLoader', parent = [null]], attributes = map['org.springframework.test.context.web.ServletTestExecutionListener.activateListener' -> true, 'org.springframework.test.context.web.ServletTestExecutionListener.populatedRequestContextHolder' -> true, 'org.springframework.test.context.web.ServletTestExecutionListener.resetRequestContextHolder' -> true]]
2020-07-12 01:04:34.420  INFO 29039 --- [    Test worker] o.s.t.c.transaction.TransactionContext   : Began transaction (1) for test context [DefaultTestContext@6a9aafb6 testClass = JavaMailSenderTest, testInstance = com.example.demo.service.JavaMailSenderTest@296c0972, testMethod = exvenTrue@JavaMailSenderTest, testException = [null], mergedContextConfiguration = [WebMergedContextConfiguration@27e6dd27 testClass = JavaMailSenderTest, locations = '{}', classes = '{class com.example.demo.TaskManagementAppApplication}', contextInitializerClasses = '[]', activeProfiles = '{}', propertySourceLocations = '{classpath:/test.properties}', propertySourceProperties = '{org.springframework.boot.test.context.SpringBootTestContextBootstrapper=true}', contextCustomizers = set[org.springframework.boot.test.autoconfigure.properties.PropertyMappingContextCustomizer@0, org.springframework.boot.test.autoconfigure.web.servlet.WebDriverContextCustomizerFactory$Customizer@5ee63aab, org.springframework.boot.test.context.filter.ExcludeFilterContextCustomizer@50d24748, org.springframework.boot.test.json.DuplicateJsonObjectContextCustomizerFactory$DuplicateJsonObjectContextCustomizer@7232a26e, org.springframework.boot.test.mock.mockito.MockitoContextCustomizer@0, org.springframework.boot.test.web.client.TestRestTemplateContextCustomizer@2acc0825], resourceBasePath = 'src/main/webapp', contextLoader = 'org.springframework.boot.test.context.SpringBootContextLoader', parent = [null]], attributes = map['org.springframework.test.context.web.ServletTestExecutionListener.activateListener' -> true, 'org.springframework.test.context.web.ServletTestExecutionListener.populatedRequestContextHolder' -> true, 'org.springframework.test.context.web.ServletTestExecutionListener.resetRequestContextHolder' -> true]]; transaction manager [org.springframework.jdbc.datasource.DataSourceTransactionManager@4dfe9a86]; rollback [true]
2020-07-12 01:04:34.423  INFO 29039 --- [    Test worker] o.s.t.c.transaction.TransactionContext   : Rolled back transaction for test: [DefaultTestContext@6a9aafb6 testClass = JavaMailSenderTest, testInstance = com.example.demo.service.JavaMailSenderTest@296c0972, testMethod = exvenTrue@JavaMailSenderTest, testException = [null], mergedContextConfiguration = [WebMergedContextConfiguration@27e6dd27 testClass = JavaMailSenderTest, locations = '{}', classes = '{class com.example.demo.TaskManagementAppApplication}', contextInitializerClasses = '[]', activeProfiles = '{}', propertySourceLocations = '{classpath:/test.properties}', propertySourceProperties = '{org.springframework.boot.test.context.SpringBootTestContextBootstrapper=true}', contextCustomizers = set[org.springframework.boot.test.autoconfigure.properties.PropertyMappingContextCustomizer@0, org.springframework.boot.test.autoconfigure.web.servlet.WebDriverContextCustomizerFactory$Customizer@5ee63aab, org.springframework.boot.test.context.filter.ExcludeFilterContextCustomizer@50d24748, org.springframework.boot.test.json.DuplicateJsonObjectContextCustomizerFactory$DuplicateJsonObjectContextCustomizer@7232a26e, org.springframework.boot.test.mock.mockito.MockitoContextCustomizer@0, org.springframework.boot.test.web.client.TestRestTemplateContextCustomizer@2acc0825], resourceBasePath = 'src/main/webapp', contextLoader = 'org.springframework.boot.test.context.SpringBootContextLoader', parent = [null]], attributes = map['org.springframework.test.context.web.ServletTestExecutionListener.activateListener' -> true, 'org.springframework.test.context.web.ServletTestExecutionListener.populatedRequestContextHolder' -> true, 'org.springframework.test.context.web.ServletTestExecutionListener.resetRequestContextHolder' -> true]]
2020-07-12 01:04:34.425  INFO 29039 --- [    Test worker] o.s.t.c.transaction.TransactionContext   : Began transaction (1) for test context [DefaultTestContext@6a9aafb6 testClass = JavaMailSenderTest, testInstance = com.example.demo.service.JavaMailSenderTest@2d8512d4, testMethod = exvenTrue@JavaMailSenderTest, testException = [null], mergedContextConfiguration = [WebMergedContextConfiguration@27e6dd27 testClass = JavaMailSenderTest, locations = '{}', classes = '{class com.example.demo.TaskManagementAppApplication}', contextInitializerClasses = '[]', activeProfiles = '{}', propertySourceLocations = '{classpath:/test.properties}', propertySourceProperties = '{org.springframework.boot.test.context.SpringBootTestContextBootstrapper=true}', contextCustomizers = set[org.springframework.boot.test.autoconfigure.properties.PropertyMappingContextCustomizer@0, org.springframework.boot.test.autoconfigure.web.servlet.WebDriverContextCustomizerFactory$Customizer@5ee63aab, org.springframework.boot.test.context.filter.ExcludeFilterContextCustomizer@50d24748, org.springframework.boot.test.json.DuplicateJsonObjectContextCustomizerFactory$DuplicateJsonObjectContextCustomizer@7232a26e, org.springframework.boot.test.mock.mockito.MockitoContextCustomizer@0, org.springframework.boot.test.web.client.TestRestTemplateContextCustomizer@2acc0825], resourceBasePath = 'src/main/webapp', contextLoader = 'org.springframework.boot.test.context.SpringBootContextLoader', parent = [null]], attributes = map['org.springframework.test.context.web.ServletTestExecutionListener.activateListener' -> true, 'org.springframework.test.context.web.ServletTestExecutionListener.populatedRequestContextHolder' -> true, 'org.springframework.test.context.web.ServletTestExecutionListener.resetRequestContextHolder' -> true]]; transaction manager [org.springframework.jdbc.datasource.DataSourceTransactionManager@4dfe9a86]; rollback [true]
2020-07-12 01:04:34.428  INFO 29039 --- [    Test worker] o.s.t.c.transaction.TransactionContext   : Rolled back transaction for test: [DefaultTestContext@6a9aafb6 testClass = JavaMailSenderTest, testInstance = com.example.demo.service.JavaMailSenderTest@2d8512d4, testMethod = exvenTrue@JavaMailSenderTest, testException = [null], mergedContextConfiguration = [WebMergedContextConfiguration@27e6dd27 testClass = JavaMailSenderTest, locations = '{}', classes = '{class com.example.demo.TaskManagementAppApplication}', contextInitializerClasses = '[]', activeProfiles = '{}', propertySourceLocations = '{classpath:/test.properties}', propertySourceProperties = '{org.springframework.boot.test.context.SpringBootTestContextBootstrapper=true}', contextCustomizers = set[org.springframework.boot.test.autoconfigure.properties.PropertyMappingContextCustomizer@0, org.springframework.boot.test.autoconfigure.web.servlet.WebDriverContextCustomizerFactory$Customizer@5ee63aab, org.springframework.boot.test.context.filter.ExcludeFilterContextCustomizer@50d24748, org.springframework.boot.test.json.DuplicateJsonObjectContextCustomizerFactory$DuplicateJsonObjectContextCustomizer@7232a26e, org.springframework.boot.test.mock.mockito.MockitoContextCustomizer@0, org.springframework.boot.test.web.client.TestRestTemplateContextCustomizer@2acc0825], resourceBasePath = 'src/main/webapp', contextLoader = 'org.springframework.boot.test.context.SpringBootContextLoader', parent = [null]], attributes = map['org.springframework.test.context.web.ServletTestExecutionListener.activateListener' -> true, 'org.springframework.test.context.web.ServletTestExecutionListener.populatedRequestContextHolder' -> true, 'org.springframework.test.context.web.ServletTestExecutionListener.resetRequestContextHolder' -> true]]
]]></system-out>
  <system-err><![CDATA[]]></system-err>
</testsuite>
