<?xml version="1.0" encoding="UTF-8"?>
<testsuite name="com.example.demo.domain.TaskFormTest" tests="10" skipped="0" failures="0" errors="0" timestamp="2020-07-02T11:54:48" hostname="matsushitashunnoMacBook-Pro.local" time="0.047">
  <properties/>
  <testcase name="titleの空文字(String)[1]" classname="com.example.demo.domain.TaskFormTest" time="0.016"/>
  <testcase name="titleの空文字(String)[2]" classname="com.example.demo.domain.TaskFormTest" time="0.003"/>
  <testcase name="titleのバリデーション通過(String)[1]" classname="com.example.demo.domain.TaskFormTest" time="0.003"/>
  <testcase name="titleのバリデーション通過(String)[2]" classname="com.example.demo.domain.TaskFormTest" time="0.002"/>
  <testcase name="userAddresseeIdのバリデーション通過(int)[1]" classname="com.example.demo.domain.TaskFormTest" time="0.002"/>
  <testcase name="userAddresseeIdのバリデーション通過(int)[2]" classname="com.example.demo.domain.TaskFormTest" time="0.002"/>
  <testcase name="userAddresseeIdのバリデーション通過(int)[3]" classname="com.example.demo.domain.TaskFormTest" time="0.002"/>
  <testcase name="userAddresseeIdに0の不正値を入力(int)[1]" classname="com.example.demo.domain.TaskFormTest" time="0.002"/>
  <testcase name="userAddresseeIdに0の不正値を入力(int)[2]" classname="com.example.demo.domain.TaskFormTest" time="0.002"/>
  <testcase name="titleの文字超過(String)[1]" classname="com.example.demo.domain.TaskFormTest" time="0.003"/>
  <system-out><![CDATA[2020-07-02 20:54:48.685  INFO 7405 --- [    Test worker] .b.t.c.SpringBootTestContextBootstrapper : Neither @ContextConfiguration nor @ContextHierarchy found for test class [com.example.demo.domain.TaskFormTest], using SpringBootContextLoader
2020-07-02 20:54:48.686  INFO 7405 --- [    Test worker] o.s.t.c.support.AbstractContextLoader    : Could not detect default resource locations for test class [com.example.demo.domain.TaskFormTest]: no resource found for suffixes {-context.xml, Context.groovy}.
2020-07-02 20:54:48.686  INFO 7405 --- [    Test worker] t.c.s.AnnotationConfigContextLoaderUtils : Could not detect default configuration classes for test class [com.example.demo.domain.TaskFormTest]: TaskFormTest does not declare any static, non-private, non-final, nested classes annotated with @Configuration.
2020-07-02 20:54:48.689  INFO 7405 --- [    Test worker] .b.t.c.SpringBootTestContextBootstrapper : Found @SpringBootConfiguration com.example.demo.TaskManagementAppApplication for test class com.example.demo.domain.TaskFormTest
2020-07-02 20:54:48.690  INFO 7405 --- [    Test worker] .b.t.c.SpringBootTestContextBootstrapper : Loaded default TestExecutionListener class names from location [META-INF/spring.factories]: [org.springframework.security.test.context.support.WithSecurityContextTestExecutionListener, org.springframework.security.test.context.support.ReactorContextTestExecutionListener, org.springframework.boot.test.autoconfigure.restdocs.RestDocsTestExecutionListener, org.springframework.boot.test.autoconfigure.web.client.MockRestServiceServerResetTestExecutionListener, org.springframework.boot.test.autoconfigure.web.servlet.MockMvcPrintOnlyOnFailureTestExecutionListener, org.springframework.boot.test.autoconfigure.web.servlet.WebDriverTestExecutionListener, org.springframework.boot.test.mock.mockito.MockitoTestExecutionListener, org.springframework.boot.test.mock.mockito.ResetMocksTestExecutionListener, org.springframework.test.context.web.ServletTestExecutionListener, org.springframework.test.context.support.DirtiesContextBeforeModesTestExecutionListener, org.springframework.test.context.support.DependencyInjectionTestExecutionListener, org.springframework.test.context.support.DirtiesContextTestExecutionListener, org.springframework.test.context.transaction.TransactionalTestExecutionListener, org.springframework.test.context.jdbc.SqlScriptsTestExecutionListener, org.springframework.test.context.event.EventPublishingTestExecutionListener]
2020-07-02 20:54:48.690  INFO 7405 --- [    Test worker] .b.t.c.SpringBootTestContextBootstrapper : Using TestExecutionListeners: [org.springframework.test.context.web.ServletTestExecutionListener@572fc63d, org.springframework.test.context.support.DirtiesContextBeforeModesTestExecutionListener@a12a492, org.springframework.boot.test.mock.mockito.MockitoTestExecutionListener@41de6179, org.springframework.boot.test.autoconfigure.SpringBootDependencyInjectionTestExecutionListener@6b2e8170, org.springframework.test.context.support.DirtiesContextTestExecutionListener@4219ac06, org.springframework.test.context.transaction.TransactionalTestExecutionListener@5d30b6e3, org.springframework.test.context.jdbc.SqlScriptsTestExecutionListener@6fd7d195, org.springframework.security.test.context.support.WithSecurityContextTestExecutionListener@706de81e, org.springframework.test.context.event.EventPublishingTestExecutionListener@7f1b0389, org.springframework.security.test.context.support.ReactorContextTestExecutionListener@27c42527, org.springframework.boot.test.autoconfigure.restdocs.RestDocsTestExecutionListener@76ce0333, org.springframework.boot.test.autoconfigure.web.client.MockRestServiceServerResetTestExecutionListener@69fc38ec, org.springframework.boot.test.autoconfigure.web.servlet.MockMvcPrintOnlyOnFailureTestExecutionListener@4e5c7911, org.springframework.boot.test.autoconfigure.web.servlet.WebDriverTestExecutionListener@48b790e0, org.springframework.boot.test.mock.mockito.ResetMocksTestExecutionListener@4e66c55e]
]]></system-out>
  <system-err><![CDATA[]]></system-err>
</testsuite>
