<?xml version="1.0" encoding="UTF-8"?>
<testsuite name="com.example.demo.controller.LoginAndLogoutControllerTest" tests="4" skipped="0" failures="0" errors="0" timestamp="2020-07-27T07:07:28" hostname="matsushitashunnoMacBook-Pro.local" time="0.498">
  <properties/>
  <testcase name="DBに存在しないユーザー情報でログインするとログインページへ戻される()" classname="com.example.demo.controller.LoginAndLogoutControllerTest" time="0.366"/>
  <testcase name="ログアウト処理でログイン画面に遷移する()" classname="com.example.demo.controller.LoginAndLogoutControllerTest" time="0.017"/>
  <testcase name="ログイン成功後ホーム画面に遷移する()" classname="com.example.demo.controller.LoginAndLogoutControllerTest" time="0.088"/>
  <testcase name="ログイン無しにindexにgetアクセスするとログイン画面にリダイレクトする()" classname="com.example.demo.controller.LoginAndLogoutControllerTest" time="0.024"/>
  <system-out><![CDATA[2020-07-27 16:07:20.785  INFO 69766 --- [    Test worker] .b.t.c.SpringBootTestContextBootstrapper : Neither @ContextConfiguration nor @ContextHierarchy found for test class [com.example.demo.controller.LoginAndLogoutControllerTest], using SpringBootContextLoader
2020-07-27 16:07:20.786  INFO 69766 --- [    Test worker] o.s.t.c.support.AbstractContextLoader    : Could not detect default resource locations for test class [com.example.demo.controller.LoginAndLogoutControllerTest]: no resource found for suffixes {-context.xml, Context.groovy}.
2020-07-27 16:07:20.786  INFO 69766 --- [    Test worker] t.c.s.AnnotationConfigContextLoaderUtils : Could not detect default configuration classes for test class [com.example.demo.controller.LoginAndLogoutControllerTest]: LoginAndLogoutControllerTest does not declare any static, non-private, non-final, nested classes annotated with @Configuration.
2020-07-27 16:07:20.809  INFO 69766 --- [    Test worker] .b.t.c.SpringBootTestContextBootstrapper : Found @SpringBootConfiguration com.example.demo.TaskManagementAppApplication for test class com.example.demo.controller.LoginAndLogoutControllerTest
2020-07-27 16:07:20.811  INFO 69766 --- [    Test worker] .b.t.c.SpringBootTestContextBootstrapper : Loaded default TestExecutionListener class names from location [META-INF/spring.factories]: [org.springframework.security.test.context.support.WithSecurityContextTestExecutionListener, org.springframework.security.test.context.support.ReactorContextTestExecutionListener, org.springframework.boot.test.autoconfigure.restdocs.RestDocsTestExecutionListener, org.springframework.boot.test.autoconfigure.web.client.MockRestServiceServerResetTestExecutionListener, org.springframework.boot.test.autoconfigure.web.servlet.MockMvcPrintOnlyOnFailureTestExecutionListener, org.springframework.boot.test.autoconfigure.web.servlet.WebDriverTestExecutionListener, org.springframework.boot.test.mock.mockito.MockitoTestExecutionListener, org.springframework.boot.test.mock.mockito.ResetMocksTestExecutionListener, org.springframework.test.context.web.ServletTestExecutionListener, org.springframework.test.context.support.DirtiesContextBeforeModesTestExecutionListener, org.springframework.test.context.support.DependencyInjectionTestExecutionListener, org.springframework.test.context.support.DirtiesContextTestExecutionListener, org.springframework.test.context.transaction.TransactionalTestExecutionListener, org.springframework.test.context.jdbc.SqlScriptsTestExecutionListener, org.springframework.test.context.event.EventPublishingTestExecutionListener]
2020-07-27 16:07:20.812  INFO 69766 --- [    Test worker] .b.t.c.SpringBootTestContextBootstrapper : Using TestExecutionListeners: [org.springframework.test.context.web.ServletTestExecutionListener@261058c9, org.springframework.test.context.support.DirtiesContextBeforeModesTestExecutionListener@459db913, org.springframework.boot.test.mock.mockito.MockitoTestExecutionListener@2225d684, org.springframework.boot.test.autoconfigure.SpringBootDependencyInjectionTestExecutionListener@23b78e0d, org.springframework.test.context.support.DirtiesContextTestExecutionListener@7455ca2, org.springframework.test.context.transaction.TransactionalTestExecutionListener@2f383878, org.springframework.test.context.jdbc.SqlScriptsTestExecutionListener@23a54aed, org.springframework.security.test.context.support.WithSecurityContextTestExecutionListener@3c7d7f72, org.springframework.test.context.event.EventPublishingTestExecutionListener@11708413, org.springframework.security.test.context.support.ReactorContextTestExecutionListener@7fe585bd, org.springframework.boot.test.autoconfigure.restdocs.RestDocsTestExecutionListener@769e5a8e, org.springframework.boot.test.autoconfigure.web.client.MockRestServiceServerResetTestExecutionListener@214f2dc0, org.springframework.boot.test.autoconfigure.web.servlet.MockMvcPrintOnlyOnFailureTestExecutionListener@348a75e6, org.springframework.boot.test.autoconfigure.web.servlet.WebDriverTestExecutionListener@6711d6a7, org.springframework.boot.test.mock.mockito.ResetMocksTestExecutionListener@635fbae1]

  .   ____          _            __ _ _
 /\\ / ___'_ __ _ _(_)_ __  __ _ \ \ \ \
( ( )\___ | '_ | '_| | '_ \/ _` | \ \ \ \
 \\/  ___)| |_)| | | | | || (_| |  ) ) ) )
  '  |____| .__|_| |_|_| |_\__, | / / / /
 =========|_|==============|___/=/_/_/_/
 :: Spring Boot ::        (v2.2.6.RELEASE)

2020-07-27 16:07:26.228  INFO 69766 --- [    Test worker] c.e.d.c.LoginAndLogoutControllerTest     : Starting LoginAndLogoutControllerTest on matsushitashunnoMacBook-Pro.local with PID 69766 (started by matsushitashun in /Users/matsushitashun/git/TaskManagement/TaskManagementApp)
2020-07-27 16:07:26.228  INFO 69766 --- [    Test worker] c.e.d.c.LoginAndLogoutControllerTest     : No active profile set, falling back to default profiles: default
2020-07-27 16:07:26.802  INFO 69766 --- [    Test worker] o.s.b.w.embedded.tomcat.TomcatWebServer  : Tomcat initialized with port(s): 0 (http)
2020-07-27 16:07:26.816  INFO 69766 --- [    Test worker] o.apache.catalina.core.StandardService   : Starting service [Tomcat]
2020-07-27 16:07:26.816  INFO 69766 --- [    Test worker] org.apache.catalina.core.StandardEngine  : Starting Servlet engine: [Apache Tomcat/9.0.33]
2020-07-27 16:07:26.934  INFO 69766 --- [    Test worker] o.a.c.c.C.[Tomcat].[localhost].[/]       : Initializing Spring embedded WebApplicationContext
2020-07-27 16:07:26.934  INFO 69766 --- [    Test worker] o.s.web.context.ContextLoader            : Root WebApplicationContext: initialization completed in 703 ms
2020-07-27 16:07:27.012  INFO 69766 --- [    Test worker] com.zaxxer.hikari.HikariDataSource       : HikariPool-2 - Starting...
2020-07-27 16:07:27.323  INFO 69766 --- [    Test worker] com.zaxxer.hikari.HikariDataSource       : HikariPool-2 - Start completed.
2020-07-27 16:07:28.006  INFO 69766 --- [    Test worker] o.s.s.concurrent.ThreadPoolTaskExecutor  : Initializing ExecutorService 'taskExecutor'
2020-07-27 16:07:28.350  INFO 69766 --- [    Test worker] o.s.b.a.w.s.WelcomePageHandlerMapping    : Adding welcome page template: index
2020-07-27 16:07:28.661  INFO 69766 --- [    Test worker] o.s.s.web.DefaultSecurityFilterChain     : Creating filter chain: Ant [pattern='/js/**'], []
2020-07-27 16:07:28.661  INFO 69766 --- [    Test worker] o.s.s.web.DefaultSecurityFilterChain     : Creating filter chain: Ant [pattern='/css/**'], []
2020-07-27 16:07:28.661  INFO 69766 --- [    Test worker] o.s.s.web.DefaultSecurityFilterChain     : Creating filter chain: Ant [pattern='/static/**'], []
2020-07-27 16:07:28.766  INFO 69766 --- [    Test worker] o.s.s.web.DefaultSecurityFilterChain     : Creating filter chain: any request, [org.springframework.security.web.context.request.async.WebAsyncManagerIntegrationFilter@3c713823, org.springframework.security.web.context.SecurityContextPersistenceFilter@5c2d7690, org.springframework.security.web.header.HeaderWriterFilter@7c583a56, org.springframework.security.web.csrf.CsrfFilter@5b6c518d, org.springframework.security.web.authentication.logout.LogoutFilter@7f7a17d5, org.springframework.security.web.authentication.UsernamePasswordAuthenticationFilter@3c5e2d73, org.springframework.security.web.session.ConcurrentSessionFilter@4c4c71ff, org.springframework.security.web.savedrequest.RequestCacheAwareFilter@51e0bb07, org.springframework.security.web.servletapi.SecurityContextHolderAwareRequestFilter@3b1b50d5, org.springframework.security.web.authentication.rememberme.RememberMeAuthenticationFilter@2a0f3530, org.springframework.security.web.authentication.AnonymousAuthenticationFilter@639c1fa7, org.springframework.security.web.session.SessionManagementFilter@f00088d, org.springframework.security.web.access.ExceptionTranslationFilter@46c3176, org.springframework.security.web.access.intercept.FilterSecurityInterceptor@1dda6ec0]
2020-07-27 16:07:28.864  INFO 69766 --- [    Test worker] s.a.ScheduledAnnotationBeanPostProcessor : No TaskScheduler/ScheduledExecutorService bean found for scheduled processing
2020-07-27 16:07:28.899  INFO 69766 --- [    Test worker] o.s.b.w.embedded.tomcat.TomcatWebServer  : Tomcat started on port(s): 53252 (http) with context path ''
2020-07-27 16:07:28.902  INFO 69766 --- [    Test worker] c.e.d.c.LoginAndLogoutControllerTest     : Started LoginAndLogoutControllerTest in 7.715 seconds (JVM running for 48.181)
2020-07-27 16:07:28.919  INFO 69766 --- [    Test worker] o.s.t.c.transaction.TransactionContext   : Began transaction (1) for test context [DefaultTestContext@21207ca1 testClass = LoginAndLogoutControllerTest, testInstance = com.example.demo.controller.LoginAndLogoutControllerTest@145e4439, testMethod = DBに存在しないユーザー情報でログインするとログインページへ戻される@LoginAndLogoutControllerTest, testException = [null], mergedContextConfiguration = [WebMergedContextConfiguration@770964ca testClass = LoginAndLogoutControllerTest, locations = '{}', classes = '{class com.example.demo.TaskManagementAppApplication}', contextInitializerClasses = '[]', activeProfiles = '{}', propertySourceLocations = '{classpath:test.properties}', propertySourceProperties = '{org.springframework.boot.test.context.SpringBootTestContextBootstrapper=true, server.port=0}', contextCustomizers = set[org.springframework.boot.test.autoconfigure.properties.PropertyMappingContextCustomizer@0, org.springframework.boot.test.autoconfigure.web.servlet.WebDriverContextCustomizerFactory$Customizer@2db24891, org.springframework.boot.test.context.filter.ExcludeFilterContextCustomizer@4a694489, org.springframework.boot.test.json.DuplicateJsonObjectContextCustomizerFactory$DuplicateJsonObjectContextCustomizer@58f64173, org.springframework.boot.test.mock.mockito.MockitoContextCustomizer@0, org.springframework.boot.test.web.client.TestRestTemplateContextCustomizer@e3f22ff], resourceBasePath = 'src/main/webapp', contextLoader = 'org.springframework.boot.test.context.SpringBootContextLoader', parent = [null]], attributes = map['org.springframework.test.context.web.ServletTestExecutionListener.activateListener' -> false]]; transaction manager [org.springframework.jdbc.datasource.DataSourceTransactionManager@1f0741a4]; rollback [true]
2020-07-27 16:07:28.981  INFO 69766 --- [    Test worker] o.a.c.c.C.[Tomcat].[localhost].[/]       : Initializing Spring TestDispatcherServlet ''
2020-07-27 16:07:28.981  INFO 69766 --- [    Test worker] o.s.t.web.servlet.TestDispatcherServlet  : Initializing Servlet ''
2020-07-27 16:07:28.993  INFO 69766 --- [    Test worker] o.s.t.web.servlet.TestDispatcherServlet  : Completed initialization in 11 ms
2020-07-27 16:07:29.272  INFO 69766 --- [    Test worker] o.s.t.c.transaction.TransactionContext   : Rolled back transaction for test: [DefaultTestContext@21207ca1 testClass = LoginAndLogoutControllerTest, testInstance = com.example.demo.controller.LoginAndLogoutControllerTest@145e4439, testMethod = DBに存在しないユーザー情報でログインするとログインページへ戻される@LoginAndLogoutControllerTest, testException = [null], mergedContextConfiguration = [WebMergedContextConfiguration@770964ca testClass = LoginAndLogoutControllerTest, locations = '{}', classes = '{class com.example.demo.TaskManagementAppApplication}', contextInitializerClasses = '[]', activeProfiles = '{}', propertySourceLocations = '{classpath:test.properties}', propertySourceProperties = '{org.springframework.boot.test.context.SpringBootTestContextBootstrapper=true, server.port=0}', contextCustomizers = set[org.springframework.boot.test.autoconfigure.properties.PropertyMappingContextCustomizer@0, org.springframework.boot.test.autoconfigure.web.servlet.WebDriverContextCustomizerFactory$Customizer@2db24891, org.springframework.boot.test.context.filter.ExcludeFilterContextCustomizer@4a694489, org.springframework.boot.test.json.DuplicateJsonObjectContextCustomizerFactory$DuplicateJsonObjectContextCustomizer@58f64173, org.springframework.boot.test.mock.mockito.MockitoContextCustomizer@0, org.springframework.boot.test.web.client.TestRestTemplateContextCustomizer@e3f22ff], resourceBasePath = 'src/main/webapp', contextLoader = 'org.springframework.boot.test.context.SpringBootContextLoader', parent = [null]], attributes = map['org.springframework.test.context.web.ServletTestExecutionListener.activateListener' -> false]]
2020-07-27 16:07:29.275  INFO 69766 --- [    Test worker] o.s.t.c.transaction.TransactionContext   : Began transaction (1) for test context [DefaultTestContext@21207ca1 testClass = LoginAndLogoutControllerTest, testInstance = com.example.demo.controller.LoginAndLogoutControllerTest@43e222ed, testMethod = ログアウト処理でログイン画面に遷移する@LoginAndLogoutControllerTest, testException = [null], mergedContextConfiguration = [WebMergedContextConfiguration@770964ca testClass = LoginAndLogoutControllerTest, locations = '{}', classes = '{class com.example.demo.TaskManagementAppApplication}', contextInitializerClasses = '[]', activeProfiles = '{}', propertySourceLocations = '{classpath:test.properties}', propertySourceProperties = '{org.springframework.boot.test.context.SpringBootTestContextBootstrapper=true, server.port=0}', contextCustomizers = set[org.springframework.boot.test.autoconfigure.properties.PropertyMappingContextCustomizer@0, org.springframework.boot.test.autoconfigure.web.servlet.WebDriverContextCustomizerFactory$Customizer@2db24891, org.springframework.boot.test.context.filter.ExcludeFilterContextCustomizer@4a694489, org.springframework.boot.test.json.DuplicateJsonObjectContextCustomizerFactory$DuplicateJsonObjectContextCustomizer@58f64173, org.springframework.boot.test.mock.mockito.MockitoContextCustomizer@0, org.springframework.boot.test.web.client.TestRestTemplateContextCustomizer@e3f22ff], resourceBasePath = 'src/main/webapp', contextLoader = 'org.springframework.boot.test.context.SpringBootContextLoader', parent = [null]], attributes = map['org.springframework.test.context.web.ServletTestExecutionListener.activateListener' -> false]]; transaction manager [org.springframework.jdbc.datasource.DataSourceTransactionManager@1f0741a4]; rollback [true]
2020-07-27 16:07:29.283  INFO 69766 --- [    Test worker] o.a.c.c.C.[Tomcat].[localhost].[/]       : Initializing Spring TestDispatcherServlet ''
2020-07-27 16:07:29.283  INFO 69766 --- [    Test worker] o.s.t.web.servlet.TestDispatcherServlet  : Initializing Servlet ''
2020-07-27 16:07:29.285  INFO 69766 --- [    Test worker] o.s.t.web.servlet.TestDispatcherServlet  : Completed initialization in 2 ms
2020-07-27 16:07:29.291  INFO 69766 --- [    Test worker] o.s.t.c.transaction.TransactionContext   : Rolled back transaction for test: [DefaultTestContext@21207ca1 testClass = LoginAndLogoutControllerTest, testInstance = com.example.demo.controller.LoginAndLogoutControllerTest@43e222ed, testMethod = ログアウト処理でログイン画面に遷移する@LoginAndLogoutControllerTest, testException = [null], mergedContextConfiguration = [WebMergedContextConfiguration@770964ca testClass = LoginAndLogoutControllerTest, locations = '{}', classes = '{class com.example.demo.TaskManagementAppApplication}', contextInitializerClasses = '[]', activeProfiles = '{}', propertySourceLocations = '{classpath:test.properties}', propertySourceProperties = '{org.springframework.boot.test.context.SpringBootTestContextBootstrapper=true, server.port=0}', contextCustomizers = set[org.springframework.boot.test.autoconfigure.properties.PropertyMappingContextCustomizer@0, org.springframework.boot.test.autoconfigure.web.servlet.WebDriverContextCustomizerFactory$Customizer@2db24891, org.springframework.boot.test.context.filter.ExcludeFilterContextCustomizer@4a694489, org.springframework.boot.test.json.DuplicateJsonObjectContextCustomizerFactory$DuplicateJsonObjectContextCustomizer@58f64173, org.springframework.boot.test.mock.mockito.MockitoContextCustomizer@0, org.springframework.boot.test.web.client.TestRestTemplateContextCustomizer@e3f22ff], resourceBasePath = 'src/main/webapp', contextLoader = 'org.springframework.boot.test.context.SpringBootContextLoader', parent = [null]], attributes = map['org.springframework.test.context.web.ServletTestExecutionListener.activateListener' -> false]]
2020-07-27 16:07:29.293  INFO 69766 --- [    Test worker] o.s.t.c.transaction.TransactionContext   : Began transaction (1) for test context [DefaultTestContext@21207ca1 testClass = LoginAndLogoutControllerTest, testInstance = com.example.demo.controller.LoginAndLogoutControllerTest@4cd00f87, testMethod = ログイン成功後ホーム画面に遷移する@LoginAndLogoutControllerTest, testException = [null], mergedContextConfiguration = [WebMergedContextConfiguration@770964ca testClass = LoginAndLogoutControllerTest, locations = '{}', classes = '{class com.example.demo.TaskManagementAppApplication}', contextInitializerClasses = '[]', activeProfiles = '{}', propertySourceLocations = '{classpath:test.properties}', propertySourceProperties = '{org.springframework.boot.test.context.SpringBootTestContextBootstrapper=true, server.port=0}', contextCustomizers = set[org.springframework.boot.test.autoconfigure.properties.PropertyMappingContextCustomizer@0, org.springframework.boot.test.autoconfigure.web.servlet.WebDriverContextCustomizerFactory$Customizer@2db24891, org.springframework.boot.test.context.filter.ExcludeFilterContextCustomizer@4a694489, org.springframework.boot.test.json.DuplicateJsonObjectContextCustomizerFactory$DuplicateJsonObjectContextCustomizer@58f64173, org.springframework.boot.test.mock.mockito.MockitoContextCustomizer@0, org.springframework.boot.test.web.client.TestRestTemplateContextCustomizer@e3f22ff], resourceBasePath = 'src/main/webapp', contextLoader = 'org.springframework.boot.test.context.SpringBootContextLoader', parent = [null]], attributes = map['org.springframework.test.context.web.ServletTestExecutionListener.activateListener' -> false]]; transaction manager [org.springframework.jdbc.datasource.DataSourceTransactionManager@1f0741a4]; rollback [true]
2020-07-27 16:07:29.296  INFO 69766 --- [    Test worker] o.a.c.c.C.[Tomcat].[localhost].[/]       : Initializing Spring TestDispatcherServlet ''
2020-07-27 16:07:29.297  INFO 69766 --- [    Test worker] o.s.t.web.servlet.TestDispatcherServlet  : Initializing Servlet ''
2020-07-27 16:07:29.298  INFO 69766 --- [    Test worker] o.s.t.web.servlet.TestDispatcherServlet  : Completed initialization in 1 ms
2020-07-27 16:07:29.380  INFO 69766 --- [    Test worker] o.s.t.c.transaction.TransactionContext   : Rolled back transaction for test: [DefaultTestContext@21207ca1 testClass = LoginAndLogoutControllerTest, testInstance = com.example.demo.controller.LoginAndLogoutControllerTest@4cd00f87, testMethod = ログイン成功後ホーム画面に遷移する@LoginAndLogoutControllerTest, testException = [null], mergedContextConfiguration = [WebMergedContextConfiguration@770964ca testClass = LoginAndLogoutControllerTest, locations = '{}', classes = '{class com.example.demo.TaskManagementAppApplication}', contextInitializerClasses = '[]', activeProfiles = '{}', propertySourceLocations = '{classpath:test.properties}', propertySourceProperties = '{org.springframework.boot.test.context.SpringBootTestContextBootstrapper=true, server.port=0}', contextCustomizers = set[org.springframework.boot.test.autoconfigure.properties.PropertyMappingContextCustomizer@0, org.springframework.boot.test.autoconfigure.web.servlet.WebDriverContextCustomizerFactory$Customizer@2db24891, org.springframework.boot.test.context.filter.ExcludeFilterContextCustomizer@4a694489, org.springframework.boot.test.json.DuplicateJsonObjectContextCustomizerFactory$DuplicateJsonObjectContextCustomizer@58f64173, org.springframework.boot.test.mock.mockito.MockitoContextCustomizer@0, org.springframework.boot.test.web.client.TestRestTemplateContextCustomizer@e3f22ff], resourceBasePath = 'src/main/webapp', contextLoader = 'org.springframework.boot.test.context.SpringBootContextLoader', parent = [null]], attributes = map['org.springframework.test.context.web.ServletTestExecutionListener.activateListener' -> false]]
2020-07-27 16:07:29.382  INFO 69766 --- [    Test worker] o.s.t.c.transaction.TransactionContext   : Began transaction (1) for test context [DefaultTestContext@21207ca1 testClass = LoginAndLogoutControllerTest, testInstance = com.example.demo.controller.LoginAndLogoutControllerTest@7716be6e, testMethod = ログイン無しにindexにgetアクセスするとログイン画面にリダイレクトする@LoginAndLogoutControllerTest, testException = [null], mergedContextConfiguration = [WebMergedContextConfiguration@770964ca testClass = LoginAndLogoutControllerTest, locations = '{}', classes = '{class com.example.demo.TaskManagementAppApplication}', contextInitializerClasses = '[]', activeProfiles = '{}', propertySourceLocations = '{classpath:test.properties}', propertySourceProperties = '{org.springframework.boot.test.context.SpringBootTestContextBootstrapper=true, server.port=0}', contextCustomizers = set[org.springframework.boot.test.autoconfigure.properties.PropertyMappingContextCustomizer@0, org.springframework.boot.test.autoconfigure.web.servlet.WebDriverContextCustomizerFactory$Customizer@2db24891, org.springframework.boot.test.context.filter.ExcludeFilterContextCustomizer@4a694489, org.springframework.boot.test.json.DuplicateJsonObjectContextCustomizerFactory$DuplicateJsonObjectContextCustomizer@58f64173, org.springframework.boot.test.mock.mockito.MockitoContextCustomizer@0, org.springframework.boot.test.web.client.TestRestTemplateContextCustomizer@e3f22ff], resourceBasePath = 'src/main/webapp', contextLoader = 'org.springframework.boot.test.context.SpringBootContextLoader', parent = [null]], attributes = map['org.springframework.test.context.web.ServletTestExecutionListener.activateListener' -> false]]; transaction manager [org.springframework.jdbc.datasource.DataSourceTransactionManager@1f0741a4]; rollback [true]
2020-07-27 16:07:29.385  INFO 69766 --- [    Test worker] o.a.c.c.C.[Tomcat].[localhost].[/]       : Initializing Spring TestDispatcherServlet ''
2020-07-27 16:07:29.385  INFO 69766 --- [    Test worker] o.s.t.web.servlet.TestDispatcherServlet  : Initializing Servlet ''
2020-07-27 16:07:29.387  INFO 69766 --- [    Test worker] o.s.t.web.servlet.TestDispatcherServlet  : Completed initialization in 1 ms
2020-07-27 16:07:29.405  INFO 69766 --- [    Test worker] o.s.t.c.transaction.TransactionContext   : Rolled back transaction for test: [DefaultTestContext@21207ca1 testClass = LoginAndLogoutControllerTest, testInstance = com.example.demo.controller.LoginAndLogoutControllerTest@7716be6e, testMethod = ログイン無しにindexにgetアクセスするとログイン画面にリダイレクトする@LoginAndLogoutControllerTest, testException = [null], mergedContextConfiguration = [WebMergedContextConfiguration@770964ca testClass = LoginAndLogoutControllerTest, locations = '{}', classes = '{class com.example.demo.TaskManagementAppApplication}', contextInitializerClasses = '[]', activeProfiles = '{}', propertySourceLocations = '{classpath:test.properties}', propertySourceProperties = '{org.springframework.boot.test.context.SpringBootTestContextBootstrapper=true, server.port=0}', contextCustomizers = set[org.springframework.boot.test.autoconfigure.properties.PropertyMappingContextCustomizer@0, org.springframework.boot.test.autoconfigure.web.servlet.WebDriverContextCustomizerFactory$Customizer@2db24891, org.springframework.boot.test.context.filter.ExcludeFilterContextCustomizer@4a694489, org.springframework.boot.test.json.DuplicateJsonObjectContextCustomizerFactory$DuplicateJsonObjectContextCustomizer@58f64173, org.springframework.boot.test.mock.mockito.MockitoContextCustomizer@0, org.springframework.boot.test.web.client.TestRestTemplateContextCustomizer@e3f22ff], resourceBasePath = 'src/main/webapp', contextLoader = 'org.springframework.boot.test.context.SpringBootContextLoader', parent = [null]], attributes = map['org.springframework.test.context.web.ServletTestExecutionListener.activateListener' -> false]]
]]></system-out>
  <system-err><![CDATA[]]></system-err>
</testsuite>
