<?xml version="1.0" encoding="UTF-8"?>
<testsuite name="com.example.demo.controller.Task" tests="2" skipped="0" failures="0" errors="0" timestamp="2020-07-02T11:54:47" hostname="matsushitashunnoMacBook-Pro.local" time="0.552">
  <properties/>
  <testcase name="readReceivedTaskのget()" classname="com.example.demo.controller.Task" time="0.518"/>
  <testcase name="editのget()" classname="com.example.demo.controller.Task" time="0.032"/>
  <system-out><![CDATA[2020-07-02 20:54:46.867  INFO 7405 --- [    Test worker] .b.t.a.w.s.WebMvcTestContextBootstrapper : Neither @ContextConfiguration nor @ContextHierarchy found for test class [com.example.demo.controller.Task], using SpringBootContextLoader
2020-07-02 20:54:46.868  INFO 7405 --- [    Test worker] o.s.t.c.support.AbstractContextLoader    : Could not detect default resource locations for test class [com.example.demo.controller.Task]: no resource found for suffixes {-context.xml, Context.groovy}.
2020-07-02 20:54:46.868  INFO 7405 --- [    Test worker] t.c.s.AnnotationConfigContextLoaderUtils : Could not detect default configuration classes for test class [com.example.demo.controller.Task]: Task does not declare any static, non-private, non-final, nested classes annotated with @Configuration.
2020-07-02 20:54:46.871  INFO 7405 --- [    Test worker] .b.t.c.SpringBootTestContextBootstrapper : Found @SpringBootConfiguration com.example.demo.TaskManagementAppApplication for test class com.example.demo.controller.Task
2020-07-02 20:54:46.871  INFO 7405 --- [    Test worker] .b.t.a.w.s.WebMvcTestContextBootstrapper : Loaded default TestExecutionListener class names from location [META-INF/spring.factories]: [org.springframework.security.test.context.support.WithSecurityContextTestExecutionListener, org.springframework.security.test.context.support.ReactorContextTestExecutionListener, org.springframework.boot.test.autoconfigure.restdocs.RestDocsTestExecutionListener, org.springframework.boot.test.autoconfigure.web.client.MockRestServiceServerResetTestExecutionListener, org.springframework.boot.test.autoconfigure.web.servlet.MockMvcPrintOnlyOnFailureTestExecutionListener, org.springframework.boot.test.autoconfigure.web.servlet.WebDriverTestExecutionListener, org.springframework.boot.test.mock.mockito.MockitoTestExecutionListener, org.springframework.boot.test.mock.mockito.ResetMocksTestExecutionListener, org.springframework.test.context.web.ServletTestExecutionListener, org.springframework.test.context.support.DirtiesContextBeforeModesTestExecutionListener, org.springframework.test.context.support.DependencyInjectionTestExecutionListener, org.springframework.test.context.support.DirtiesContextTestExecutionListener, org.springframework.test.context.transaction.TransactionalTestExecutionListener, org.springframework.test.context.jdbc.SqlScriptsTestExecutionListener, org.springframework.test.context.event.EventPublishingTestExecutionListener]
2020-07-02 20:54:46.872  INFO 7405 --- [    Test worker] .b.t.a.w.s.WebMvcTestContextBootstrapper : Using TestExecutionListeners: [org.springframework.test.context.web.ServletTestExecutionListener@6e433ebf, org.springframework.test.context.support.DirtiesContextBeforeModesTestExecutionListener@1a915cb8, org.springframework.boot.test.mock.mockito.MockitoTestExecutionListener@4b11a66, org.springframework.boot.test.autoconfigure.SpringBootDependencyInjectionTestExecutionListener@1466740d, org.springframework.test.context.support.DirtiesContextTestExecutionListener@632716f8, org.springframework.test.context.transaction.TransactionalTestExecutionListener@73c3f2b8, org.springframework.test.context.jdbc.SqlScriptsTestExecutionListener@7fada48c, org.springframework.security.test.context.support.WithSecurityContextTestExecutionListener@58cc6168, org.springframework.test.context.event.EventPublishingTestExecutionListener@3072c5f, org.springframework.security.test.context.support.ReactorContextTestExecutionListener@6fbd48b5, org.springframework.boot.test.autoconfigure.restdocs.RestDocsTestExecutionListener@7da6180a, org.springframework.boot.test.autoconfigure.web.client.MockRestServiceServerResetTestExecutionListener@465af1f7, org.springframework.boot.test.autoconfigure.web.servlet.MockMvcPrintOnlyOnFailureTestExecutionListener@7c0548b7, org.springframework.boot.test.autoconfigure.web.servlet.WebDriverTestExecutionListener@79f85f62, org.springframework.boot.test.mock.mockito.ResetMocksTestExecutionListener@34d37e1f]

  .   ____          _            __ _ _
 /\\ / ___'_ __ _ _(_)_ __  __ _ \ \ \ \
( ( )\___ | '_ | '_| | '_ \/ _` | \ \ \ \
 \\/  ___)| |_)| | | | | || (_| |  ) ) ) )
  '  |____| .__|_| |_|_| |_\__, | / / / /
 =========|_|==============|___/=/_/_/_/
 :: Spring Boot ::        (v2.2.6.RELEASE)

2020-07-02 20:54:46.929  INFO 7405 --- [    Test worker] com.example.demo.controller.Task         : Starting Task on matsushitashunnoMacBook-Pro.local with PID 7405 (started by matsushitashun in /Users/matsushitashun/git/TaskManagement/TaskManagementApp)
2020-07-02 20:54:46.930  INFO 7405 --- [    Test worker] com.example.demo.controller.Task         : No active profile set, falling back to default profiles: default
2020-07-02 20:54:47.152  INFO 7405 --- [    Test worker] o.s.s.concurrent.ThreadPoolTaskExecutor  : Initializing ExecutorService 'applicationTaskExecutor'
2020-07-02 20:54:47.170  INFO 7405 --- [    Test worker] o.s.b.a.w.s.WelcomePageHandlerMapping    : Adding welcome page template: index
2020-07-02 20:54:47.249  INFO 7405 --- [    Test worker] o.s.s.web.DefaultSecurityFilterChain     : Creating filter chain: Ant [pattern='/js/**'], []
2020-07-02 20:54:47.249  INFO 7405 --- [    Test worker] o.s.s.web.DefaultSecurityFilterChain     : Creating filter chain: Ant [pattern='/css/**'], []
2020-07-02 20:54:47.249  INFO 7405 --- [    Test worker] o.s.s.web.DefaultSecurityFilterChain     : Creating filter chain: Ant [pattern='/static/**'], []
2020-07-02 20:54:47.295  INFO 7405 --- [    Test worker] o.s.s.web.DefaultSecurityFilterChain     : Creating filter chain: any request, [org.springframework.security.web.context.request.async.WebAsyncManagerIntegrationFilter@526ce78c, org.springframework.security.web.context.SecurityContextPersistenceFilter@13960d74, org.springframework.security.web.header.HeaderWriterFilter@6e8a101a, org.springframework.security.web.csrf.CsrfFilter@149c4c64, org.springframework.security.web.authentication.logout.LogoutFilter@34222123, org.springframework.security.web.authentication.UsernamePasswordAuthenticationFilter@578a9abb, org.springframework.security.web.session.ConcurrentSessionFilter@3008e80, org.springframework.security.web.savedrequest.RequestCacheAwareFilter@2d22d5dc, org.springframework.security.web.servletapi.SecurityContextHolderAwareRequestFilter@108f8b1a, org.springframework.security.web.authentication.rememberme.RememberMeAuthenticationFilter@63b4ddd0, org.springframework.security.web.authentication.AnonymousAuthenticationFilter@509d89af, org.springframework.security.web.session.SessionManagementFilter@75090329, org.springframework.security.web.access.ExceptionTranslationFilter@606e0d11, org.springframework.security.web.access.intercept.FilterSecurityInterceptor@600c5ff9]
2020-07-02 20:54:47.306  INFO 7405 --- [    Test worker] o.s.b.t.m.w.SpringBootMockServletContext : Initializing Spring TestDispatcherServlet ''
2020-07-02 20:54:47.307  INFO 7405 --- [    Test worker] o.s.t.web.servlet.TestDispatcherServlet  : Initializing Servlet ''
2020-07-02 20:54:47.310  INFO 7405 --- [    Test worker] o.s.t.web.servlet.TestDispatcherServlet  : Completed initialization in 3 ms
2020-07-02 20:54:47.319  INFO 7405 --- [    Test worker] com.example.demo.controller.Task         : Started Task in 0.402 seconds (JVM running for 404.459)
]]></system-out>
  <system-err><![CDATA[]]></system-err>
</testsuite>
