<?xml version="1.0" encoding="UTF-8"?>
<testsuite name="com.example.demo.controller.Task" tests="2" skipped="0" failures="0" errors="0" timestamp="2020-06-22T07:50:02" hostname="matsushitashunnoMacBook-Pro.local" time="0.525">
  <properties/>
  <testcase name="readReceivedTaskのget()" classname="com.example.demo.controller.Task" time="0.494"/>
  <testcase name="editのget()" classname="com.example.demo.controller.Task" time="0.03"/>
  <system-out><![CDATA[2020-06-22 16:50:01.938  INFO 84287 --- [    Test worker] .b.t.a.w.s.WebMvcTestContextBootstrapper : Neither @ContextConfiguration nor @ContextHierarchy found for test class [com.example.demo.controller.Task], using SpringBootContextLoader
2020-06-22 16:50:01.939  INFO 84287 --- [    Test worker] o.s.t.c.support.AbstractContextLoader    : Could not detect default resource locations for test class [com.example.demo.controller.Task]: no resource found for suffixes {-context.xml, Context.groovy}.
2020-06-22 16:50:01.939  INFO 84287 --- [    Test worker] t.c.s.AnnotationConfigContextLoaderUtils : Could not detect default configuration classes for test class [com.example.demo.controller.Task]: Task does not declare any static, non-private, non-final, nested classes annotated with @Configuration.
2020-06-22 16:50:01.942  INFO 84287 --- [    Test worker] .b.t.c.SpringBootTestContextBootstrapper : Found @SpringBootConfiguration com.example.demo.TaskManagementAppApplication for test class com.example.demo.controller.Task
2020-06-22 16:50:01.942  INFO 84287 --- [    Test worker] .b.t.a.w.s.WebMvcTestContextBootstrapper : Loaded default TestExecutionListener class names from location [META-INF/spring.factories]: [org.springframework.security.test.context.support.WithSecurityContextTestExecutionListener, org.springframework.security.test.context.support.ReactorContextTestExecutionListener, org.springframework.boot.test.autoconfigure.restdocs.RestDocsTestExecutionListener, org.springframework.boot.test.autoconfigure.web.client.MockRestServiceServerResetTestExecutionListener, org.springframework.boot.test.autoconfigure.web.servlet.MockMvcPrintOnlyOnFailureTestExecutionListener, org.springframework.boot.test.autoconfigure.web.servlet.WebDriverTestExecutionListener, org.springframework.boot.test.mock.mockito.MockitoTestExecutionListener, org.springframework.boot.test.mock.mockito.ResetMocksTestExecutionListener, org.springframework.test.context.web.ServletTestExecutionListener, org.springframework.test.context.support.DirtiesContextBeforeModesTestExecutionListener, org.springframework.test.context.support.DependencyInjectionTestExecutionListener, org.springframework.test.context.support.DirtiesContextTestExecutionListener, org.springframework.test.context.transaction.TransactionalTestExecutionListener, org.springframework.test.context.jdbc.SqlScriptsTestExecutionListener, org.springframework.test.context.event.EventPublishingTestExecutionListener]
2020-06-22 16:50:01.942  INFO 84287 --- [    Test worker] .b.t.a.w.s.WebMvcTestContextBootstrapper : Using TestExecutionListeners: [org.springframework.test.context.web.ServletTestExecutionListener@66b64e73, org.springframework.test.context.support.DirtiesContextBeforeModesTestExecutionListener@470a195, org.springframework.boot.test.mock.mockito.MockitoTestExecutionListener@3ae36f19, org.springframework.boot.test.autoconfigure.SpringBootDependencyInjectionTestExecutionListener@6450d0d9, org.springframework.test.context.support.DirtiesContextTestExecutionListener@30c1cff6, org.springframework.test.context.transaction.TransactionalTestExecutionListener@31bcbc72, org.springframework.test.context.jdbc.SqlScriptsTestExecutionListener@100686fb, org.springframework.security.test.context.support.WithSecurityContextTestExecutionListener@72324a3a, org.springframework.test.context.event.EventPublishingTestExecutionListener@4cb295f5, org.springframework.security.test.context.support.ReactorContextTestExecutionListener@1839ff3d, org.springframework.boot.test.autoconfigure.restdocs.RestDocsTestExecutionListener@3c2c939f, org.springframework.boot.test.autoconfigure.web.client.MockRestServiceServerResetTestExecutionListener@5c2f6dba, org.springframework.boot.test.autoconfigure.web.servlet.MockMvcPrintOnlyOnFailureTestExecutionListener@46a46f7, org.springframework.boot.test.autoconfigure.web.servlet.WebDriverTestExecutionListener@537d9150, org.springframework.boot.test.mock.mockito.ResetMocksTestExecutionListener@b9550cb]

  .   ____          _            __ _ _
 /\\ / ___'_ __ _ _(_)_ __  __ _ \ \ \ \
( ( )\___ | '_ | '_| | '_ \/ _` | \ \ \ \
 \\/  ___)| |_)| | | | | || (_| |  ) ) ) )
  '  |____| .__|_| |_|_| |_\__, | / / / /
 =========|_|==============|___/=/_/_/_/
 :: Spring Boot ::        (v2.2.6.RELEASE)

2020-06-22 16:50:01.993  INFO 84287 --- [    Test worker] com.example.demo.controller.Task         : Starting Task on matsushitashunnoMacBook-Pro.local with PID 84287 (started by matsushitashun in /Users/matsushitashun/git/TaskManagement/TaskManagementApp)
2020-06-22 16:50:01.993  INFO 84287 --- [    Test worker] com.example.demo.controller.Task         : No active profile set, falling back to default profiles: default
2020-06-22 16:50:02.215  INFO 84287 --- [    Test worker] o.s.s.concurrent.ThreadPoolTaskExecutor  : Initializing ExecutorService 'applicationTaskExecutor'
2020-06-22 16:50:02.234  INFO 84287 --- [    Test worker] o.s.b.a.w.s.WelcomePageHandlerMapping    : Adding welcome page template: index
2020-06-22 16:50:02.312  INFO 84287 --- [    Test worker] o.s.s.web.DefaultSecurityFilterChain     : Creating filter chain: Ant [pattern='/js/**'], []
2020-06-22 16:50:02.312  INFO 84287 --- [    Test worker] o.s.s.web.DefaultSecurityFilterChain     : Creating filter chain: Ant [pattern='/css/**'], []
2020-06-22 16:50:02.312  INFO 84287 --- [    Test worker] o.s.s.web.DefaultSecurityFilterChain     : Creating filter chain: Ant [pattern='/static/**'], []
2020-06-22 16:50:02.366  INFO 84287 --- [    Test worker] o.s.s.web.DefaultSecurityFilterChain     : Creating filter chain: any request, [org.springframework.security.web.context.request.async.WebAsyncManagerIntegrationFilter@8658ce6, org.springframework.security.web.context.SecurityContextPersistenceFilter@25a54826, org.springframework.security.web.header.HeaderWriterFilter@654c3fe4, org.springframework.security.web.csrf.CsrfFilter@3fd62cea, org.springframework.security.web.authentication.logout.LogoutFilter@5e98bb7f, org.springframework.security.web.authentication.UsernamePasswordAuthenticationFilter@6f0ad4ca, org.springframework.security.web.session.ConcurrentSessionFilter@4c16f9f3, org.springframework.security.web.savedrequest.RequestCacheAwareFilter@2192e069, org.springframework.security.web.servletapi.SecurityContextHolderAwareRequestFilter@2ad190c7, org.springframework.security.web.authentication.rememberme.RememberMeAuthenticationFilter@4b597ca4, org.springframework.security.web.authentication.AnonymousAuthenticationFilter@170b41e3, org.springframework.security.web.session.SessionManagementFilter@42a92c30, org.springframework.security.web.access.ExceptionTranslationFilter@178fdaa5, org.springframework.security.web.access.intercept.FilterSecurityInterceptor@5b189d34]
2020-06-22 16:50:02.376  INFO 84287 --- [    Test worker] o.s.b.t.m.w.SpringBootMockServletContext : Initializing Spring TestDispatcherServlet ''
2020-06-22 16:50:02.377  INFO 84287 --- [    Test worker] o.s.t.web.servlet.TestDispatcherServlet  : Initializing Servlet ''
2020-06-22 16:50:02.381  INFO 84287 --- [    Test worker] o.s.t.web.servlet.TestDispatcherServlet  : Completed initialization in 4 ms
2020-06-22 16:50:02.388  INFO 84287 --- [    Test worker] com.example.demo.controller.Task         : Started Task in 0.404 seconds (JVM running for 1719.15)
]]></system-out>
  <system-err><![CDATA[]]></system-err>
</testsuite>
