<?xml version="1.0" encoding="UTF-8"?>
<testsuite name="com.example.demo.controller.Task" tests="2" skipped="0" failures="0" errors="0" timestamp="2020-06-25T08:46:15" hostname="matsushitashunnoMacBook-Pro.local" time="0.523">
  <properties/>
  <testcase name="readReceivedTaskのget()" classname="com.example.demo.controller.Task" time="0.488"/>
  <testcase name="editのget()" classname="com.example.demo.controller.Task" time="0.034"/>
  <system-out><![CDATA[2020-06-25 17:46:14.947  INFO 91192 --- [    Test worker] .b.t.a.w.s.WebMvcTestContextBootstrapper : Neither @ContextConfiguration nor @ContextHierarchy found for test class [com.example.demo.controller.Task], using SpringBootContextLoader
2020-06-25 17:46:14.948  INFO 91192 --- [    Test worker] o.s.t.c.support.AbstractContextLoader    : Could not detect default resource locations for test class [com.example.demo.controller.Task]: no resource found for suffixes {-context.xml, Context.groovy}.
2020-06-25 17:46:14.948  INFO 91192 --- [    Test worker] t.c.s.AnnotationConfigContextLoaderUtils : Could not detect default configuration classes for test class [com.example.demo.controller.Task]: Task does not declare any static, non-private, non-final, nested classes annotated with @Configuration.
2020-06-25 17:46:14.951  INFO 91192 --- [    Test worker] .b.t.c.SpringBootTestContextBootstrapper : Found @SpringBootConfiguration com.example.demo.TaskManagementAppApplication for test class com.example.demo.controller.Task
2020-06-25 17:46:14.951  INFO 91192 --- [    Test worker] .b.t.a.w.s.WebMvcTestContextBootstrapper : Loaded default TestExecutionListener class names from location [META-INF/spring.factories]: [org.springframework.security.test.context.support.WithSecurityContextTestExecutionListener, org.springframework.security.test.context.support.ReactorContextTestExecutionListener, org.springframework.boot.test.autoconfigure.restdocs.RestDocsTestExecutionListener, org.springframework.boot.test.autoconfigure.web.client.MockRestServiceServerResetTestExecutionListener, org.springframework.boot.test.autoconfigure.web.servlet.MockMvcPrintOnlyOnFailureTestExecutionListener, org.springframework.boot.test.autoconfigure.web.servlet.WebDriverTestExecutionListener, org.springframework.boot.test.mock.mockito.MockitoTestExecutionListener, org.springframework.boot.test.mock.mockito.ResetMocksTestExecutionListener, org.springframework.test.context.web.ServletTestExecutionListener, org.springframework.test.context.support.DirtiesContextBeforeModesTestExecutionListener, org.springframework.test.context.support.DependencyInjectionTestExecutionListener, org.springframework.test.context.support.DirtiesContextTestExecutionListener, org.springframework.test.context.transaction.TransactionalTestExecutionListener, org.springframework.test.context.jdbc.SqlScriptsTestExecutionListener, org.springframework.test.context.event.EventPublishingTestExecutionListener]
2020-06-25 17:46:14.952  INFO 91192 --- [    Test worker] .b.t.a.w.s.WebMvcTestContextBootstrapper : Using TestExecutionListeners: [org.springframework.test.context.web.ServletTestExecutionListener@10463a6a, org.springframework.test.context.support.DirtiesContextBeforeModesTestExecutionListener@55d8038c, org.springframework.boot.test.mock.mockito.MockitoTestExecutionListener@10f311d2, org.springframework.boot.test.autoconfigure.SpringBootDependencyInjectionTestExecutionListener@35af3377, org.springframework.test.context.support.DirtiesContextTestExecutionListener@149bdac2, org.springframework.test.context.transaction.TransactionalTestExecutionListener@14a7fbe, org.springframework.test.context.jdbc.SqlScriptsTestExecutionListener@9bf83c4, org.springframework.security.test.context.support.WithSecurityContextTestExecutionListener@45472d0f, org.springframework.test.context.event.EventPublishingTestExecutionListener@fc0a2af, org.springframework.security.test.context.support.ReactorContextTestExecutionListener@5d258b66, org.springframework.boot.test.autoconfigure.restdocs.RestDocsTestExecutionListener@28f192a5, org.springframework.boot.test.autoconfigure.web.client.MockRestServiceServerResetTestExecutionListener@54a2fde1, org.springframework.boot.test.autoconfigure.web.servlet.MockMvcPrintOnlyOnFailureTestExecutionListener@5efde800, org.springframework.boot.test.autoconfigure.web.servlet.WebDriverTestExecutionListener@2f722602, org.springframework.boot.test.mock.mockito.ResetMocksTestExecutionListener@b32edf3]

  .   ____          _            __ _ _
 /\\ / ___'_ __ _ _(_)_ __  __ _ \ \ \ \
( ( )\___ | '_ | '_| | '_ \/ _` | \ \ \ \
 \\/  ___)| |_)| | | | | || (_| |  ) ) ) )
  '  |____| .__|_| |_|_| |_\__, | / / / /
 =========|_|==============|___/=/_/_/_/
 :: Spring Boot ::        (v2.2.6.RELEASE)

2020-06-25 17:46:15.005  INFO 91192 --- [    Test worker] com.example.demo.controller.Task         : Starting Task on matsushitashunnoMacBook-Pro.local with PID 91192 (started by matsushitashun in /Users/matsushitashun/git/TaskManagement/TaskManagementApp)
2020-06-25 17:46:15.006  INFO 91192 --- [    Test worker] com.example.demo.controller.Task         : No active profile set, falling back to default profiles: default
2020-06-25 17:46:15.229  INFO 91192 --- [    Test worker] o.s.s.concurrent.ThreadPoolTaskExecutor  : Initializing ExecutorService 'applicationTaskExecutor'
2020-06-25 17:46:15.247  INFO 91192 --- [    Test worker] o.s.b.a.w.s.WelcomePageHandlerMapping    : Adding welcome page template: index
2020-06-25 17:46:15.318  INFO 91192 --- [    Test worker] o.s.s.web.DefaultSecurityFilterChain     : Creating filter chain: Ant [pattern='/js/**'], []
2020-06-25 17:46:15.318  INFO 91192 --- [    Test worker] o.s.s.web.DefaultSecurityFilterChain     : Creating filter chain: Ant [pattern='/css/**'], []
2020-06-25 17:46:15.318  INFO 91192 --- [    Test worker] o.s.s.web.DefaultSecurityFilterChain     : Creating filter chain: Ant [pattern='/static/**'], []
2020-06-25 17:46:15.369  INFO 91192 --- [    Test worker] o.s.s.web.DefaultSecurityFilterChain     : Creating filter chain: any request, [org.springframework.security.web.context.request.async.WebAsyncManagerIntegrationFilter@49c49691, org.springframework.security.web.context.SecurityContextPersistenceFilter@1b8f92c0, org.springframework.security.web.header.HeaderWriterFilter@1d5699b8, org.springframework.security.web.csrf.CsrfFilter@73b80617, org.springframework.security.web.authentication.logout.LogoutFilter@3f6b098a, org.springframework.security.web.authentication.UsernamePasswordAuthenticationFilter@475b7232, org.springframework.security.web.session.ConcurrentSessionFilter@7fc504a0, org.springframework.security.web.savedrequest.RequestCacheAwareFilter@32bd4350, org.springframework.security.web.servletapi.SecurityContextHolderAwareRequestFilter@fa27c9a, org.springframework.security.web.authentication.rememberme.RememberMeAuthenticationFilter@5cb49c04, org.springframework.security.web.authentication.AnonymousAuthenticationFilter@3e497737, org.springframework.security.web.session.SessionManagementFilter@4c7e2b86, org.springframework.security.web.access.ExceptionTranslationFilter@5ed75f3f, org.springframework.security.web.access.intercept.FilterSecurityInterceptor@246a621c]
2020-06-25 17:46:15.380  INFO 91192 --- [    Test worker] o.s.b.t.m.w.SpringBootMockServletContext : Initializing Spring TestDispatcherServlet ''
2020-06-25 17:46:15.380  INFO 91192 --- [    Test worker] o.s.t.web.servlet.TestDispatcherServlet  : Initializing Servlet ''
2020-06-25 17:46:15.384  INFO 91192 --- [    Test worker] o.s.t.web.servlet.TestDispatcherServlet  : Completed initialization in 4 ms
2020-06-25 17:46:15.392  INFO 91192 --- [    Test worker] com.example.demo.controller.Task         : Started Task in 0.398 seconds (JVM running for 487.373)
]]></system-out>
  <system-err><![CDATA[]]></system-err>
</testsuite>
