<?xml version="1.0" encoding="UTF-8"?>
<testsuite name="com.example.demo.domain.TaskFormTest" tests="10" skipped="0" failures="0" errors="0" timestamp="2020-06-30T01:36:04" hostname="matsushitashunnoMacBook-Pro.local" time="0.057">
  <properties/>
  <testcase name="titleの空文字(String)[1]" classname="com.example.demo.domain.TaskFormTest" time="0.025"/>
  <testcase name="titleの空文字(String)[2]" classname="com.example.demo.domain.TaskFormTest" time="0.003"/>
  <testcase name="titleのバリデーション通過(String)[1]" classname="com.example.demo.domain.TaskFormTest" time="0.002"/>
  <testcase name="titleのバリデーション通過(String)[2]" classname="com.example.demo.domain.TaskFormTest" time="0.002"/>
  <testcase name="userAddresseeIdのバリデーション通過(int)[1]" classname="com.example.demo.domain.TaskFormTest" time="0.003"/>
  <testcase name="userAddresseeIdのバリデーション通過(int)[2]" classname="com.example.demo.domain.TaskFormTest" time="0.002"/>
  <testcase name="userAddresseeIdのバリデーション通過(int)[3]" classname="com.example.demo.domain.TaskFormTest" time="0.002"/>
  <testcase name="userAddresseeIdに0の不正値を入力(int)[1]" classname="com.example.demo.domain.TaskFormTest" time="0.002"/>
  <testcase name="userAddresseeIdに0の不正値を入力(int)[2]" classname="com.example.demo.domain.TaskFormTest" time="0.002"/>
  <testcase name="titleの文字超過(String)[1]" classname="com.example.demo.domain.TaskFormTest" time="0.003"/>
  <system-out><![CDATA[2020-06-30 10:36:04.837  INFO 1700 --- [    Test worker] .b.t.c.SpringBootTestContextBootstrapper : Neither @ContextConfiguration nor @ContextHierarchy found for test class [com.example.demo.domain.TaskFormTest], using SpringBootContextLoader
2020-06-30 10:36:04.838  INFO 1700 --- [    Test worker] o.s.t.c.support.AbstractContextLoader    : Could not detect default resource locations for test class [com.example.demo.domain.TaskFormTest]: no resource found for suffixes {-context.xml, Context.groovy}.
2020-06-30 10:36:04.838  INFO 1700 --- [    Test worker] t.c.s.AnnotationConfigContextLoaderUtils : Could not detect default configuration classes for test class [com.example.demo.domain.TaskFormTest]: TaskFormTest does not declare any static, non-private, non-final, nested classes annotated with @Configuration.
2020-06-30 10:36:04.841  INFO 1700 --- [    Test worker] .b.t.c.SpringBootTestContextBootstrapper : Found @SpringBootConfiguration com.example.demo.TaskManagementAppApplication for test class com.example.demo.domain.TaskFormTest
2020-06-30 10:36:04.842  INFO 1700 --- [    Test worker] .b.t.c.SpringBootTestContextBootstrapper : Loaded default TestExecutionListener class names from location [META-INF/spring.factories]: [org.springframework.security.test.context.support.WithSecurityContextTestExecutionListener, org.springframework.security.test.context.support.ReactorContextTestExecutionListener, org.springframework.boot.test.autoconfigure.restdocs.RestDocsTestExecutionListener, org.springframework.boot.test.autoconfigure.web.client.MockRestServiceServerResetTestExecutionListener, org.springframework.boot.test.autoconfigure.web.servlet.MockMvcPrintOnlyOnFailureTestExecutionListener, org.springframework.boot.test.autoconfigure.web.servlet.WebDriverTestExecutionListener, org.springframework.boot.test.mock.mockito.MockitoTestExecutionListener, org.springframework.boot.test.mock.mockito.ResetMocksTestExecutionListener, org.springframework.test.context.web.ServletTestExecutionListener, org.springframework.test.context.support.DirtiesContextBeforeModesTestExecutionListener, org.springframework.test.context.support.DependencyInjectionTestExecutionListener, org.springframework.test.context.support.DirtiesContextTestExecutionListener, org.springframework.test.context.transaction.TransactionalTestExecutionListener, org.springframework.test.context.jdbc.SqlScriptsTestExecutionListener, org.springframework.test.context.event.EventPublishingTestExecutionListener]
2020-06-30 10:36:04.842  INFO 1700 --- [    Test worker] .b.t.c.SpringBootTestContextBootstrapper : Using TestExecutionListeners: [org.springframework.test.context.web.ServletTestExecutionListener@746015e4, org.springframework.test.context.support.DirtiesContextBeforeModesTestExecutionListener@cf74539, org.springframework.boot.test.mock.mockito.MockitoTestExecutionListener@1a6ecb99, org.springframework.boot.test.autoconfigure.SpringBootDependencyInjectionTestExecutionListener@6125a932, org.springframework.test.context.support.DirtiesContextTestExecutionListener@159e4fc7, org.springframework.test.context.transaction.TransactionalTestExecutionListener@23f60ec0, org.springframework.test.context.jdbc.SqlScriptsTestExecutionListener@4fa83b24, org.springframework.security.test.context.support.WithSecurityContextTestExecutionListener@30867da, org.springframework.test.context.event.EventPublishingTestExecutionListener@648fe00b, org.springframework.security.test.context.support.ReactorContextTestExecutionListener@779c7254, org.springframework.boot.test.autoconfigure.restdocs.RestDocsTestExecutionListener@79e31698, org.springframework.boot.test.autoconfigure.web.client.MockRestServiceServerResetTestExecutionListener@391598c9, org.springframework.boot.test.autoconfigure.web.servlet.MockMvcPrintOnlyOnFailureTestExecutionListener@2201b858, org.springframework.boot.test.autoconfigure.web.servlet.WebDriverTestExecutionListener@369b609e, org.springframework.boot.test.mock.mockito.ResetMocksTestExecutionListener@57adf703]
]]></system-out>
  <system-err><![CDATA[]]></system-err>
</testsuite>
