<?xml version="1.0" encoding="UTF-8"?>
<testsuite name="com.example.demo.controller.Task" tests="2" skipped="0" failures="0" errors="0" timestamp="2020-06-25T05:58:12" hostname="matsushitashunnoMacBook-Pro.local" time="0.492">
  <properties/>
  <testcase name="readReceivedTaskのget()" classname="com.example.demo.controller.Task" time="0.461"/>
  <testcase name="editのget()" classname="com.example.demo.controller.Task" time="0.03"/>
  <system-out><![CDATA[2020-06-25 14:58:12.291  INFO 90728 --- [    Test worker] .b.t.a.w.s.WebMvcTestContextBootstrapper : Neither @ContextConfiguration nor @ContextHierarchy found for test class [com.example.demo.controller.Task], using SpringBootContextLoader
2020-06-25 14:58:12.291  INFO 90728 --- [    Test worker] o.s.t.c.support.AbstractContextLoader    : Could not detect default resource locations for test class [com.example.demo.controller.Task]: no resource found for suffixes {-context.xml, Context.groovy}.
2020-06-25 14:58:12.291  INFO 90728 --- [    Test worker] t.c.s.AnnotationConfigContextLoaderUtils : Could not detect default configuration classes for test class [com.example.demo.controller.Task]: Task does not declare any static, non-private, non-final, nested classes annotated with @Configuration.
2020-06-25 14:58:12.294  INFO 90728 --- [    Test worker] .b.t.c.SpringBootTestContextBootstrapper : Found @SpringBootConfiguration com.example.demo.TaskManagementAppApplication for test class com.example.demo.controller.Task
2020-06-25 14:58:12.295  INFO 90728 --- [    Test worker] .b.t.a.w.s.WebMvcTestContextBootstrapper : Loaded default TestExecutionListener class names from location [META-INF/spring.factories]: [org.springframework.security.test.context.support.WithSecurityContextTestExecutionListener, org.springframework.security.test.context.support.ReactorContextTestExecutionListener, org.springframework.boot.test.autoconfigure.restdocs.RestDocsTestExecutionListener, org.springframework.boot.test.autoconfigure.web.client.MockRestServiceServerResetTestExecutionListener, org.springframework.boot.test.autoconfigure.web.servlet.MockMvcPrintOnlyOnFailureTestExecutionListener, org.springframework.boot.test.autoconfigure.web.servlet.WebDriverTestExecutionListener, org.springframework.boot.test.mock.mockito.MockitoTestExecutionListener, org.springframework.boot.test.mock.mockito.ResetMocksTestExecutionListener, org.springframework.test.context.web.ServletTestExecutionListener, org.springframework.test.context.support.DirtiesContextBeforeModesTestExecutionListener, org.springframework.test.context.support.DependencyInjectionTestExecutionListener, org.springframework.test.context.support.DirtiesContextTestExecutionListener, org.springframework.test.context.transaction.TransactionalTestExecutionListener, org.springframework.test.context.jdbc.SqlScriptsTestExecutionListener, org.springframework.test.context.event.EventPublishingTestExecutionListener]
2020-06-25 14:58:12.295  INFO 90728 --- [    Test worker] .b.t.a.w.s.WebMvcTestContextBootstrapper : Using TestExecutionListeners: [org.springframework.test.context.web.ServletTestExecutionListener@54196aee, org.springframework.test.context.support.DirtiesContextBeforeModesTestExecutionListener@777de02f, org.springframework.boot.test.mock.mockito.MockitoTestExecutionListener@71e3bdf7, org.springframework.boot.test.autoconfigure.SpringBootDependencyInjectionTestExecutionListener@5ba6bc6a, org.springframework.test.context.support.DirtiesContextTestExecutionListener@44f7e3ea, org.springframework.test.context.transaction.TransactionalTestExecutionListener@5c130fc3, org.springframework.test.context.jdbc.SqlScriptsTestExecutionListener@30731db3, org.springframework.security.test.context.support.WithSecurityContextTestExecutionListener@5e58a23b, org.springframework.test.context.event.EventPublishingTestExecutionListener@254be2a9, org.springframework.security.test.context.support.ReactorContextTestExecutionListener@61629cd4, org.springframework.boot.test.autoconfigure.restdocs.RestDocsTestExecutionListener@49d48bce, org.springframework.boot.test.autoconfigure.web.client.MockRestServiceServerResetTestExecutionListener@5286b1b5, org.springframework.boot.test.autoconfigure.web.servlet.MockMvcPrintOnlyOnFailureTestExecutionListener@28a24fe6, org.springframework.boot.test.autoconfigure.web.servlet.WebDriverTestExecutionListener@5d53f21a, org.springframework.boot.test.mock.mockito.ResetMocksTestExecutionListener@30348885]

  .   ____          _            __ _ _
 /\\ / ___'_ __ _ _(_)_ __  __ _ \ \ \ \
( ( )\___ | '_ | '_| | '_ \/ _` | \ \ \ \
 \\/  ___)| |_)| | | | | || (_| |  ) ) ) )
  '  |____| .__|_| |_|_| |_\__, | / / / /
 =========|_|==============|___/=/_/_/_/
 :: Spring Boot ::        (v2.2.6.RELEASE)

2020-06-25 14:58:12.345  INFO 90728 --- [    Test worker] com.example.demo.controller.Task         : Starting Task on matsushitashunnoMacBook-Pro.local with PID 90728 (started by matsushitashun in /Users/matsushitashun/git/TaskManagement/TaskManagementApp)
2020-06-25 14:58:12.346  INFO 90728 --- [    Test worker] com.example.demo.controller.Task         : No active profile set, falling back to default profiles: default
2020-06-25 14:58:12.574  INFO 90728 --- [    Test worker] o.s.s.concurrent.ThreadPoolTaskExecutor  : Initializing ExecutorService 'applicationTaskExecutor'
2020-06-25 14:58:12.593  INFO 90728 --- [    Test worker] o.s.b.a.w.s.WelcomePageHandlerMapping    : Adding welcome page template: index
2020-06-25 14:58:12.663  INFO 90728 --- [    Test worker] o.s.s.web.DefaultSecurityFilterChain     : Creating filter chain: Ant [pattern='/js/**'], []
2020-06-25 14:58:12.664  INFO 90728 --- [    Test worker] o.s.s.web.DefaultSecurityFilterChain     : Creating filter chain: Ant [pattern='/css/**'], []
2020-06-25 14:58:12.664  INFO 90728 --- [    Test worker] o.s.s.web.DefaultSecurityFilterChain     : Creating filter chain: Ant [pattern='/static/**'], []
2020-06-25 14:58:12.715  INFO 90728 --- [    Test worker] o.s.s.web.DefaultSecurityFilterChain     : Creating filter chain: any request, [org.springframework.security.web.context.request.async.WebAsyncManagerIntegrationFilter@32fbb6ab, org.springframework.security.web.context.SecurityContextPersistenceFilter@3972266, org.springframework.security.web.header.HeaderWriterFilter@32a6d668, org.springframework.security.web.csrf.CsrfFilter@f0df887, org.springframework.security.web.authentication.logout.LogoutFilter@15bc5f58, org.springframework.security.web.authentication.UsernamePasswordAuthenticationFilter@4c11cf47, org.springframework.security.web.session.ConcurrentSessionFilter@2f49a0fe, org.springframework.security.web.savedrequest.RequestCacheAwareFilter@706a1ea, org.springframework.security.web.servletapi.SecurityContextHolderAwareRequestFilter@4daedbc7, org.springframework.security.web.authentication.rememberme.RememberMeAuthenticationFilter@10c38397, org.springframework.security.web.authentication.AnonymousAuthenticationFilter@11511892, org.springframework.security.web.session.SessionManagementFilter@4fe0a045, org.springframework.security.web.access.ExceptionTranslationFilter@7e5a5504, org.springframework.security.web.access.intercept.FilterSecurityInterceptor@1b4709d7]
2020-06-25 14:58:12.728  INFO 90728 --- [    Test worker] o.s.b.t.m.w.SpringBootMockServletContext : Initializing Spring TestDispatcherServlet ''
2020-06-25 14:58:12.728  INFO 90728 --- [    Test worker] o.s.t.web.servlet.TestDispatcherServlet  : Initializing Servlet ''
2020-06-25 14:58:12.732  INFO 90728 --- [    Test worker] o.s.t.web.servlet.TestDispatcherServlet  : Completed initialization in 4 ms
2020-06-25 14:58:12.741  INFO 90728 --- [    Test worker] com.example.demo.controller.Task         : Started Task in 0.406 seconds (JVM running for 21.187)
]]></system-out>
  <system-err><![CDATA[]]></system-err>
</testsuite>
