<?xml version="1.0" encoding="UTF-8"?>
<testsuite name="com.example.demo.controller.Task" tests="2" skipped="0" failures="0" errors="0" timestamp="2020-06-22T06:56:05" hostname="matsushitashunnoMacBook-Pro.local" time="0.563">
  <properties/>
  <testcase name="readReceivedTaskのget()" classname="com.example.demo.controller.Task" time="0.529"/>
  <testcase name="editのget()" classname="com.example.demo.controller.Task" time="0.033"/>
  <system-out><![CDATA[2020-06-22 15:56:05.078  INFO 83900 --- [    Test worker] .b.t.a.w.s.WebMvcTestContextBootstrapper : Neither @ContextConfiguration nor @ContextHierarchy found for test class [com.example.demo.controller.Task], using SpringBootContextLoader
2020-06-22 15:56:05.079  INFO 83900 --- [    Test worker] o.s.t.c.support.AbstractContextLoader    : Could not detect default resource locations for test class [com.example.demo.controller.Task]: no resource found for suffixes {-context.xml, Context.groovy}.
2020-06-22 15:56:05.079  INFO 83900 --- [    Test worker] t.c.s.AnnotationConfigContextLoaderUtils : Could not detect default configuration classes for test class [com.example.demo.controller.Task]: Task does not declare any static, non-private, non-final, nested classes annotated with @Configuration.
2020-06-22 15:56:05.082  INFO 83900 --- [    Test worker] .b.t.c.SpringBootTestContextBootstrapper : Found @SpringBootConfiguration com.example.demo.TaskManagementAppApplication for test class com.example.demo.controller.Task
2020-06-22 15:56:05.083  INFO 83900 --- [    Test worker] .b.t.a.w.s.WebMvcTestContextBootstrapper : Loaded default TestExecutionListener class names from location [META-INF/spring.factories]: [org.springframework.security.test.context.support.WithSecurityContextTestExecutionListener, org.springframework.security.test.context.support.ReactorContextTestExecutionListener, org.springframework.boot.test.autoconfigure.restdocs.RestDocsTestExecutionListener, org.springframework.boot.test.autoconfigure.web.client.MockRestServiceServerResetTestExecutionListener, org.springframework.boot.test.autoconfigure.web.servlet.MockMvcPrintOnlyOnFailureTestExecutionListener, org.springframework.boot.test.autoconfigure.web.servlet.WebDriverTestExecutionListener, org.springframework.boot.test.mock.mockito.MockitoTestExecutionListener, org.springframework.boot.test.mock.mockito.ResetMocksTestExecutionListener, org.springframework.test.context.web.ServletTestExecutionListener, org.springframework.test.context.support.DirtiesContextBeforeModesTestExecutionListener, org.springframework.test.context.support.DependencyInjectionTestExecutionListener, org.springframework.test.context.support.DirtiesContextTestExecutionListener, org.springframework.test.context.transaction.TransactionalTestExecutionListener, org.springframework.test.context.jdbc.SqlScriptsTestExecutionListener, org.springframework.test.context.event.EventPublishingTestExecutionListener]
2020-06-22 15:56:05.084  INFO 83900 --- [    Test worker] .b.t.a.w.s.WebMvcTestContextBootstrapper : Using TestExecutionListeners: [org.springframework.test.context.web.ServletTestExecutionListener@3aad9a03, org.springframework.test.context.support.DirtiesContextBeforeModesTestExecutionListener@1148a1a, org.springframework.boot.test.mock.mockito.MockitoTestExecutionListener@67067556, org.springframework.boot.test.autoconfigure.SpringBootDependencyInjectionTestExecutionListener@45f9edb1, org.springframework.test.context.support.DirtiesContextTestExecutionListener@13d20a8f, org.springframework.test.context.transaction.TransactionalTestExecutionListener@36b306b5, org.springframework.test.context.jdbc.SqlScriptsTestExecutionListener@62cb79f0, org.springframework.security.test.context.support.WithSecurityContextTestExecutionListener@6855847d, org.springframework.test.context.event.EventPublishingTestExecutionListener@6bd07d8a, org.springframework.security.test.context.support.ReactorContextTestExecutionListener@457858eb, org.springframework.boot.test.autoconfigure.restdocs.RestDocsTestExecutionListener@7c45ad4d, org.springframework.boot.test.autoconfigure.web.client.MockRestServiceServerResetTestExecutionListener@38f7b8d4, org.springframework.boot.test.autoconfigure.web.servlet.MockMvcPrintOnlyOnFailureTestExecutionListener@5023be6d, org.springframework.boot.test.autoconfigure.web.servlet.WebDriverTestExecutionListener@571b0b82, org.springframework.boot.test.mock.mockito.ResetMocksTestExecutionListener@665fbe9]

  .   ____          _            __ _ _
 /\\ / ___'_ __ _ _(_)_ __  __ _ \ \ \ \
( ( )\___ | '_ | '_| | '_ \/ _` | \ \ \ \
 \\/  ___)| |_)| | | | | || (_| |  ) ) ) )
  '  |____| .__|_| |_|_| |_\__, | / / / /
 =========|_|==============|___/=/_/_/_/
 :: Spring Boot ::        (v2.2.6.RELEASE)

2020-06-22 15:56:05.138  INFO 83900 --- [    Test worker] com.example.demo.controller.Task         : Starting Task on matsushitashunnoMacBook-Pro.local with PID 83900 (started by matsushitashun in /Users/matsushitashun/git/TaskManagement/TaskManagementApp)
2020-06-22 15:56:05.139  INFO 83900 --- [    Test worker] com.example.demo.controller.Task         : No active profile set, falling back to default profiles: default
2020-06-22 15:56:05.371  INFO 83900 --- [    Test worker] o.s.s.concurrent.ThreadPoolTaskExecutor  : Initializing ExecutorService 'applicationTaskExecutor'
2020-06-22 15:56:05.390  INFO 83900 --- [    Test worker] o.s.b.a.w.s.WelcomePageHandlerMapping    : Adding welcome page template: index
2020-06-22 15:56:05.473  INFO 83900 --- [    Test worker] o.s.s.web.DefaultSecurityFilterChain     : Creating filter chain: Ant [pattern='/js/**'], []
2020-06-22 15:56:05.473  INFO 83900 --- [    Test worker] o.s.s.web.DefaultSecurityFilterChain     : Creating filter chain: Ant [pattern='/css/**'], []
2020-06-22 15:56:05.473  INFO 83900 --- [    Test worker] o.s.s.web.DefaultSecurityFilterChain     : Creating filter chain: Ant [pattern='/static/**'], []
2020-06-22 15:56:05.532  INFO 83900 --- [    Test worker] o.s.s.web.DefaultSecurityFilterChain     : Creating filter chain: any request, [org.springframework.security.web.context.request.async.WebAsyncManagerIntegrationFilter@b025ce4, org.springframework.security.web.context.SecurityContextPersistenceFilter@4adf2c58, org.springframework.security.web.header.HeaderWriterFilter@1e639c0f, org.springframework.security.web.csrf.CsrfFilter@6edabcd8, org.springframework.security.web.authentication.logout.LogoutFilter@7a912b07, org.springframework.security.web.authentication.UsernamePasswordAuthenticationFilter@2e5c08c4, org.springframework.security.web.session.ConcurrentSessionFilter@79966573, org.springframework.security.web.savedrequest.RequestCacheAwareFilter@48de52e8, org.springframework.security.web.servletapi.SecurityContextHolderAwareRequestFilter@3e83363, org.springframework.security.web.authentication.rememberme.RememberMeAuthenticationFilter@1ee0cadd, org.springframework.security.web.authentication.AnonymousAuthenticationFilter@4a1dfb82, org.springframework.security.web.session.SessionManagementFilter@42913d85, org.springframework.security.web.access.ExceptionTranslationFilter@6f5b8435, org.springframework.security.web.access.intercept.FilterSecurityInterceptor@291d186e]
2020-06-22 15:56:05.544  INFO 83900 --- [    Test worker] o.s.b.t.m.w.SpringBootMockServletContext : Initializing Spring TestDispatcherServlet ''
2020-06-22 15:56:05.544  INFO 83900 --- [    Test worker] o.s.t.web.servlet.TestDispatcherServlet  : Initializing Servlet ''
2020-06-22 15:56:05.548  INFO 83900 --- [    Test worker] o.s.t.web.servlet.TestDispatcherServlet  : Completed initialization in 4 ms
2020-06-22 15:56:05.557  INFO 83900 --- [    Test worker] com.example.demo.controller.Task         : Started Task in 0.43 seconds (JVM running for 1720.498)
]]></system-out>
  <system-err><![CDATA[]]></system-err>
</testsuite>
