<?xml version="1.0" encoding="UTF-8"?>
<testsuite name="com.example.demo.controller.Task" tests="2" skipped="0" failures="0" errors="0" timestamp="2020-06-27T10:15:59" hostname="matsushitashunnoMacBook-Pro.local" time="0.542">
  <properties/>
  <testcase name="readReceivedTaskのget()" classname="com.example.demo.controller.Task" time="0.506"/>
  <testcase name="editのget()" classname="com.example.demo.controller.Task" time="0.035"/>
  <system-out><![CDATA[2020-06-27 19:15:58.781  INFO 94851 --- [    Test worker] .b.t.a.w.s.WebMvcTestContextBootstrapper : Neither @ContextConfiguration nor @ContextHierarchy found for test class [com.example.demo.controller.Task], using SpringBootContextLoader
2020-06-27 19:15:58.781  INFO 94851 --- [    Test worker] o.s.t.c.support.AbstractContextLoader    : Could not detect default resource locations for test class [com.example.demo.controller.Task]: no resource found for suffixes {-context.xml, Context.groovy}.
2020-06-27 19:15:58.782  INFO 94851 --- [    Test worker] t.c.s.AnnotationConfigContextLoaderUtils : Could not detect default configuration classes for test class [com.example.demo.controller.Task]: Task does not declare any static, non-private, non-final, nested classes annotated with @Configuration.
2020-06-27 19:15:58.784  INFO 94851 --- [    Test worker] .b.t.c.SpringBootTestContextBootstrapper : Found @SpringBootConfiguration com.example.demo.TaskManagementAppApplication for test class com.example.demo.controller.Task
2020-06-27 19:15:58.784  INFO 94851 --- [    Test worker] .b.t.a.w.s.WebMvcTestContextBootstrapper : Loaded default TestExecutionListener class names from location [META-INF/spring.factories]: [org.springframework.security.test.context.support.WithSecurityContextTestExecutionListener, org.springframework.security.test.context.support.ReactorContextTestExecutionListener, org.springframework.boot.test.autoconfigure.restdocs.RestDocsTestExecutionListener, org.springframework.boot.test.autoconfigure.web.client.MockRestServiceServerResetTestExecutionListener, org.springframework.boot.test.autoconfigure.web.servlet.MockMvcPrintOnlyOnFailureTestExecutionListener, org.springframework.boot.test.autoconfigure.web.servlet.WebDriverTestExecutionListener, org.springframework.boot.test.mock.mockito.MockitoTestExecutionListener, org.springframework.boot.test.mock.mockito.ResetMocksTestExecutionListener, org.springframework.test.context.web.ServletTestExecutionListener, org.springframework.test.context.support.DirtiesContextBeforeModesTestExecutionListener, org.springframework.test.context.support.DependencyInjectionTestExecutionListener, org.springframework.test.context.support.DirtiesContextTestExecutionListener, org.springframework.test.context.transaction.TransactionalTestExecutionListener, org.springframework.test.context.jdbc.SqlScriptsTestExecutionListener, org.springframework.test.context.event.EventPublishingTestExecutionListener]
2020-06-27 19:15:58.785  INFO 94851 --- [    Test worker] .b.t.a.w.s.WebMvcTestContextBootstrapper : Using TestExecutionListeners: [org.springframework.test.context.web.ServletTestExecutionListener@18368843, org.springframework.test.context.support.DirtiesContextBeforeModesTestExecutionListener@60a97cc5, org.springframework.boot.test.mock.mockito.MockitoTestExecutionListener@47efe1aa, org.springframework.boot.test.autoconfigure.SpringBootDependencyInjectionTestExecutionListener@1432ab7f, org.springframework.test.context.support.DirtiesContextTestExecutionListener@386a4d2a, org.springframework.test.context.transaction.TransactionalTestExecutionListener@130e51b6, org.springframework.test.context.jdbc.SqlScriptsTestExecutionListener@2b5400cc, org.springframework.security.test.context.support.WithSecurityContextTestExecutionListener@2abc2f8a, org.springframework.test.context.event.EventPublishingTestExecutionListener@40d534ea, org.springframework.security.test.context.support.ReactorContextTestExecutionListener@21375ea7, org.springframework.boot.test.autoconfigure.restdocs.RestDocsTestExecutionListener@2a6e682d, org.springframework.boot.test.autoconfigure.web.client.MockRestServiceServerResetTestExecutionListener@6165d295, org.springframework.boot.test.autoconfigure.web.servlet.MockMvcPrintOnlyOnFailureTestExecutionListener@8fed837, org.springframework.boot.test.autoconfigure.web.servlet.WebDriverTestExecutionListener@13a77de9, org.springframework.boot.test.mock.mockito.ResetMocksTestExecutionListener@4ad140b0]

  .   ____          _            __ _ _
 /\\ / ___'_ __ _ _(_)_ __  __ _ \ \ \ \
( ( )\___ | '_ | '_| | '_ \/ _` | \ \ \ \
 \\/  ___)| |_)| | | | | || (_| |  ) ) ) )
  '  |____| .__|_| |_|_| |_\__, | / / / /
 =========|_|==============|___/=/_/_/_/
 :: Spring Boot ::        (v2.2.6.RELEASE)

2020-06-27 19:15:58.833  INFO 94851 --- [    Test worker] com.example.demo.controller.Task         : Starting Task on matsushitashunnoMacBook-Pro.local with PID 94851 (started by matsushitashun in /Users/matsushitashun/git/TaskManagement/TaskManagementApp)
2020-06-27 19:15:58.834  INFO 94851 --- [    Test worker] com.example.demo.controller.Task         : No active profile set, falling back to default profiles: default
2020-06-27 19:15:59.041  INFO 94851 --- [    Test worker] o.s.s.concurrent.ThreadPoolTaskExecutor  : Initializing ExecutorService 'applicationTaskExecutor'
2020-06-27 19:15:59.058  INFO 94851 --- [    Test worker] o.s.b.a.w.s.WelcomePageHandlerMapping    : Adding welcome page template: index
2020-06-27 19:15:59.131  INFO 94851 --- [    Test worker] o.s.s.web.DefaultSecurityFilterChain     : Creating filter chain: Ant [pattern='/js/**'], []
2020-06-27 19:15:59.131  INFO 94851 --- [    Test worker] o.s.s.web.DefaultSecurityFilterChain     : Creating filter chain: Ant [pattern='/css/**'], []
2020-06-27 19:15:59.131  INFO 94851 --- [    Test worker] o.s.s.web.DefaultSecurityFilterChain     : Creating filter chain: Ant [pattern='/static/**'], []
2020-06-27 19:15:59.175  INFO 94851 --- [    Test worker] o.s.s.web.DefaultSecurityFilterChain     : Creating filter chain: any request, [org.springframework.security.web.context.request.async.WebAsyncManagerIntegrationFilter@3d95bef9, org.springframework.security.web.context.SecurityContextPersistenceFilter@3764020b, org.springframework.security.web.header.HeaderWriterFilter@39f1b8f, org.springframework.security.web.csrf.CsrfFilter@4ed31ba3, org.springframework.security.web.authentication.logout.LogoutFilter@4d9737ba, org.springframework.security.web.authentication.UsernamePasswordAuthenticationFilter@64ab4419, org.springframework.security.web.session.ConcurrentSessionFilter@5ddd1af2, org.springframework.security.web.savedrequest.RequestCacheAwareFilter@4c5c340b, org.springframework.security.web.servletapi.SecurityContextHolderAwareRequestFilter@6fcb8f24, org.springframework.security.web.authentication.rememberme.RememberMeAuthenticationFilter@7a24a706, org.springframework.security.web.authentication.AnonymousAuthenticationFilter@24af34c5, org.springframework.security.web.session.SessionManagementFilter@b050632, org.springframework.security.web.access.ExceptionTranslationFilter@70d35002, org.springframework.security.web.access.intercept.FilterSecurityInterceptor@28d62ea0]
2020-06-27 19:15:59.186  INFO 94851 --- [    Test worker] o.s.b.t.m.w.SpringBootMockServletContext : Initializing Spring TestDispatcherServlet ''
2020-06-27 19:15:59.186  INFO 94851 --- [    Test worker] o.s.t.web.servlet.TestDispatcherServlet  : Initializing Servlet ''
2020-06-27 19:15:59.190  INFO 94851 --- [    Test worker] o.s.t.web.servlet.TestDispatcherServlet  : Completed initialization in 4 ms
2020-06-27 19:15:59.197  INFO 94851 --- [    Test worker] com.example.demo.controller.Task         : Started Task in 0.371 seconds (JVM running for 126.561)
]]></system-out>
  <system-err><![CDATA[]]></system-err>
</testsuite>
