<?xml version="1.0" encoding="UTF-8"?>
<testsuite name="com.example.demo.controller.SignupControllerTest" tests="3" skipped="0" failures="0" errors="0" timestamp="2020-06-22T07:50:01" hostname="matsushitashunnoMacBook-Pro.local" time="0.194">
  <properties/>
  <testcase name="signupにgetリクエスト()" classname="com.example.demo.controller.SignupControllerTest" time="0.066"/>
  <testcase name="signupにpostリクエスト()" classname="com.example.demo.controller.SignupControllerTest" time="0.1"/>
  <testcase name="signupにパラメータ付与せずにpostリクエスト()" classname="com.example.demo.controller.SignupControllerTest" time="0.024"/>
  <system-out><![CDATA[2020-06-22 16:50:00.155  INFO 84287 --- [    Test worker] .b.t.c.SpringBootTestContextBootstrapper : Neither @ContextConfiguration nor @ContextHierarchy found for test class [com.example.demo.controller.SignupControllerTest], using SpringBootContextLoader
2020-06-22 16:50:00.155  INFO 84287 --- [    Test worker] o.s.t.c.support.AbstractContextLoader    : Could not detect default resource locations for test class [com.example.demo.controller.SignupControllerTest]: no resource found for suffixes {-context.xml, Context.groovy}.
2020-06-22 16:50:00.155  INFO 84287 --- [    Test worker] t.c.s.AnnotationConfigContextLoaderUtils : Could not detect default configuration classes for test class [com.example.demo.controller.SignupControllerTest]: SignupControllerTest does not declare any static, non-private, non-final, nested classes annotated with @Configuration.
2020-06-22 16:50:00.158  INFO 84287 --- [    Test worker] .b.t.c.SpringBootTestContextBootstrapper : Found @SpringBootConfiguration com.example.demo.TaskManagementAppApplication for test class com.example.demo.controller.SignupControllerTest
2020-06-22 16:50:00.159  INFO 84287 --- [    Test worker] .b.t.c.SpringBootTestContextBootstrapper : Loaded default TestExecutionListener class names from location [META-INF/spring.factories]: [org.springframework.security.test.context.support.WithSecurityContextTestExecutionListener, org.springframework.security.test.context.support.ReactorContextTestExecutionListener, org.springframework.boot.test.autoconfigure.restdocs.RestDocsTestExecutionListener, org.springframework.boot.test.autoconfigure.web.client.MockRestServiceServerResetTestExecutionListener, org.springframework.boot.test.autoconfigure.web.servlet.MockMvcPrintOnlyOnFailureTestExecutionListener, org.springframework.boot.test.autoconfigure.web.servlet.WebDriverTestExecutionListener, org.springframework.boot.test.mock.mockito.MockitoTestExecutionListener, org.springframework.boot.test.mock.mockito.ResetMocksTestExecutionListener, org.springframework.test.context.web.ServletTestExecutionListener, org.springframework.test.context.support.DirtiesContextBeforeModesTestExecutionListener, org.springframework.test.context.support.DependencyInjectionTestExecutionListener, org.springframework.test.context.support.DirtiesContextTestExecutionListener, org.springframework.test.context.transaction.TransactionalTestExecutionListener, org.springframework.test.context.jdbc.SqlScriptsTestExecutionListener, org.springframework.test.context.event.EventPublishingTestExecutionListener]
2020-06-22 16:50:00.159  INFO 84287 --- [    Test worker] .b.t.c.SpringBootTestContextBootstrapper : Using TestExecutionListeners: [org.springframework.test.context.web.ServletTestExecutionListener@5324be26, org.springframework.test.context.support.DirtiesContextBeforeModesTestExecutionListener@bdc3e30, org.springframework.boot.test.mock.mockito.MockitoTestExecutionListener@56299fd7, org.springframework.boot.test.autoconfigure.SpringBootDependencyInjectionTestExecutionListener@2aff0741, org.springframework.test.context.support.DirtiesContextTestExecutionListener@5cdc49b6, org.springframework.test.context.transaction.TransactionalTestExecutionListener@369bd1a3, org.springframework.test.context.jdbc.SqlScriptsTestExecutionListener@2c562780, org.springframework.security.test.context.support.WithSecurityContextTestExecutionListener@7ec1e844, org.springframework.test.context.event.EventPublishingTestExecutionListener@40ee8fd3, org.springframework.security.test.context.support.ReactorContextTestExecutionListener@281048a4, org.springframework.boot.test.autoconfigure.restdocs.RestDocsTestExecutionListener@35e70001, org.springframework.boot.test.autoconfigure.web.client.MockRestServiceServerResetTestExecutionListener@44155d31, org.springframework.boot.test.autoconfigure.web.servlet.MockMvcPrintOnlyOnFailureTestExecutionListener@7031c277, org.springframework.boot.test.autoconfigure.web.servlet.WebDriverTestExecutionListener@5acef1bd, org.springframework.boot.test.mock.mockito.ResetMocksTestExecutionListener@57a405ed]

  .   ____          _            __ _ _
 /\\ / ___'_ __ _ _(_)_ __  __ _ \ \ \ \
( ( )\___ | '_ | '_| | '_ \/ _` | \ \ \ \
 \\/  ___)| |_)| | | | | || (_| |  ) ) ) )
  '  |____| .__|_| |_|_| |_\__, | / / / /
 =========|_|==============|___/=/_/_/_/
 :: Spring Boot ::        (v2.2.6.RELEASE)

2020-06-22 16:50:00.171  INFO 84287 --- [    Test worker] c.e.d.controller.SignupControllerTest    : Starting SignupControllerTest on matsushitashunnoMacBook-Pro.local with PID 84287 (started by matsushitashun in /Users/matsushitashun/git/TaskManagement/TaskManagementApp)
2020-06-22 16:50:00.171  INFO 84287 --- [    Test worker] c.e.d.controller.SignupControllerTest    : No active profile set, falling back to default profiles: default
2020-06-22 16:50:00.482  INFO 84287 --- [    Test worker] com.zaxxer.hikari.HikariDataSource       : HikariPool-48 - Starting...
2020-06-22 16:50:00.488  INFO 84287 --- [    Test worker] com.zaxxer.hikari.HikariDataSource       : HikariPool-48 - Start completed.
2020-06-22 16:50:00.694  INFO 84287 --- [    Test worker] o.s.s.concurrent.ThreadPoolTaskExecutor  : Initializing ExecutorService 'taskExecutor'
2020-06-22 16:50:01.143  INFO 84287 --- [    Test worker] o.s.b.a.w.s.WelcomePageHandlerMapping    : Adding welcome page template: index
2020-06-22 16:50:01.431  INFO 84287 --- [    Test worker] o.s.s.web.DefaultSecurityFilterChain     : Creating filter chain: Ant [pattern='/js/**'], []
2020-06-22 16:50:01.431  INFO 84287 --- [    Test worker] o.s.s.web.DefaultSecurityFilterChain     : Creating filter chain: Ant [pattern='/css/**'], []
2020-06-22 16:50:01.431  INFO 84287 --- [    Test worker] o.s.s.web.DefaultSecurityFilterChain     : Creating filter chain: Ant [pattern='/static/**'], []
2020-06-22 16:50:01.528  INFO 84287 --- [    Test worker] o.s.s.web.DefaultSecurityFilterChain     : Creating filter chain: any request, [org.springframework.security.web.context.request.async.WebAsyncManagerIntegrationFilter@261b6f84, org.springframework.security.web.context.SecurityContextPersistenceFilter@6ddad17a, org.springframework.security.web.header.HeaderWriterFilter@56af139f, org.springframework.security.web.csrf.CsrfFilter@27540679, org.springframework.security.web.authentication.logout.LogoutFilter@2b6142b9, org.springframework.security.web.authentication.UsernamePasswordAuthenticationFilter@be147f9, org.springframework.security.web.session.ConcurrentSessionFilter@40e07545, org.springframework.security.web.savedrequest.RequestCacheAwareFilter@6f240784, org.springframework.security.web.servletapi.SecurityContextHolderAwareRequestFilter@66c3c2c2, org.springframework.security.web.authentication.rememberme.RememberMeAuthenticationFilter@4e3db94e, org.springframework.security.web.authentication.AnonymousAuthenticationFilter@7c30fa88, org.springframework.security.web.session.SessionManagementFilter@57e1c94d, org.springframework.security.web.access.ExceptionTranslationFilter@6ecba8fc, org.springframework.security.web.access.intercept.FilterSecurityInterceptor@4b31e4ce]
2020-06-22 16:50:01.682  INFO 84287 --- [    Test worker] o.s.b.t.m.w.SpringBootMockServletContext : Initializing Spring TestDispatcherServlet ''
2020-06-22 16:50:01.682  INFO 84287 --- [    Test worker] o.s.t.web.servlet.TestDispatcherServlet  : Initializing Servlet ''
2020-06-22 16:50:01.692  INFO 84287 --- [    Test worker] o.s.t.web.servlet.TestDispatcherServlet  : Completed initialization in 10 ms
2020-06-22 16:50:01.703  INFO 84287 --- [    Test worker] s.a.ScheduledAnnotationBeanPostProcessor : No TaskScheduler/ScheduledExecutorService bean found for scheduled processing
2020-06-22 16:50:01.710  INFO 84287 --- [    Test worker] c.e.d.controller.SignupControllerTest    : Started SignupControllerTest in 1.549 seconds (JVM running for 1718.472)
2020-06-22 16:50:01.742  INFO 84287 --- [    Test worker] o.s.t.c.transaction.TransactionContext   : Began transaction (1) for test context [DefaultTestContext@3838d2b8 testClass = SignupControllerTest, testInstance = com.example.demo.controller.SignupControllerTest@3219adbd, testMethod = signupにgetリクエスト@SignupControllerTest, testException = [null], mergedContextConfiguration = [WebMergedContextConfiguration@1a190ad4 testClass = SignupControllerTest, locations = '{}', classes = '{class com.example.demo.TaskManagementAppApplication}', contextInitializerClasses = '[]', activeProfiles = '{}', propertySourceLocations = '{classpath:test.properties}', propertySourceProperties = '{org.springframework.boot.test.context.SpringBootTestContextBootstrapper=true}', contextCustomizers = set[org.springframework.boot.test.autoconfigure.properties.PropertyMappingContextCustomizer@23db4e07, org.springframework.boot.test.autoconfigure.web.servlet.WebDriverContextCustomizerFactory$Customizer@56f6f8a8, [ImportsContextCustomizer@57ad9343 key = [org.springframework.boot.test.autoconfigure.jdbc.TestDatabaseAutoConfiguration, org.springframework.boot.autoconfigure.jdbc.DataSourceAutoConfiguration, org.springframework.boot.test.autoconfigure.web.servlet.MockMvcAutoConfiguration, org.springframework.boot.test.autoconfigure.web.servlet.MockMvcWebClientAutoConfiguration, org.springframework.boot.test.autoconfigure.web.servlet.MockMvcWebDriverAutoConfiguration, org.springframework.boot.autoconfigure.security.servlet.SecurityAutoConfiguration, org.springframework.boot.autoconfigure.security.servlet.UserDetailsServiceAutoConfiguration, org.springframework.boot.test.autoconfigure.web.servlet.MockMvcSecurityConfiguration]], org.springframework.boot.test.context.filter.ExcludeFilterContextCustomizer@642ef956, org.springframework.boot.test.json.DuplicateJsonObjectContextCustomizerFactory$DuplicateJsonObjectContextCustomizer@28aa6797, org.springframework.boot.test.mock.mockito.MockitoContextCustomizer@ee82b42c, org.springframework.boot.test.web.client.TestRestTemplateContextCustomizer@67f2778e], resourceBasePath = 'src/main/webapp', contextLoader = 'org.springframework.boot.test.context.SpringBootContextLoader', parent = [null]], attributes = map['org.springframework.test.context.web.ServletTestExecutionListener.activateListener' -> true, 'org.springframework.test.context.web.ServletTestExecutionListener.populatedRequestContextHolder' -> true, 'org.springframework.test.context.web.ServletTestExecutionListener.resetRequestContextHolder' -> true]]; transaction manager [org.springframework.jdbc.datasource.DataSourceTransactionManager@85a0491]; rollback [true]
2020-06-22 16:50:01.771  INFO 84287 --- [    Test worker] o.s.mock.web.MockServletContext          : Initializing Spring TestDispatcherServlet ''
2020-06-22 16:50:01.771  INFO 84287 --- [    Test worker] o.s.t.web.servlet.TestDispatcherServlet  : Initializing Servlet ''
2020-06-22 16:50:01.771  INFO 84287 --- [    Test worker] o.s.t.web.servlet.TestDispatcherServlet  : Completed initialization in 0 ms
2020-06-22 16:50:01.807  INFO 84287 --- [    Test worker] o.s.t.c.transaction.TransactionContext   : Rolled back transaction for test: [DefaultTestContext@3838d2b8 testClass = SignupControllerTest, testInstance = com.example.demo.controller.SignupControllerTest@3219adbd, testMethod = signupにgetリクエスト@SignupControllerTest, testException = [null], mergedContextConfiguration = [WebMergedContextConfiguration@1a190ad4 testClass = SignupControllerTest, locations = '{}', classes = '{class com.example.demo.TaskManagementAppApplication}', contextInitializerClasses = '[]', activeProfiles = '{}', propertySourceLocations = '{classpath:test.properties}', propertySourceProperties = '{org.springframework.boot.test.context.SpringBootTestContextBootstrapper=true}', contextCustomizers = set[org.springframework.boot.test.autoconfigure.properties.PropertyMappingContextCustomizer@23db4e07, org.springframework.boot.test.autoconfigure.web.servlet.WebDriverContextCustomizerFactory$Customizer@56f6f8a8, [ImportsContextCustomizer@57ad9343 key = [org.springframework.boot.test.autoconfigure.jdbc.TestDatabaseAutoConfiguration, org.springframework.boot.autoconfigure.jdbc.DataSourceAutoConfiguration, org.springframework.boot.test.autoconfigure.web.servlet.MockMvcAutoConfiguration, org.springframework.boot.test.autoconfigure.web.servlet.MockMvcWebClientAutoConfiguration, org.springframework.boot.test.autoconfigure.web.servlet.MockMvcWebDriverAutoConfiguration, org.springframework.boot.autoconfigure.security.servlet.SecurityAutoConfiguration, org.springframework.boot.autoconfigure.security.servlet.UserDetailsServiceAutoConfiguration, org.springframework.boot.test.autoconfigure.web.servlet.MockMvcSecurityConfiguration]], org.springframework.boot.test.context.filter.ExcludeFilterContextCustomizer@642ef956, org.springframework.boot.test.json.DuplicateJsonObjectContextCustomizerFactory$DuplicateJsonObjectContextCustomizer@28aa6797, org.springframework.boot.test.mock.mockito.MockitoContextCustomizer@ee82b42c, org.springframework.boot.test.web.client.TestRestTemplateContextCustomizer@67f2778e], resourceBasePath = 'src/main/webapp', contextLoader = 'org.springframework.boot.test.context.SpringBootContextLoader', parent = [null]], attributes = map['org.springframework.test.context.web.ServletTestExecutionListener.activateListener' -> true, 'org.springframework.test.context.web.ServletTestExecutionListener.populatedRequestContextHolder' -> true, 'org.springframework.test.context.web.ServletTestExecutionListener.resetRequestContextHolder' -> true]]
2020-06-22 16:50:01.809  INFO 84287 --- [    Test worker] o.s.t.c.transaction.TransactionContext   : Began transaction (1) for test context [DefaultTestContext@3838d2b8 testClass = SignupControllerTest, testInstance = com.example.demo.controller.SignupControllerTest@104f1c8, testMethod = signupにpostリクエスト@SignupControllerTest, testException = [null], mergedContextConfiguration = [WebMergedContextConfiguration@1a190ad4 testClass = SignupControllerTest, locations = '{}', classes = '{class com.example.demo.TaskManagementAppApplication}', contextInitializerClasses = '[]', activeProfiles = '{}', propertySourceLocations = '{classpath:test.properties}', propertySourceProperties = '{org.springframework.boot.test.context.SpringBootTestContextBootstrapper=true}', contextCustomizers = set[org.springframework.boot.test.autoconfigure.properties.PropertyMappingContextCustomizer@23db4e07, org.springframework.boot.test.autoconfigure.web.servlet.WebDriverContextCustomizerFactory$Customizer@56f6f8a8, [ImportsContextCustomizer@57ad9343 key = [org.springframework.boot.test.autoconfigure.jdbc.TestDatabaseAutoConfiguration, org.springframework.boot.autoconfigure.jdbc.DataSourceAutoConfiguration, org.springframework.boot.test.autoconfigure.web.servlet.MockMvcAutoConfiguration, org.springframework.boot.test.autoconfigure.web.servlet.MockMvcWebClientAutoConfiguration, org.springframework.boot.test.autoconfigure.web.servlet.MockMvcWebDriverAutoConfiguration, org.springframework.boot.autoconfigure.security.servlet.SecurityAutoConfiguration, org.springframework.boot.autoconfigure.security.servlet.UserDetailsServiceAutoConfiguration, org.springframework.boot.test.autoconfigure.web.servlet.MockMvcSecurityConfiguration]], org.springframework.boot.test.context.filter.ExcludeFilterContextCustomizer@642ef956, org.springframework.boot.test.json.DuplicateJsonObjectContextCustomizerFactory$DuplicateJsonObjectContextCustomizer@28aa6797, org.springframework.boot.test.mock.mockito.MockitoContextCustomizer@ee82b42c, org.springframework.boot.test.web.client.TestRestTemplateContextCustomizer@67f2778e], resourceBasePath = 'src/main/webapp', contextLoader = 'org.springframework.boot.test.context.SpringBootContextLoader', parent = [null]], attributes = map['org.springframework.test.context.web.ServletTestExecutionListener.activateListener' -> true, 'org.springframework.test.context.web.ServletTestExecutionListener.populatedRequestContextHolder' -> true, 'org.springframework.test.context.web.ServletTestExecutionListener.resetRequestContextHolder' -> true]]; transaction manager [org.springframework.jdbc.datasource.DataSourceTransactionManager@85a0491]; rollback [true]
2020-06-22 16:50:01.820  INFO 84287 --- [    Test worker] o.s.mock.web.MockServletContext          : Initializing Spring TestDispatcherServlet ''
2020-06-22 16:50:01.820  INFO 84287 --- [    Test worker] o.s.t.web.servlet.TestDispatcherServlet  : Initializing Servlet ''
2020-06-22 16:50:01.820  INFO 84287 --- [    Test worker] o.s.t.web.servlet.TestDispatcherServlet  : Completed initialization in 0 ms
2020-06-22 16:50:01.909  INFO 84287 --- [    Test worker] o.s.t.c.transaction.TransactionContext   : Rolled back transaction for test: [DefaultTestContext@3838d2b8 testClass = SignupControllerTest, testInstance = com.example.demo.controller.SignupControllerTest@104f1c8, testMethod = signupにpostリクエスト@SignupControllerTest, testException = [null], mergedContextConfiguration = [WebMergedContextConfiguration@1a190ad4 testClass = SignupControllerTest, locations = '{}', classes = '{class com.example.demo.TaskManagementAppApplication}', contextInitializerClasses = '[]', activeProfiles = '{}', propertySourceLocations = '{classpath:test.properties}', propertySourceProperties = '{org.springframework.boot.test.context.SpringBootTestContextBootstrapper=true}', contextCustomizers = set[org.springframework.boot.test.autoconfigure.properties.PropertyMappingContextCustomizer@23db4e07, org.springframework.boot.test.autoconfigure.web.servlet.WebDriverContextCustomizerFactory$Customizer@56f6f8a8, [ImportsContextCustomizer@57ad9343 key = [org.springframework.boot.test.autoconfigure.jdbc.TestDatabaseAutoConfiguration, org.springframework.boot.autoconfigure.jdbc.DataSourceAutoConfiguration, org.springframework.boot.test.autoconfigure.web.servlet.MockMvcAutoConfiguration, org.springframework.boot.test.autoconfigure.web.servlet.MockMvcWebClientAutoConfiguration, org.springframework.boot.test.autoconfigure.web.servlet.MockMvcWebDriverAutoConfiguration, org.springframework.boot.autoconfigure.security.servlet.SecurityAutoConfiguration, org.springframework.boot.autoconfigure.security.servlet.UserDetailsServiceAutoConfiguration, org.springframework.boot.test.autoconfigure.web.servlet.MockMvcSecurityConfiguration]], org.springframework.boot.test.context.filter.ExcludeFilterContextCustomizer@642ef956, org.springframework.boot.test.json.DuplicateJsonObjectContextCustomizerFactory$DuplicateJsonObjectContextCustomizer@28aa6797, org.springframework.boot.test.mock.mockito.MockitoContextCustomizer@ee82b42c, org.springframework.boot.test.web.client.TestRestTemplateContextCustomizer@67f2778e], resourceBasePath = 'src/main/webapp', contextLoader = 'org.springframework.boot.test.context.SpringBootContextLoader', parent = [null]], attributes = map['org.springframework.test.context.web.ServletTestExecutionListener.activateListener' -> true, 'org.springframework.test.context.web.ServletTestExecutionListener.populatedRequestContextHolder' -> true, 'org.springframework.test.context.web.ServletTestExecutionListener.resetRequestContextHolder' -> true]]
2020-06-22 16:50:01.911  INFO 84287 --- [    Test worker] o.s.t.c.transaction.TransactionContext   : Began transaction (1) for test context [DefaultTestContext@3838d2b8 testClass = SignupControllerTest, testInstance = com.example.demo.controller.SignupControllerTest@58f84965, testMethod = signupにパラメータ付与せずにpostリクエスト@SignupControllerTest, testException = [null], mergedContextConfiguration = [WebMergedContextConfiguration@1a190ad4 testClass = SignupControllerTest, locations = '{}', classes = '{class com.example.demo.TaskManagementAppApplication}', contextInitializerClasses = '[]', activeProfiles = '{}', propertySourceLocations = '{classpath:test.properties}', propertySourceProperties = '{org.springframework.boot.test.context.SpringBootTestContextBootstrapper=true}', contextCustomizers = set[org.springframework.boot.test.autoconfigure.properties.PropertyMappingContextCustomizer@23db4e07, org.springframework.boot.test.autoconfigure.web.servlet.WebDriverContextCustomizerFactory$Customizer@56f6f8a8, [ImportsContextCustomizer@57ad9343 key = [org.springframework.boot.test.autoconfigure.jdbc.TestDatabaseAutoConfiguration, org.springframework.boot.autoconfigure.jdbc.DataSourceAutoConfiguration, org.springframework.boot.test.autoconfigure.web.servlet.MockMvcAutoConfiguration, org.springframework.boot.test.autoconfigure.web.servlet.MockMvcWebClientAutoConfiguration, org.springframework.boot.test.autoconfigure.web.servlet.MockMvcWebDriverAutoConfiguration, org.springframework.boot.autoconfigure.security.servlet.SecurityAutoConfiguration, org.springframework.boot.autoconfigure.security.servlet.UserDetailsServiceAutoConfiguration, org.springframework.boot.test.autoconfigure.web.servlet.MockMvcSecurityConfiguration]], org.springframework.boot.test.context.filter.ExcludeFilterContextCustomizer@642ef956, org.springframework.boot.test.json.DuplicateJsonObjectContextCustomizerFactory$DuplicateJsonObjectContextCustomizer@28aa6797, org.springframework.boot.test.mock.mockito.MockitoContextCustomizer@ee82b42c, org.springframework.boot.test.web.client.TestRestTemplateContextCustomizer@67f2778e], resourceBasePath = 'src/main/webapp', contextLoader = 'org.springframework.boot.test.context.SpringBootContextLoader', parent = [null]], attributes = map['org.springframework.test.context.web.ServletTestExecutionListener.activateListener' -> true, 'org.springframework.test.context.web.ServletTestExecutionListener.populatedRequestContextHolder' -> true, 'org.springframework.test.context.web.ServletTestExecutionListener.resetRequestContextHolder' -> true]]; transaction manager [org.springframework.jdbc.datasource.DataSourceTransactionManager@85a0491]; rollback [true]
2020-06-22 16:50:01.923  INFO 84287 --- [    Test worker] o.s.mock.web.MockServletContext          : Initializing Spring TestDispatcherServlet ''
2020-06-22 16:50:01.923  INFO 84287 --- [    Test worker] o.s.t.web.servlet.TestDispatcherServlet  : Initializing Servlet ''
2020-06-22 16:50:01.923  INFO 84287 --- [    Test worker] o.s.t.web.servlet.TestDispatcherServlet  : Completed initialization in 0 ms
2020-06-22 16:50:01.935  INFO 84287 --- [    Test worker] o.s.t.c.transaction.TransactionContext   : Rolled back transaction for test: [DefaultTestContext@3838d2b8 testClass = SignupControllerTest, testInstance = com.example.demo.controller.SignupControllerTest@58f84965, testMethod = signupにパラメータ付与せずにpostリクエスト@SignupControllerTest, testException = [null], mergedContextConfiguration = [WebMergedContextConfiguration@1a190ad4 testClass = SignupControllerTest, locations = '{}', classes = '{class com.example.demo.TaskManagementAppApplication}', contextInitializerClasses = '[]', activeProfiles = '{}', propertySourceLocations = '{classpath:test.properties}', propertySourceProperties = '{org.springframework.boot.test.context.SpringBootTestContextBootstrapper=true}', contextCustomizers = set[org.springframework.boot.test.autoconfigure.properties.PropertyMappingContextCustomizer@23db4e07, org.springframework.boot.test.autoconfigure.web.servlet.WebDriverContextCustomizerFactory$Customizer@56f6f8a8, [ImportsContextCustomizer@57ad9343 key = [org.springframework.boot.test.autoconfigure.jdbc.TestDatabaseAutoConfiguration, org.springframework.boot.autoconfigure.jdbc.DataSourceAutoConfiguration, org.springframework.boot.test.autoconfigure.web.servlet.MockMvcAutoConfiguration, org.springframework.boot.test.autoconfigure.web.servlet.MockMvcWebClientAutoConfiguration, org.springframework.boot.test.autoconfigure.web.servlet.MockMvcWebDriverAutoConfiguration, org.springframework.boot.autoconfigure.security.servlet.SecurityAutoConfiguration, org.springframework.boot.autoconfigure.security.servlet.UserDetailsServiceAutoConfiguration, org.springframework.boot.test.autoconfigure.web.servlet.MockMvcSecurityConfiguration]], org.springframework.boot.test.context.filter.ExcludeFilterContextCustomizer@642ef956, org.springframework.boot.test.json.DuplicateJsonObjectContextCustomizerFactory$DuplicateJsonObjectContextCustomizer@28aa6797, org.springframework.boot.test.mock.mockito.MockitoContextCustomizer@ee82b42c, org.springframework.boot.test.web.client.TestRestTemplateContextCustomizer@67f2778e], resourceBasePath = 'src/main/webapp', contextLoader = 'org.springframework.boot.test.context.SpringBootContextLoader', parent = [null]], attributes = map['org.springframework.test.context.web.ServletTestExecutionListener.activateListener' -> true, 'org.springframework.test.context.web.ServletTestExecutionListener.populatedRequestContextHolder' -> true, 'org.springframework.test.context.web.ServletTestExecutionListener.resetRequestContextHolder' -> true]]
]]></system-out>
  <system-err><![CDATA[]]></system-err>
</testsuite>
