<?xml version="1.0" encoding="UTF-8"?>
<testsuite name="com.example.demo.service.JavaMailSenderTest" tests="5" skipped="1" failures="0" errors="0" timestamp="2020-07-11T14:44:12" hostname="matsushitashunnoMacBook-Pro.local" time="0.074">
  <properties/>
  <testcase name="testSendAndReceive()" classname="com.example.demo.service.JavaMailSenderTest" time="0.001">
    <skipped/>
  </testcase>
  <testcase name="exceptionTest()" classname="com.example.demo.service.JavaMailSenderTest" time="0.057"/>
  <testcase name="exvenTrue(int)[1]" classname="com.example.demo.service.JavaMailSenderTest" time="0.004"/>
  <testcase name="exvenTrue(int)[2]" classname="com.example.demo.service.JavaMailSenderTest" time="0.004"/>
  <testcase name="exvenTrue(int)[3]" classname="com.example.demo.service.JavaMailSenderTest" time="0.004"/>
  <system-out><![CDATA[2020-07-11 23:44:12.385  INFO 28613 --- [    Test worker] .b.t.c.SpringBootTestContextBootstrapper : Neither @ContextConfiguration nor @ContextHierarchy found for test class [com.example.demo.service.JavaMailSenderTest], using SpringBootContextLoader
2020-07-11 23:44:12.385  INFO 28613 --- [    Test worker] o.s.t.c.support.AbstractContextLoader    : Could not detect default resource locations for test class [com.example.demo.service.JavaMailSenderTest]: no resource found for suffixes {-context.xml, Context.groovy}.
2020-07-11 23:44:12.385  INFO 28613 --- [    Test worker] t.c.s.AnnotationConfigContextLoaderUtils : Could not detect default configuration classes for test class [com.example.demo.service.JavaMailSenderTest]: JavaMailSenderTest does not declare any static, non-private, non-final, nested classes annotated with @Configuration.
2020-07-11 23:44:12.388  INFO 28613 --- [    Test worker] .b.t.c.SpringBootTestContextBootstrapper : Found @SpringBootConfiguration com.example.demo.TaskManagementAppApplication for test class com.example.demo.service.JavaMailSenderTest
2020-07-11 23:44:12.389  INFO 28613 --- [    Test worker] .b.t.c.SpringBootTestContextBootstrapper : Loaded default TestExecutionListener class names from location [META-INF/spring.factories]: [org.springframework.security.test.context.support.WithSecurityContextTestExecutionListener, org.springframework.security.test.context.support.ReactorContextTestExecutionListener, org.springframework.boot.test.autoconfigure.restdocs.RestDocsTestExecutionListener, org.springframework.boot.test.autoconfigure.web.client.MockRestServiceServerResetTestExecutionListener, org.springframework.boot.test.autoconfigure.web.servlet.MockMvcPrintOnlyOnFailureTestExecutionListener, org.springframework.boot.test.autoconfigure.web.servlet.WebDriverTestExecutionListener, org.springframework.boot.test.mock.mockito.MockitoTestExecutionListener, org.springframework.boot.test.mock.mockito.ResetMocksTestExecutionListener, org.springframework.test.context.web.ServletTestExecutionListener, org.springframework.test.context.support.DirtiesContextBeforeModesTestExecutionListener, org.springframework.test.context.support.DependencyInjectionTestExecutionListener, org.springframework.test.context.support.DirtiesContextTestExecutionListener, org.springframework.test.context.transaction.TransactionalTestExecutionListener, org.springframework.test.context.jdbc.SqlScriptsTestExecutionListener, org.springframework.test.context.event.EventPublishingTestExecutionListener]
2020-07-11 23:44:12.390  INFO 28613 --- [    Test worker] .b.t.c.SpringBootTestContextBootstrapper : Using TestExecutionListeners: [org.springframework.test.context.web.ServletTestExecutionListener@75f0bf3, org.springframework.test.context.support.DirtiesContextBeforeModesTestExecutionListener@6e971eef, org.springframework.boot.test.mock.mockito.MockitoTestExecutionListener@130860e7, org.springframework.boot.test.autoconfigure.SpringBootDependencyInjectionTestExecutionListener@bb10327, org.springframework.test.context.support.DirtiesContextTestExecutionListener@74ce9131, org.springframework.test.context.transaction.TransactionalTestExecutionListener@22f89921, org.springframework.test.context.jdbc.SqlScriptsTestExecutionListener@72a7cac1, org.springframework.security.test.context.support.WithSecurityContextTestExecutionListener@718c5789, org.springframework.test.context.event.EventPublishingTestExecutionListener@71cb1790, org.springframework.security.test.context.support.ReactorContextTestExecutionListener@171ca919, org.springframework.boot.test.autoconfigure.restdocs.RestDocsTestExecutionListener@5ba198f9, org.springframework.boot.test.autoconfigure.web.client.MockRestServiceServerResetTestExecutionListener@4802bc1b, org.springframework.boot.test.autoconfigure.web.servlet.MockMvcPrintOnlyOnFailureTestExecutionListener@61dc451c, org.springframework.boot.test.autoconfigure.web.servlet.WebDriverTestExecutionListener@137a7c5f, org.springframework.boot.test.mock.mockito.ResetMocksTestExecutionListener@444b5899]
2020-07-11 23:44:12.395  INFO 28613 --- [    Test worker] o.s.t.c.transaction.TransactionContext   : Began transaction (1) for test context [DefaultTestContext@314a2bee testClass = JavaMailSenderTest, testInstance = com.example.demo.service.JavaMailSenderTest@7388a3fc, testMethod = exceptionTest@JavaMailSenderTest, testException = [null], mergedContextConfiguration = [WebMergedContextConfiguration@16116d2d testClass = JavaMailSenderTest, locations = '{}', classes = '{class com.example.demo.TaskManagementAppApplication}', contextInitializerClasses = '[]', activeProfiles = '{}', propertySourceLocations = '{classpath:/test.properties}', propertySourceProperties = '{org.springframework.boot.test.context.SpringBootTestContextBootstrapper=true}', contextCustomizers = set[org.springframework.boot.test.autoconfigure.properties.PropertyMappingContextCustomizer@0, org.springframework.boot.test.autoconfigure.web.servlet.WebDriverContextCustomizerFactory$Customizer@34bd37c3, org.springframework.boot.test.context.filter.ExcludeFilterContextCustomizer@9a07746, org.springframework.boot.test.json.DuplicateJsonObjectContextCustomizerFactory$DuplicateJsonObjectContextCustomizer@4e6e1cec, org.springframework.boot.test.mock.mockito.MockitoContextCustomizer@0, org.springframework.boot.test.web.client.TestRestTemplateContextCustomizer@4f01b762], resourceBasePath = 'src/main/webapp', contextLoader = 'org.springframework.boot.test.context.SpringBootContextLoader', parent = [null]], attributes = map['org.springframework.test.context.web.ServletTestExecutionListener.activateListener' -> true, 'org.springframework.test.context.web.ServletTestExecutionListener.populatedRequestContextHolder' -> true, 'org.springframework.test.context.web.ServletTestExecutionListener.resetRequestContextHolder' -> true]]; transaction manager [org.springframework.jdbc.datasource.DataSourceTransactionManager@46e9acda]; rollback [true]
2020-07-11 23:44:12.450  INFO 28613 --- [    Test worker] o.s.t.c.transaction.TransactionContext   : Rolled back transaction for test: [DefaultTestContext@314a2bee testClass = JavaMailSenderTest, testInstance = com.example.demo.service.JavaMailSenderTest@7388a3fc, testMethod = exceptionTest@JavaMailSenderTest, testException = [null], mergedContextConfiguration = [WebMergedContextConfiguration@16116d2d testClass = JavaMailSenderTest, locations = '{}', classes = '{class com.example.demo.TaskManagementAppApplication}', contextInitializerClasses = '[]', activeProfiles = '{}', propertySourceLocations = '{classpath:/test.properties}', propertySourceProperties = '{org.springframework.boot.test.context.SpringBootTestContextBootstrapper=true}', contextCustomizers = set[org.springframework.boot.test.autoconfigure.properties.PropertyMappingContextCustomizer@0, org.springframework.boot.test.autoconfigure.web.servlet.WebDriverContextCustomizerFactory$Customizer@34bd37c3, org.springframework.boot.test.context.filter.ExcludeFilterContextCustomizer@9a07746, org.springframework.boot.test.json.DuplicateJsonObjectContextCustomizerFactory$DuplicateJsonObjectContextCustomizer@4e6e1cec, org.springframework.boot.test.mock.mockito.MockitoContextCustomizer@0, org.springframework.boot.test.web.client.TestRestTemplateContextCustomizer@4f01b762], resourceBasePath = 'src/main/webapp', contextLoader = 'org.springframework.boot.test.context.SpringBootContextLoader', parent = [null]], attributes = map['org.springframework.test.context.web.ServletTestExecutionListener.activateListener' -> true, 'org.springframework.test.context.web.ServletTestExecutionListener.populatedRequestContextHolder' -> true, 'org.springframework.test.context.web.ServletTestExecutionListener.resetRequestContextHolder' -> true]]
2020-07-11 23:44:12.453  INFO 28613 --- [    Test worker] o.s.t.c.transaction.TransactionContext   : Began transaction (1) for test context [DefaultTestContext@314a2bee testClass = JavaMailSenderTest, testInstance = com.example.demo.service.JavaMailSenderTest@8cd4ace, testMethod = exvenTrue@JavaMailSenderTest, testException = [null], mergedContextConfiguration = [WebMergedContextConfiguration@16116d2d testClass = JavaMailSenderTest, locations = '{}', classes = '{class com.example.demo.TaskManagementAppApplication}', contextInitializerClasses = '[]', activeProfiles = '{}', propertySourceLocations = '{classpath:/test.properties}', propertySourceProperties = '{org.springframework.boot.test.context.SpringBootTestContextBootstrapper=true}', contextCustomizers = set[org.springframework.boot.test.autoconfigure.properties.PropertyMappingContextCustomizer@0, org.springframework.boot.test.autoconfigure.web.servlet.WebDriverContextCustomizerFactory$Customizer@34bd37c3, org.springframework.boot.test.context.filter.ExcludeFilterContextCustomizer@9a07746, org.springframework.boot.test.json.DuplicateJsonObjectContextCustomizerFactory$DuplicateJsonObjectContextCustomizer@4e6e1cec, org.springframework.boot.test.mock.mockito.MockitoContextCustomizer@0, org.springframework.boot.test.web.client.TestRestTemplateContextCustomizer@4f01b762], resourceBasePath = 'src/main/webapp', contextLoader = 'org.springframework.boot.test.context.SpringBootContextLoader', parent = [null]], attributes = map['org.springframework.test.context.web.ServletTestExecutionListener.activateListener' -> true, 'org.springframework.test.context.web.ServletTestExecutionListener.populatedRequestContextHolder' -> true, 'org.springframework.test.context.web.ServletTestExecutionListener.resetRequestContextHolder' -> true]]; transaction manager [org.springframework.jdbc.datasource.DataSourceTransactionManager@46e9acda]; rollback [true]
2020-07-11 23:44:12.456  INFO 28613 --- [    Test worker] o.s.t.c.transaction.TransactionContext   : Rolled back transaction for test: [DefaultTestContext@314a2bee testClass = JavaMailSenderTest, testInstance = com.example.demo.service.JavaMailSenderTest@8cd4ace, testMethod = exvenTrue@JavaMailSenderTest, testException = [null], mergedContextConfiguration = [WebMergedContextConfiguration@16116d2d testClass = JavaMailSenderTest, locations = '{}', classes = '{class com.example.demo.TaskManagementAppApplication}', contextInitializerClasses = '[]', activeProfiles = '{}', propertySourceLocations = '{classpath:/test.properties}', propertySourceProperties = '{org.springframework.boot.test.context.SpringBootTestContextBootstrapper=true}', contextCustomizers = set[org.springframework.boot.test.autoconfigure.properties.PropertyMappingContextCustomizer@0, org.springframework.boot.test.autoconfigure.web.servlet.WebDriverContextCustomizerFactory$Customizer@34bd37c3, org.springframework.boot.test.context.filter.ExcludeFilterContextCustomizer@9a07746, org.springframework.boot.test.json.DuplicateJsonObjectContextCustomizerFactory$DuplicateJsonObjectContextCustomizer@4e6e1cec, org.springframework.boot.test.mock.mockito.MockitoContextCustomizer@0, org.springframework.boot.test.web.client.TestRestTemplateContextCustomizer@4f01b762], resourceBasePath = 'src/main/webapp', contextLoader = 'org.springframework.boot.test.context.SpringBootContextLoader', parent = [null]], attributes = map['org.springframework.test.context.web.ServletTestExecutionListener.activateListener' -> true, 'org.springframework.test.context.web.ServletTestExecutionListener.populatedRequestContextHolder' -> true, 'org.springframework.test.context.web.ServletTestExecutionListener.resetRequestContextHolder' -> true]]
2020-07-11 23:44:12.458  INFO 28613 --- [    Test worker] o.s.t.c.transaction.TransactionContext   : Began transaction (1) for test context [DefaultTestContext@314a2bee testClass = JavaMailSenderTest, testInstance = com.example.demo.service.JavaMailSenderTest@feef717, testMethod = exvenTrue@JavaMailSenderTest, testException = [null], mergedContextConfiguration = [WebMergedContextConfiguration@16116d2d testClass = JavaMailSenderTest, locations = '{}', classes = '{class com.example.demo.TaskManagementAppApplication}', contextInitializerClasses = '[]', activeProfiles = '{}', propertySourceLocations = '{classpath:/test.properties}', propertySourceProperties = '{org.springframework.boot.test.context.SpringBootTestContextBootstrapper=true}', contextCustomizers = set[org.springframework.boot.test.autoconfigure.properties.PropertyMappingContextCustomizer@0, org.springframework.boot.test.autoconfigure.web.servlet.WebDriverContextCustomizerFactory$Customizer@34bd37c3, org.springframework.boot.test.context.filter.ExcludeFilterContextCustomizer@9a07746, org.springframework.boot.test.json.DuplicateJsonObjectContextCustomizerFactory$DuplicateJsonObjectContextCustomizer@4e6e1cec, org.springframework.boot.test.mock.mockito.MockitoContextCustomizer@0, org.springframework.boot.test.web.client.TestRestTemplateContextCustomizer@4f01b762], resourceBasePath = 'src/main/webapp', contextLoader = 'org.springframework.boot.test.context.SpringBootContextLoader', parent = [null]], attributes = map['org.springframework.test.context.web.ServletTestExecutionListener.activateListener' -> true, 'org.springframework.test.context.web.ServletTestExecutionListener.populatedRequestContextHolder' -> true, 'org.springframework.test.context.web.ServletTestExecutionListener.resetRequestContextHolder' -> true]]; transaction manager [org.springframework.jdbc.datasource.DataSourceTransactionManager@46e9acda]; rollback [true]
2020-07-11 23:44:12.462  INFO 28613 --- [    Test worker] o.s.t.c.transaction.TransactionContext   : Rolled back transaction for test: [DefaultTestContext@314a2bee testClass = JavaMailSenderTest, testInstance = com.example.demo.service.JavaMailSenderTest@feef717, testMethod = exvenTrue@JavaMailSenderTest, testException = [null], mergedContextConfiguration = [WebMergedContextConfiguration@16116d2d testClass = JavaMailSenderTest, locations = '{}', classes = '{class com.example.demo.TaskManagementAppApplication}', contextInitializerClasses = '[]', activeProfiles = '{}', propertySourceLocations = '{classpath:/test.properties}', propertySourceProperties = '{org.springframework.boot.test.context.SpringBootTestContextBootstrapper=true}', contextCustomizers = set[org.springframework.boot.test.autoconfigure.properties.PropertyMappingContextCustomizer@0, org.springframework.boot.test.autoconfigure.web.servlet.WebDriverContextCustomizerFactory$Customizer@34bd37c3, org.springframework.boot.test.context.filter.ExcludeFilterContextCustomizer@9a07746, org.springframework.boot.test.json.DuplicateJsonObjectContextCustomizerFactory$DuplicateJsonObjectContextCustomizer@4e6e1cec, org.springframework.boot.test.mock.mockito.MockitoContextCustomizer@0, org.springframework.boot.test.web.client.TestRestTemplateContextCustomizer@4f01b762], resourceBasePath = 'src/main/webapp', contextLoader = 'org.springframework.boot.test.context.SpringBootContextLoader', parent = [null]], attributes = map['org.springframework.test.context.web.ServletTestExecutionListener.activateListener' -> true, 'org.springframework.test.context.web.ServletTestExecutionListener.populatedRequestContextHolder' -> true, 'org.springframework.test.context.web.ServletTestExecutionListener.resetRequestContextHolder' -> true]]
2020-07-11 23:44:12.463  INFO 28613 --- [    Test worker] o.s.t.c.transaction.TransactionContext   : Began transaction (1) for test context [DefaultTestContext@314a2bee testClass = JavaMailSenderTest, testInstance = com.example.demo.service.JavaMailSenderTest@1ec9bc7d, testMethod = exvenTrue@JavaMailSenderTest, testException = [null], mergedContextConfiguration = [WebMergedContextConfiguration@16116d2d testClass = JavaMailSenderTest, locations = '{}', classes = '{class com.example.demo.TaskManagementAppApplication}', contextInitializerClasses = '[]', activeProfiles = '{}', propertySourceLocations = '{classpath:/test.properties}', propertySourceProperties = '{org.springframework.boot.test.context.SpringBootTestContextBootstrapper=true}', contextCustomizers = set[org.springframework.boot.test.autoconfigure.properties.PropertyMappingContextCustomizer@0, org.springframework.boot.test.autoconfigure.web.servlet.WebDriverContextCustomizerFactory$Customizer@34bd37c3, org.springframework.boot.test.context.filter.ExcludeFilterContextCustomizer@9a07746, org.springframework.boot.test.json.DuplicateJsonObjectContextCustomizerFactory$DuplicateJsonObjectContextCustomizer@4e6e1cec, org.springframework.boot.test.mock.mockito.MockitoContextCustomizer@0, org.springframework.boot.test.web.client.TestRestTemplateContextCustomizer@4f01b762], resourceBasePath = 'src/main/webapp', contextLoader = 'org.springframework.boot.test.context.SpringBootContextLoader', parent = [null]], attributes = map['org.springframework.test.context.web.ServletTestExecutionListener.activateListener' -> true, 'org.springframework.test.context.web.ServletTestExecutionListener.populatedRequestContextHolder' -> true, 'org.springframework.test.context.web.ServletTestExecutionListener.resetRequestContextHolder' -> true]]; transaction manager [org.springframework.jdbc.datasource.DataSourceTransactionManager@46e9acda]; rollback [true]
2020-07-11 23:44:12.467  INFO 28613 --- [    Test worker] o.s.t.c.transaction.TransactionContext   : Rolled back transaction for test: [DefaultTestContext@314a2bee testClass = JavaMailSenderTest, testInstance = com.example.demo.service.JavaMailSenderTest@1ec9bc7d, testMethod = exvenTrue@JavaMailSenderTest, testException = [null], mergedContextConfiguration = [WebMergedContextConfiguration@16116d2d testClass = JavaMailSenderTest, locations = '{}', classes = '{class com.example.demo.TaskManagementAppApplication}', contextInitializerClasses = '[]', activeProfiles = '{}', propertySourceLocations = '{classpath:/test.properties}', propertySourceProperties = '{org.springframework.boot.test.context.SpringBootTestContextBootstrapper=true}', contextCustomizers = set[org.springframework.boot.test.autoconfigure.properties.PropertyMappingContextCustomizer@0, org.springframework.boot.test.autoconfigure.web.servlet.WebDriverContextCustomizerFactory$Customizer@34bd37c3, org.springframework.boot.test.context.filter.ExcludeFilterContextCustomizer@9a07746, org.springframework.boot.test.json.DuplicateJsonObjectContextCustomizerFactory$DuplicateJsonObjectContextCustomizer@4e6e1cec, org.springframework.boot.test.mock.mockito.MockitoContextCustomizer@0, org.springframework.boot.test.web.client.TestRestTemplateContextCustomizer@4f01b762], resourceBasePath = 'src/main/webapp', contextLoader = 'org.springframework.boot.test.context.SpringBootContextLoader', parent = [null]], attributes = map['org.springframework.test.context.web.ServletTestExecutionListener.activateListener' -> true, 'org.springframework.test.context.web.ServletTestExecutionListener.populatedRequestContextHolder' -> true, 'org.springframework.test.context.web.ServletTestExecutionListener.resetRequestContextHolder' -> true]]
]]></system-out>
  <system-err><![CDATA[]]></system-err>
</testsuite>
