<?xml version="1.0" encoding="UTF-8"?>
<testsuite name="com.example.demo.controller.Task" tests="2" skipped="0" failures="0" errors="0" timestamp="2020-06-30T01:36:05" hostname="matsushitashunnoMacBook-Pro.local" time="0.527">
  <properties/>
  <testcase name="readReceivedTaskのget()" classname="com.example.demo.controller.Task" time="0.497"/>
  <testcase name="editのget()" classname="com.example.demo.controller.Task" time="0.029"/>
  <system-out><![CDATA[2020-06-30 10:36:05.390  INFO 1700 --- [    Test worker] .b.t.a.w.s.WebMvcTestContextBootstrapper : Neither @ContextConfiguration nor @ContextHierarchy found for test class [com.example.demo.controller.Task], using SpringBootContextLoader
2020-06-30 10:36:05.391  INFO 1700 --- [    Test worker] o.s.t.c.support.AbstractContextLoader    : Could not detect default resource locations for test class [com.example.demo.controller.Task]: no resource found for suffixes {-context.xml, Context.groovy}.
2020-06-30 10:36:05.391  INFO 1700 --- [    Test worker] t.c.s.AnnotationConfigContextLoaderUtils : Could not detect default configuration classes for test class [com.example.demo.controller.Task]: Task does not declare any static, non-private, non-final, nested classes annotated with @Configuration.
2020-06-30 10:36:05.394  INFO 1700 --- [    Test worker] .b.t.c.SpringBootTestContextBootstrapper : Found @SpringBootConfiguration com.example.demo.TaskManagementAppApplication for test class com.example.demo.controller.Task
2020-06-30 10:36:05.394  INFO 1700 --- [    Test worker] .b.t.a.w.s.WebMvcTestContextBootstrapper : Loaded default TestExecutionListener class names from location [META-INF/spring.factories]: [org.springframework.security.test.context.support.WithSecurityContextTestExecutionListener, org.springframework.security.test.context.support.ReactorContextTestExecutionListener, org.springframework.boot.test.autoconfigure.restdocs.RestDocsTestExecutionListener, org.springframework.boot.test.autoconfigure.web.client.MockRestServiceServerResetTestExecutionListener, org.springframework.boot.test.autoconfigure.web.servlet.MockMvcPrintOnlyOnFailureTestExecutionListener, org.springframework.boot.test.autoconfigure.web.servlet.WebDriverTestExecutionListener, org.springframework.boot.test.mock.mockito.MockitoTestExecutionListener, org.springframework.boot.test.mock.mockito.ResetMocksTestExecutionListener, org.springframework.test.context.web.ServletTestExecutionListener, org.springframework.test.context.support.DirtiesContextBeforeModesTestExecutionListener, org.springframework.test.context.support.DependencyInjectionTestExecutionListener, org.springframework.test.context.support.DirtiesContextTestExecutionListener, org.springframework.test.context.transaction.TransactionalTestExecutionListener, org.springframework.test.context.jdbc.SqlScriptsTestExecutionListener, org.springframework.test.context.event.EventPublishingTestExecutionListener]
2020-06-30 10:36:05.394  INFO 1700 --- [    Test worker] .b.t.a.w.s.WebMvcTestContextBootstrapper : Using TestExecutionListeners: [org.springframework.test.context.web.ServletTestExecutionListener@409d76c0, org.springframework.test.context.support.DirtiesContextBeforeModesTestExecutionListener@5aa7cade, org.springframework.boot.test.mock.mockito.MockitoTestExecutionListener@51102c6c, org.springframework.boot.test.autoconfigure.SpringBootDependencyInjectionTestExecutionListener@12b95ec, org.springframework.test.context.support.DirtiesContextTestExecutionListener@2a2bc87f, org.springframework.test.context.transaction.TransactionalTestExecutionListener@4ebe06de, org.springframework.test.context.jdbc.SqlScriptsTestExecutionListener@1e1d3029, org.springframework.security.test.context.support.WithSecurityContextTestExecutionListener@43c452f3, org.springframework.test.context.event.EventPublishingTestExecutionListener@37d812c4, org.springframework.security.test.context.support.ReactorContextTestExecutionListener@9ee7a17, org.springframework.boot.test.autoconfigure.restdocs.RestDocsTestExecutionListener@7e059f7b, org.springframework.boot.test.autoconfigure.web.client.MockRestServiceServerResetTestExecutionListener@1fb70982, org.springframework.boot.test.autoconfigure.web.servlet.MockMvcPrintOnlyOnFailureTestExecutionListener@688e6682, org.springframework.boot.test.autoconfigure.web.servlet.WebDriverTestExecutionListener@12ca8746, org.springframework.boot.test.mock.mockito.ResetMocksTestExecutionListener@40662c23]

  .   ____          _            __ _ _
 /\\ / ___'_ __ _ _(_)_ __  __ _ \ \ \ \
( ( )\___ | '_ | '_| | '_ \/ _` | \ \ \ \
 \\/  ___)| |_)| | | | | || (_| |  ) ) ) )
  '  |____| .__|_| |_|_| |_\__, | / / / /
 =========|_|==============|___/=/_/_/_/
 :: Spring Boot ::        (v2.2.6.RELEASE)

2020-06-30 10:36:05.443  INFO 1700 --- [    Test worker] com.example.demo.controller.Task         : Starting Task on matsushitashunnoMacBook-Pro.local with PID 1700 (started by matsushitashun in /Users/matsushitashun/git/TaskManagement/TaskManagementApp)
2020-06-30 10:36:05.443  INFO 1700 --- [    Test worker] com.example.demo.controller.Task         : No active profile set, falling back to default profiles: default
2020-06-30 10:36:05.658  INFO 1700 --- [    Test worker] o.s.s.concurrent.ThreadPoolTaskExecutor  : Initializing ExecutorService 'applicationTaskExecutor'
2020-06-30 10:36:05.676  INFO 1700 --- [    Test worker] o.s.b.a.w.s.WelcomePageHandlerMapping    : Adding welcome page template: index
2020-06-30 10:36:05.747  INFO 1700 --- [    Test worker] o.s.s.web.DefaultSecurityFilterChain     : Creating filter chain: Ant [pattern='/js/**'], []
2020-06-30 10:36:05.747  INFO 1700 --- [    Test worker] o.s.s.web.DefaultSecurityFilterChain     : Creating filter chain: Ant [pattern='/css/**'], []
2020-06-30 10:36:05.748  INFO 1700 --- [    Test worker] o.s.s.web.DefaultSecurityFilterChain     : Creating filter chain: Ant [pattern='/static/**'], []
2020-06-30 10:36:05.799  INFO 1700 --- [    Test worker] o.s.s.web.DefaultSecurityFilterChain     : Creating filter chain: any request, [org.springframework.security.web.context.request.async.WebAsyncManagerIntegrationFilter@6c5fb659, org.springframework.security.web.context.SecurityContextPersistenceFilter@75836662, org.springframework.security.web.header.HeaderWriterFilter@7c374296, org.springframework.security.web.csrf.CsrfFilter@3f7c235b, org.springframework.security.web.authentication.logout.LogoutFilter@47e9f94a, org.springframework.security.web.authentication.UsernamePasswordAuthenticationFilter@6f4884df, org.springframework.security.web.session.ConcurrentSessionFilter@4075a80f, org.springframework.security.web.savedrequest.RequestCacheAwareFilter@3366a9b6, org.springframework.security.web.servletapi.SecurityContextHolderAwareRequestFilter@446fc73a, org.springframework.security.web.authentication.rememberme.RememberMeAuthenticationFilter@91e4ec6, org.springframework.security.web.authentication.AnonymousAuthenticationFilter@4481db75, org.springframework.security.web.session.SessionManagementFilter@1ecd2676, org.springframework.security.web.access.ExceptionTranslationFilter@50ecb5e6, org.springframework.security.web.access.intercept.FilterSecurityInterceptor@34839eb1]
2020-06-30 10:36:05.810  INFO 1700 --- [    Test worker] o.s.b.t.m.w.SpringBootMockServletContext : Initializing Spring TestDispatcherServlet ''
2020-06-30 10:36:05.811  INFO 1700 --- [    Test worker] o.s.t.web.servlet.TestDispatcherServlet  : Initializing Servlet ''
2020-06-30 10:36:05.814  INFO 1700 --- [    Test worker] o.s.t.web.servlet.TestDispatcherServlet  : Completed initialization in 3 ms
2020-06-30 10:36:05.823  INFO 1700 --- [    Test worker] com.example.demo.controller.Task         : Started Task in 0.389 seconds (JVM running for 486.713)
]]></system-out>
  <system-err><![CDATA[]]></system-err>
</testsuite>
