<?xml version="1.0" encoding="UTF-8"?>
<testsuite name="com.example.demo.controller.SignupControllerTest" tests="3" skipped="0" failures="0" errors="0" timestamp="2020-06-24T12:37:42" hostname="matsushitashunnoMacBook-Pro.local" time="0.186">
  <properties/>
  <testcase name="signupにgetリクエスト()" classname="com.example.demo.controller.SignupControllerTest" time="0.062"/>
  <testcase name="signupにpostリクエスト()" classname="com.example.demo.controller.SignupControllerTest" time="0.097"/>
  <testcase name="signupにパラメータ付与せずにpostリクエスト()" classname="com.example.demo.controller.SignupControllerTest" time="0.024"/>
  <system-out><![CDATA[2020-06-24 21:37:35.806  INFO 87655 --- [    Test worker] .b.t.c.SpringBootTestContextBootstrapper : Neither @ContextConfiguration nor @ContextHierarchy found for test class [com.example.demo.controller.SignupControllerTest], using SpringBootContextLoader
2020-06-24 21:37:35.807  INFO 87655 --- [    Test worker] o.s.t.c.support.AbstractContextLoader    : Could not detect default resource locations for test class [com.example.demo.controller.SignupControllerTest]: no resource found for suffixes {-context.xml, Context.groovy}.
2020-06-24 21:37:35.807  INFO 87655 --- [    Test worker] t.c.s.AnnotationConfigContextLoaderUtils : Could not detect default configuration classes for test class [com.example.demo.controller.SignupControllerTest]: SignupControllerTest does not declare any static, non-private, non-final, nested classes annotated with @Configuration.
2020-06-24 21:37:35.810  INFO 87655 --- [    Test worker] .b.t.c.SpringBootTestContextBootstrapper : Found @SpringBootConfiguration com.example.demo.TaskManagementAppApplication for test class com.example.demo.controller.SignupControllerTest
2020-06-24 21:37:35.811  INFO 87655 --- [    Test worker] .b.t.c.SpringBootTestContextBootstrapper : Loaded default TestExecutionListener class names from location [META-INF/spring.factories]: [org.springframework.security.test.context.support.WithSecurityContextTestExecutionListener, org.springframework.security.test.context.support.ReactorContextTestExecutionListener, org.springframework.boot.test.autoconfigure.restdocs.RestDocsTestExecutionListener, org.springframework.boot.test.autoconfigure.web.client.MockRestServiceServerResetTestExecutionListener, org.springframework.boot.test.autoconfigure.web.servlet.MockMvcPrintOnlyOnFailureTestExecutionListener, org.springframework.boot.test.autoconfigure.web.servlet.WebDriverTestExecutionListener, org.springframework.boot.test.mock.mockito.MockitoTestExecutionListener, org.springframework.boot.test.mock.mockito.ResetMocksTestExecutionListener, org.springframework.test.context.web.ServletTestExecutionListener, org.springframework.test.context.support.DirtiesContextBeforeModesTestExecutionListener, org.springframework.test.context.support.DependencyInjectionTestExecutionListener, org.springframework.test.context.support.DirtiesContextTestExecutionListener, org.springframework.test.context.transaction.TransactionalTestExecutionListener, org.springframework.test.context.jdbc.SqlScriptsTestExecutionListener, org.springframework.test.context.event.EventPublishingTestExecutionListener]
2020-06-24 21:37:35.812  INFO 87655 --- [    Test worker] .b.t.c.SpringBootTestContextBootstrapper : Using TestExecutionListeners: [org.springframework.test.context.web.ServletTestExecutionListener@3157c82c, org.springframework.test.context.support.DirtiesContextBeforeModesTestExecutionListener@2b5a66fc, org.springframework.boot.test.mock.mockito.MockitoTestExecutionListener@6a474971, org.springframework.boot.test.autoconfigure.SpringBootDependencyInjectionTestExecutionListener@33e05fcd, org.springframework.test.context.support.DirtiesContextTestExecutionListener@3c79f735, org.springframework.test.context.transaction.TransactionalTestExecutionListener@446c1bc0, org.springframework.test.context.jdbc.SqlScriptsTestExecutionListener@1430defd, org.springframework.security.test.context.support.WithSecurityContextTestExecutionListener@259ff581, org.springframework.test.context.event.EventPublishingTestExecutionListener@56ac7e58, org.springframework.security.test.context.support.ReactorContextTestExecutionListener@723add56, org.springframework.boot.test.autoconfigure.restdocs.RestDocsTestExecutionListener@606f22da, org.springframework.boot.test.autoconfigure.web.client.MockRestServiceServerResetTestExecutionListener@3a06f0ab, org.springframework.boot.test.autoconfigure.web.servlet.MockMvcPrintOnlyOnFailureTestExecutionListener@f6d070d, org.springframework.boot.test.autoconfigure.web.servlet.WebDriverTestExecutionListener@2b19abdb, org.springframework.boot.test.mock.mockito.ResetMocksTestExecutionListener@32f92590]

  .   ____          _            __ _ _
 /\\ / ___'_ __ _ _(_)_ __  __ _ \ \ \ \
( ( )\___ | '_ | '_| | '_ \/ _` | \ \ \ \
 \\/  ___)| |_)| | | | | || (_| |  ) ) ) )
  '  |____| .__|_| |_|_| |_\__, | / / / /
 =========|_|==============|___/=/_/_/_/
 :: Spring Boot ::        (v2.2.6.RELEASE)

2020-06-24 21:37:40.839  INFO 87655 --- [    Test worker] c.e.d.controller.SignupControllerTest    : Starting SignupControllerTest on matsushitashunnoMacBook-Pro.local with PID 87655 (started by matsushitashun in /Users/matsushitashun/git/TaskManagement/TaskManagementApp)
2020-06-24 21:37:40.839  INFO 87655 --- [    Test worker] c.e.d.controller.SignupControllerTest    : No active profile set, falling back to default profiles: default
2020-06-24 21:37:41.126  INFO 87655 --- [    Test worker] com.zaxxer.hikari.HikariDataSource       : HikariPool-14 - Starting...
2020-06-24 21:37:41.142  INFO 87655 --- [    Test worker] com.zaxxer.hikari.HikariDataSource       : HikariPool-14 - Start completed.
2020-06-24 21:37:41.381  INFO 87655 --- [    Test worker] o.s.s.concurrent.ThreadPoolTaskExecutor  : Initializing ExecutorService 'taskExecutor'
2020-06-24 21:37:41.836  INFO 87655 --- [    Test worker] o.s.b.a.w.s.WelcomePageHandlerMapping    : Adding welcome page template: index
2020-06-24 21:37:42.127  INFO 87655 --- [    Test worker] o.s.s.web.DefaultSecurityFilterChain     : Creating filter chain: Ant [pattern='/js/**'], []
2020-06-24 21:37:42.127  INFO 87655 --- [    Test worker] o.s.s.web.DefaultSecurityFilterChain     : Creating filter chain: Ant [pattern='/css/**'], []
2020-06-24 21:37:42.127  INFO 87655 --- [    Test worker] o.s.s.web.DefaultSecurityFilterChain     : Creating filter chain: Ant [pattern='/static/**'], []
2020-06-24 21:37:42.213  INFO 87655 --- [    Test worker] o.s.s.web.DefaultSecurityFilterChain     : Creating filter chain: any request, [org.springframework.security.web.context.request.async.WebAsyncManagerIntegrationFilter@37df2f91, org.springframework.security.web.context.SecurityContextPersistenceFilter@58a47c17, org.springframework.security.web.header.HeaderWriterFilter@6b477f17, org.springframework.security.web.csrf.CsrfFilter@4f9fe519, org.springframework.security.web.authentication.logout.LogoutFilter@6ff048bd, org.springframework.security.web.authentication.UsernamePasswordAuthenticationFilter@3aeaf551, org.springframework.security.web.session.ConcurrentSessionFilter@593701a6, org.springframework.security.web.savedrequest.RequestCacheAwareFilter@574887c1, org.springframework.security.web.servletapi.SecurityContextHolderAwareRequestFilter@2526b4de, org.springframework.security.web.authentication.rememberme.RememberMeAuthenticationFilter@7b287aff, org.springframework.security.web.authentication.AnonymousAuthenticationFilter@88e63d5, org.springframework.security.web.session.SessionManagementFilter@2cf9832c, org.springframework.security.web.access.ExceptionTranslationFilter@30bdadb3, org.springframework.security.web.access.intercept.FilterSecurityInterceptor@5ae98787]
2020-06-24 21:37:42.362  INFO 87655 --- [    Test worker] o.s.b.t.m.w.SpringBootMockServletContext : Initializing Spring TestDispatcherServlet ''
2020-06-24 21:37:42.363  INFO 87655 --- [    Test worker] o.s.t.web.servlet.TestDispatcherServlet  : Initializing Servlet ''
2020-06-24 21:37:42.372  INFO 87655 --- [    Test worker] o.s.t.web.servlet.TestDispatcherServlet  : Completed initialization in 9 ms
2020-06-24 21:37:42.382  INFO 87655 --- [    Test worker] s.a.ScheduledAnnotationBeanPostProcessor : No TaskScheduler/ScheduledExecutorService bean found for scheduled processing
2020-06-24 21:37:42.395  INFO 87655 --- [    Test worker] c.e.d.controller.SignupControllerTest    : Started SignupControllerTest in 6.579 seconds (JVM running for 477.743)
2020-06-24 21:37:42.426  INFO 87655 --- [    Test worker] o.s.t.c.transaction.TransactionContext   : Began transaction (1) for test context [DefaultTestContext@73556c8b testClass = SignupControllerTest, testInstance = com.example.demo.controller.SignupControllerTest@3a9ad974, testMethod = signupにgetリクエスト@SignupControllerTest, testException = [null], mergedContextConfiguration = [WebMergedContextConfiguration@7da9c998 testClass = SignupControllerTest, locations = '{}', classes = '{class com.example.demo.TaskManagementAppApplication}', contextInitializerClasses = '[]', activeProfiles = '{}', propertySourceLocations = '{classpath:test.properties}', propertySourceProperties = '{org.springframework.boot.test.context.SpringBootTestContextBootstrapper=true}', contextCustomizers = set[org.springframework.boot.test.autoconfigure.properties.PropertyMappingContextCustomizer@ecc1a03d, org.springframework.boot.test.autoconfigure.web.servlet.WebDriverContextCustomizerFactory$Customizer@54903283, [ImportsContextCustomizer@26558d36 key = [org.springframework.boot.test.autoconfigure.jdbc.TestDatabaseAutoConfiguration, org.springframework.boot.autoconfigure.jdbc.DataSourceAutoConfiguration, org.springframework.boot.test.autoconfigure.web.servlet.MockMvcAutoConfiguration, org.springframework.boot.test.autoconfigure.web.servlet.MockMvcWebClientAutoConfiguration, org.springframework.boot.test.autoconfigure.web.servlet.MockMvcWebDriverAutoConfiguration, org.springframework.boot.autoconfigure.security.servlet.SecurityAutoConfiguration, org.springframework.boot.autoconfigure.security.servlet.UserDetailsServiceAutoConfiguration, org.springframework.boot.test.autoconfigure.web.servlet.MockMvcSecurityConfiguration]], org.springframework.boot.test.context.filter.ExcludeFilterContextCustomizer@14aaf162, org.springframework.boot.test.json.DuplicateJsonObjectContextCustomizerFactory$DuplicateJsonObjectContextCustomizer@6a1a169c, org.springframework.boot.test.mock.mockito.MockitoContextCustomizer@4d56ac44, org.springframework.boot.test.web.client.TestRestTemplateContextCustomizer@2890d2ee], resourceBasePath = 'src/main/webapp', contextLoader = 'org.springframework.boot.test.context.SpringBootContextLoader', parent = [null]], attributes = map['org.springframework.test.context.web.ServletTestExecutionListener.activateListener' -> true, 'org.springframework.test.context.web.ServletTestExecutionListener.populatedRequestContextHolder' -> true, 'org.springframework.test.context.web.ServletTestExecutionListener.resetRequestContextHolder' -> true]]; transaction manager [org.springframework.jdbc.datasource.DataSourceTransactionManager@645a9d3e]; rollback [true]
2020-06-24 21:37:42.448  INFO 87655 --- [    Test worker] o.s.mock.web.MockServletContext          : Initializing Spring TestDispatcherServlet ''
2020-06-24 21:37:42.449  INFO 87655 --- [    Test worker] o.s.t.web.servlet.TestDispatcherServlet  : Initializing Servlet ''
2020-06-24 21:37:42.449  INFO 87655 --- [    Test worker] o.s.t.web.servlet.TestDispatcherServlet  : Completed initialization in 0 ms
2020-06-24 21:37:42.486  INFO 87655 --- [    Test worker] o.s.t.c.transaction.TransactionContext   : Rolled back transaction for test: [DefaultTestContext@73556c8b testClass = SignupControllerTest, testInstance = com.example.demo.controller.SignupControllerTest@3a9ad974, testMethod = signupにgetリクエスト@SignupControllerTest, testException = [null], mergedContextConfiguration = [WebMergedContextConfiguration@7da9c998 testClass = SignupControllerTest, locations = '{}', classes = '{class com.example.demo.TaskManagementAppApplication}', contextInitializerClasses = '[]', activeProfiles = '{}', propertySourceLocations = '{classpath:test.properties}', propertySourceProperties = '{org.springframework.boot.test.context.SpringBootTestContextBootstrapper=true}', contextCustomizers = set[org.springframework.boot.test.autoconfigure.properties.PropertyMappingContextCustomizer@ecc1a03d, org.springframework.boot.test.autoconfigure.web.servlet.WebDriverContextCustomizerFactory$Customizer@54903283, [ImportsContextCustomizer@26558d36 key = [org.springframework.boot.test.autoconfigure.jdbc.TestDatabaseAutoConfiguration, org.springframework.boot.autoconfigure.jdbc.DataSourceAutoConfiguration, org.springframework.boot.test.autoconfigure.web.servlet.MockMvcAutoConfiguration, org.springframework.boot.test.autoconfigure.web.servlet.MockMvcWebClientAutoConfiguration, org.springframework.boot.test.autoconfigure.web.servlet.MockMvcWebDriverAutoConfiguration, org.springframework.boot.autoconfigure.security.servlet.SecurityAutoConfiguration, org.springframework.boot.autoconfigure.security.servlet.UserDetailsServiceAutoConfiguration, org.springframework.boot.test.autoconfigure.web.servlet.MockMvcSecurityConfiguration]], org.springframework.boot.test.context.filter.ExcludeFilterContextCustomizer@14aaf162, org.springframework.boot.test.json.DuplicateJsonObjectContextCustomizerFactory$DuplicateJsonObjectContextCustomizer@6a1a169c, org.springframework.boot.test.mock.mockito.MockitoContextCustomizer@4d56ac44, org.springframework.boot.test.web.client.TestRestTemplateContextCustomizer@2890d2ee], resourceBasePath = 'src/main/webapp', contextLoader = 'org.springframework.boot.test.context.SpringBootContextLoader', parent = [null]], attributes = map['org.springframework.test.context.web.ServletTestExecutionListener.activateListener' -> true, 'org.springframework.test.context.web.ServletTestExecutionListener.populatedRequestContextHolder' -> true, 'org.springframework.test.context.web.ServletTestExecutionListener.resetRequestContextHolder' -> true]]
2020-06-24 21:37:42.488  INFO 87655 --- [    Test worker] o.s.t.c.transaction.TransactionContext   : Began transaction (1) for test context [DefaultTestContext@73556c8b testClass = SignupControllerTest, testInstance = com.example.demo.controller.SignupControllerTest@43de3d0e, testMethod = signupにpostリクエスト@SignupControllerTest, testException = [null], mergedContextConfiguration = [WebMergedContextConfiguration@7da9c998 testClass = SignupControllerTest, locations = '{}', classes = '{class com.example.demo.TaskManagementAppApplication}', contextInitializerClasses = '[]', activeProfiles = '{}', propertySourceLocations = '{classpath:test.properties}', propertySourceProperties = '{org.springframework.boot.test.context.SpringBootTestContextBootstrapper=true}', contextCustomizers = set[org.springframework.boot.test.autoconfigure.properties.PropertyMappingContextCustomizer@ecc1a03d, org.springframework.boot.test.autoconfigure.web.servlet.WebDriverContextCustomizerFactory$Customizer@54903283, [ImportsContextCustomizer@26558d36 key = [org.springframework.boot.test.autoconfigure.jdbc.TestDatabaseAutoConfiguration, org.springframework.boot.autoconfigure.jdbc.DataSourceAutoConfiguration, org.springframework.boot.test.autoconfigure.web.servlet.MockMvcAutoConfiguration, org.springframework.boot.test.autoconfigure.web.servlet.MockMvcWebClientAutoConfiguration, org.springframework.boot.test.autoconfigure.web.servlet.MockMvcWebDriverAutoConfiguration, org.springframework.boot.autoconfigure.security.servlet.SecurityAutoConfiguration, org.springframework.boot.autoconfigure.security.servlet.UserDetailsServiceAutoConfiguration, org.springframework.boot.test.autoconfigure.web.servlet.MockMvcSecurityConfiguration]], org.springframework.boot.test.context.filter.ExcludeFilterContextCustomizer@14aaf162, org.springframework.boot.test.json.DuplicateJsonObjectContextCustomizerFactory$DuplicateJsonObjectContextCustomizer@6a1a169c, org.springframework.boot.test.mock.mockito.MockitoContextCustomizer@4d56ac44, org.springframework.boot.test.web.client.TestRestTemplateContextCustomizer@2890d2ee], resourceBasePath = 'src/main/webapp', contextLoader = 'org.springframework.boot.test.context.SpringBootContextLoader', parent = [null]], attributes = map['org.springframework.test.context.web.ServletTestExecutionListener.activateListener' -> true, 'org.springframework.test.context.web.ServletTestExecutionListener.populatedRequestContextHolder' -> true, 'org.springframework.test.context.web.ServletTestExecutionListener.resetRequestContextHolder' -> true]]; transaction manager [org.springframework.jdbc.datasource.DataSourceTransactionManager@645a9d3e]; rollback [true]
2020-06-24 21:37:42.499  INFO 87655 --- [    Test worker] o.s.mock.web.MockServletContext          : Initializing Spring TestDispatcherServlet ''
2020-06-24 21:37:42.499  INFO 87655 --- [    Test worker] o.s.t.web.servlet.TestDispatcherServlet  : Initializing Servlet ''
2020-06-24 21:37:42.500  INFO 87655 --- [    Test worker] o.s.t.web.servlet.TestDispatcherServlet  : Completed initialization in 1 ms
2020-06-24 21:37:42.585  INFO 87655 --- [    Test worker] o.s.t.c.transaction.TransactionContext   : Rolled back transaction for test: [DefaultTestContext@73556c8b testClass = SignupControllerTest, testInstance = com.example.demo.controller.SignupControllerTest@43de3d0e, testMethod = signupにpostリクエスト@SignupControllerTest, testException = [null], mergedContextConfiguration = [WebMergedContextConfiguration@7da9c998 testClass = SignupControllerTest, locations = '{}', classes = '{class com.example.demo.TaskManagementAppApplication}', contextInitializerClasses = '[]', activeProfiles = '{}', propertySourceLocations = '{classpath:test.properties}', propertySourceProperties = '{org.springframework.boot.test.context.SpringBootTestContextBootstrapper=true}', contextCustomizers = set[org.springframework.boot.test.autoconfigure.properties.PropertyMappingContextCustomizer@ecc1a03d, org.springframework.boot.test.autoconfigure.web.servlet.WebDriverContextCustomizerFactory$Customizer@54903283, [ImportsContextCustomizer@26558d36 key = [org.springframework.boot.test.autoconfigure.jdbc.TestDatabaseAutoConfiguration, org.springframework.boot.autoconfigure.jdbc.DataSourceAutoConfiguration, org.springframework.boot.test.autoconfigure.web.servlet.MockMvcAutoConfiguration, org.springframework.boot.test.autoconfigure.web.servlet.MockMvcWebClientAutoConfiguration, org.springframework.boot.test.autoconfigure.web.servlet.MockMvcWebDriverAutoConfiguration, org.springframework.boot.autoconfigure.security.servlet.SecurityAutoConfiguration, org.springframework.boot.autoconfigure.security.servlet.UserDetailsServiceAutoConfiguration, org.springframework.boot.test.autoconfigure.web.servlet.MockMvcSecurityConfiguration]], org.springframework.boot.test.context.filter.ExcludeFilterContextCustomizer@14aaf162, org.springframework.boot.test.json.DuplicateJsonObjectContextCustomizerFactory$DuplicateJsonObjectContextCustomizer@6a1a169c, org.springframework.boot.test.mock.mockito.MockitoContextCustomizer@4d56ac44, org.springframework.boot.test.web.client.TestRestTemplateContextCustomizer@2890d2ee], resourceBasePath = 'src/main/webapp', contextLoader = 'org.springframework.boot.test.context.SpringBootContextLoader', parent = [null]], attributes = map['org.springframework.test.context.web.ServletTestExecutionListener.activateListener' -> true, 'org.springframework.test.context.web.ServletTestExecutionListener.populatedRequestContextHolder' -> true, 'org.springframework.test.context.web.ServletTestExecutionListener.resetRequestContextHolder' -> true]]
2020-06-24 21:37:42.588  INFO 87655 --- [    Test worker] o.s.t.c.transaction.TransactionContext   : Began transaction (1) for test context [DefaultTestContext@73556c8b testClass = SignupControllerTest, testInstance = com.example.demo.controller.SignupControllerTest@37bf1d1f, testMethod = signupにパラメータ付与せずにpostリクエスト@SignupControllerTest, testException = [null], mergedContextConfiguration = [WebMergedContextConfiguration@7da9c998 testClass = SignupControllerTest, locations = '{}', classes = '{class com.example.demo.TaskManagementAppApplication}', contextInitializerClasses = '[]', activeProfiles = '{}', propertySourceLocations = '{classpath:test.properties}', propertySourceProperties = '{org.springframework.boot.test.context.SpringBootTestContextBootstrapper=true}', contextCustomizers = set[org.springframework.boot.test.autoconfigure.properties.PropertyMappingContextCustomizer@ecc1a03d, org.springframework.boot.test.autoconfigure.web.servlet.WebDriverContextCustomizerFactory$Customizer@54903283, [ImportsContextCustomizer@26558d36 key = [org.springframework.boot.test.autoconfigure.jdbc.TestDatabaseAutoConfiguration, org.springframework.boot.autoconfigure.jdbc.DataSourceAutoConfiguration, org.springframework.boot.test.autoconfigure.web.servlet.MockMvcAutoConfiguration, org.springframework.boot.test.autoconfigure.web.servlet.MockMvcWebClientAutoConfiguration, org.springframework.boot.test.autoconfigure.web.servlet.MockMvcWebDriverAutoConfiguration, org.springframework.boot.autoconfigure.security.servlet.SecurityAutoConfiguration, org.springframework.boot.autoconfigure.security.servlet.UserDetailsServiceAutoConfiguration, org.springframework.boot.test.autoconfigure.web.servlet.MockMvcSecurityConfiguration]], org.springframework.boot.test.context.filter.ExcludeFilterContextCustomizer@14aaf162, org.springframework.boot.test.json.DuplicateJsonObjectContextCustomizerFactory$DuplicateJsonObjectContextCustomizer@6a1a169c, org.springframework.boot.test.mock.mockito.MockitoContextCustomizer@4d56ac44, org.springframework.boot.test.web.client.TestRestTemplateContextCustomizer@2890d2ee], resourceBasePath = 'src/main/webapp', contextLoader = 'org.springframework.boot.test.context.SpringBootContextLoader', parent = [null]], attributes = map['org.springframework.test.context.web.ServletTestExecutionListener.activateListener' -> true, 'org.springframework.test.context.web.ServletTestExecutionListener.populatedRequestContextHolder' -> true, 'org.springframework.test.context.web.ServletTestExecutionListener.resetRequestContextHolder' -> true]]; transaction manager [org.springframework.jdbc.datasource.DataSourceTransactionManager@645a9d3e]; rollback [true]
2020-06-24 21:37:42.599  INFO 87655 --- [    Test worker] o.s.mock.web.MockServletContext          : Initializing Spring TestDispatcherServlet ''
2020-06-24 21:37:42.599  INFO 87655 --- [    Test worker] o.s.t.web.servlet.TestDispatcherServlet  : Initializing Servlet ''
2020-06-24 21:37:42.599  INFO 87655 --- [    Test worker] o.s.t.web.servlet.TestDispatcherServlet  : Completed initialization in 0 ms
2020-06-24 21:37:42.610  INFO 87655 --- [    Test worker] o.s.t.c.transaction.TransactionContext   : Rolled back transaction for test: [DefaultTestContext@73556c8b testClass = SignupControllerTest, testInstance = com.example.demo.controller.SignupControllerTest@37bf1d1f, testMethod = signupにパラメータ付与せずにpostリクエスト@SignupControllerTest, testException = [null], mergedContextConfiguration = [WebMergedContextConfiguration@7da9c998 testClass = SignupControllerTest, locations = '{}', classes = '{class com.example.demo.TaskManagementAppApplication}', contextInitializerClasses = '[]', activeProfiles = '{}', propertySourceLocations = '{classpath:test.properties}', propertySourceProperties = '{org.springframework.boot.test.context.SpringBootTestContextBootstrapper=true}', contextCustomizers = set[org.springframework.boot.test.autoconfigure.properties.PropertyMappingContextCustomizer@ecc1a03d, org.springframework.boot.test.autoconfigure.web.servlet.WebDriverContextCustomizerFactory$Customizer@54903283, [ImportsContextCustomizer@26558d36 key = [org.springframework.boot.test.autoconfigure.jdbc.TestDatabaseAutoConfiguration, org.springframework.boot.autoconfigure.jdbc.DataSourceAutoConfiguration, org.springframework.boot.test.autoconfigure.web.servlet.MockMvcAutoConfiguration, org.springframework.boot.test.autoconfigure.web.servlet.MockMvcWebClientAutoConfiguration, org.springframework.boot.test.autoconfigure.web.servlet.MockMvcWebDriverAutoConfiguration, org.springframework.boot.autoconfigure.security.servlet.SecurityAutoConfiguration, org.springframework.boot.autoconfigure.security.servlet.UserDetailsServiceAutoConfiguration, org.springframework.boot.test.autoconfigure.web.servlet.MockMvcSecurityConfiguration]], org.springframework.boot.test.context.filter.ExcludeFilterContextCustomizer@14aaf162, org.springframework.boot.test.json.DuplicateJsonObjectContextCustomizerFactory$DuplicateJsonObjectContextCustomizer@6a1a169c, org.springframework.boot.test.mock.mockito.MockitoContextCustomizer@4d56ac44, org.springframework.boot.test.web.client.TestRestTemplateContextCustomizer@2890d2ee], resourceBasePath = 'src/main/webapp', contextLoader = 'org.springframework.boot.test.context.SpringBootContextLoader', parent = [null]], attributes = map['org.springframework.test.context.web.ServletTestExecutionListener.activateListener' -> true, 'org.springframework.test.context.web.ServletTestExecutionListener.populatedRequestContextHolder' -> true, 'org.springframework.test.context.web.ServletTestExecutionListener.resetRequestContextHolder' -> true]]
]]></system-out>
  <system-err><![CDATA[]]></system-err>
</testsuite>
