<?xml version="1.0" encoding="UTF-8"?>
<testsuite name="com.example.demo.domain.TaskFormTest" tests="9" skipped="0" failures="0" errors="0" timestamp="2020-07-27T13:53:40" hostname="matsushitashunnoMacBook-Pro.local" time="0.055">
  <properties/>
  <testcase name="addresseeNameの文字超過(String)[1]" classname="com.example.demo.domain.TaskFormTest" time="0.023"/>
  <testcase name="titleの空文字(String)[1]" classname="com.example.demo.domain.TaskFormTest" time="0.003"/>
  <testcase name="titleの空文字(String)[2]" classname="com.example.demo.domain.TaskFormTest" time="0.002"/>
  <testcase name="addresseeNameのバリデーション通過(String)[1]" classname="com.example.demo.domain.TaskFormTest" time="0.002"/>
  <testcase name="titleのバリデーション通過(String)[1]" classname="com.example.demo.domain.TaskFormTest" time="0.002"/>
  <testcase name="titleのバリデーション通過(String)[2]" classname="com.example.demo.domain.TaskFormTest" time="0.002"/>
  <testcase name="addresseeNameに不正値を入力(String)[1]" classname="com.example.demo.domain.TaskFormTest" time="0.002"/>
  <testcase name="addresseeNameに不正値を入力(String)[2]" classname="com.example.demo.domain.TaskFormTest" time="0.003"/>
  <testcase name="titleの文字超過(String)[1]" classname="com.example.demo.domain.TaskFormTest" time="0.002"/>
  <system-out><![CDATA[2020-07-27 22:53:39.859  INFO 71156 --- [    Test worker] .b.t.c.SpringBootTestContextBootstrapper : Neither @ContextConfiguration nor @ContextHierarchy found for test class [com.example.demo.domain.TaskFormTest], using SpringBootContextLoader
2020-07-27 22:53:39.860  INFO 71156 --- [    Test worker] o.s.t.c.support.AbstractContextLoader    : Could not detect default resource locations for test class [com.example.demo.domain.TaskFormTest]: no resource found for suffixes {-context.xml, Context.groovy}.
2020-07-27 22:53:39.860  INFO 71156 --- [    Test worker] t.c.s.AnnotationConfigContextLoaderUtils : Could not detect default configuration classes for test class [com.example.demo.domain.TaskFormTest]: TaskFormTest does not declare any static, non-private, non-final, nested classes annotated with @Configuration.
2020-07-27 22:53:39.864  INFO 71156 --- [    Test worker] .b.t.c.SpringBootTestContextBootstrapper : Found @SpringBootConfiguration com.example.demo.TaskManagementAppApplication for test class com.example.demo.domain.TaskFormTest
2020-07-27 22:53:39.865  INFO 71156 --- [    Test worker] .b.t.c.SpringBootTestContextBootstrapper : Loaded default TestExecutionListener class names from location [META-INF/spring.factories]: [org.springframework.security.test.context.support.WithSecurityContextTestExecutionListener, org.springframework.security.test.context.support.ReactorContextTestExecutionListener, org.springframework.boot.test.autoconfigure.restdocs.RestDocsTestExecutionListener, org.springframework.boot.test.autoconfigure.web.client.MockRestServiceServerResetTestExecutionListener, org.springframework.boot.test.autoconfigure.web.servlet.MockMvcPrintOnlyOnFailureTestExecutionListener, org.springframework.boot.test.autoconfigure.web.servlet.WebDriverTestExecutionListener, org.springframework.boot.test.mock.mockito.MockitoTestExecutionListener, org.springframework.boot.test.mock.mockito.ResetMocksTestExecutionListener, org.springframework.test.context.web.ServletTestExecutionListener, org.springframework.test.context.support.DirtiesContextBeforeModesTestExecutionListener, org.springframework.test.context.support.DependencyInjectionTestExecutionListener, org.springframework.test.context.support.DirtiesContextTestExecutionListener, org.springframework.test.context.transaction.TransactionalTestExecutionListener, org.springframework.test.context.jdbc.SqlScriptsTestExecutionListener, org.springframework.test.context.event.EventPublishingTestExecutionListener]
2020-07-27 22:53:39.865  INFO 71156 --- [    Test worker] .b.t.c.SpringBootTestContextBootstrapper : Using TestExecutionListeners: [org.springframework.test.context.web.ServletTestExecutionListener@4e997022, org.springframework.test.context.support.DirtiesContextBeforeModesTestExecutionListener@c816a5c, org.springframework.boot.test.mock.mockito.MockitoTestExecutionListener@1f8f26c3, org.springframework.boot.test.autoconfigure.SpringBootDependencyInjectionTestExecutionListener@741e275f, org.springframework.test.context.support.DirtiesContextTestExecutionListener@7183519e, org.springframework.test.context.transaction.TransactionalTestExecutionListener@76d71678, org.springframework.test.context.jdbc.SqlScriptsTestExecutionListener@10889f5f, org.springframework.security.test.context.support.WithSecurityContextTestExecutionListener@152976ce, org.springframework.test.context.event.EventPublishingTestExecutionListener@7ecdda54, org.springframework.security.test.context.support.ReactorContextTestExecutionListener@30677723, org.springframework.boot.test.autoconfigure.restdocs.RestDocsTestExecutionListener@64c16417, org.springframework.boot.test.autoconfigure.web.client.MockRestServiceServerResetTestExecutionListener@3a00e147, org.springframework.boot.test.autoconfigure.web.servlet.MockMvcPrintOnlyOnFailureTestExecutionListener@2a8f9329, org.springframework.boot.test.autoconfigure.web.servlet.WebDriverTestExecutionListener@215a2734, org.springframework.boot.test.mock.mockito.ResetMocksTestExecutionListener@4e541ed4]

  .   ____          _            __ _ _
 /\\ / ___'_ __ _ _(_)_ __  __ _ \ \ \ \
( ( )\___ | '_ | '_| | '_ \/ _` | \ \ \ \
 \\/  ___)| |_)| | | | | || (_| |  ) ) ) )
  '  |____| .__|_| |_|_| |_\__, | / / / /
 =========|_|==============|___/=/_/_/_/
 :: Spring Boot ::        (v2.2.6.RELEASE)

2020-07-27 22:53:39.896  INFO 71156 --- [    Test worker] com.example.demo.domain.TaskFormTest     : Starting TaskFormTest on matsushitashunnoMacBook-Pro.local with PID 71156 (started by matsushitashun in /Users/matsushitashun/git/TaskManagement/TaskManagementApp)
2020-07-27 22:53:39.896  INFO 71156 --- [    Test worker] com.example.demo.domain.TaskFormTest     : No active profile set, falling back to default profiles: default
2020-07-27 22:53:40.130  INFO 71156 --- [    Test worker] com.zaxxer.hikari.HikariDataSource       : HikariPool-4 - Starting...
2020-07-27 22:53:40.131  INFO 71156 --- [    Test worker] com.zaxxer.hikari.HikariDataSource       : HikariPool-4 - Start completed.
2020-07-27 22:53:40.242  INFO 71156 --- [    Test worker] o.s.s.concurrent.ThreadPoolTaskExecutor  : Initializing ExecutorService 'taskExecutor'
2020-07-27 22:53:40.393  INFO 71156 --- [    Test worker] o.s.b.a.w.s.WelcomePageHandlerMapping    : Adding welcome page template: index
2020-07-27 22:53:40.528  INFO 71156 --- [    Test worker] o.s.s.web.DefaultSecurityFilterChain     : Creating filter chain: Ant [pattern='/js/**'], []
2020-07-27 22:53:40.528  INFO 71156 --- [    Test worker] o.s.s.web.DefaultSecurityFilterChain     : Creating filter chain: Ant [pattern='/css/**'], []
2020-07-27 22:53:40.528  INFO 71156 --- [    Test worker] o.s.s.web.DefaultSecurityFilterChain     : Creating filter chain: Ant [pattern='/static/**'], []
2020-07-27 22:53:40.586  INFO 71156 --- [    Test worker] o.s.s.web.DefaultSecurityFilterChain     : Creating filter chain: any request, [org.springframework.security.web.context.request.async.WebAsyncManagerIntegrationFilter@193bfe32, org.springframework.security.web.context.SecurityContextPersistenceFilter@6dee977f, org.springframework.security.web.header.HeaderWriterFilter@684fd2e, org.springframework.security.web.csrf.CsrfFilter@764f43a0, org.springframework.security.web.authentication.logout.LogoutFilter@296728a2, org.springframework.security.web.authentication.UsernamePasswordAuthenticationFilter@714b7575, org.springframework.security.web.session.ConcurrentSessionFilter@28ccbb54, org.springframework.security.web.savedrequest.RequestCacheAwareFilter@4ca26a61, org.springframework.security.web.servletapi.SecurityContextHolderAwareRequestFilter@7df01656, org.springframework.security.web.authentication.rememberme.RememberMeAuthenticationFilter@1d27cf6e, org.springframework.security.web.authentication.AnonymousAuthenticationFilter@2f873e89, org.springframework.security.web.session.SessionManagementFilter@2492ae25, org.springframework.security.web.access.ExceptionTranslationFilter@44902efc, org.springframework.security.web.access.intercept.FilterSecurityInterceptor@1184e1d5]
2020-07-27 22:53:40.654  INFO 71156 --- [    Test worker] s.a.ScheduledAnnotationBeanPostProcessor : No TaskScheduler/ScheduledExecutorService bean found for scheduled processing
2020-07-27 22:53:40.655  INFO 71156 --- [    Test worker] com.example.demo.domain.TaskFormTest     : Started TaskFormTest in 0.773 seconds (JVM running for 57.216)
]]></system-out>
  <system-err><![CDATA[]]></system-err>
</testsuite>
